<?xml version="1.0" encoding="UTF-8"?>
<!-- Generated by org.testng.reporters.JUnitReportReporter -->
<testsuite hostname="Techno-311" failures="0" tests="62" name="io.mosip.testscripts.SimplePostForAutoGenIdForUrlEncoded" time="2.694" errors="54" timestamp="10 Apr 2023 11:46:02 GMT" skipped="0">
  <testcase classname="io.mosip.testscripts.SimplePostForAutoGenIdForUrlEncoded" name="IDP_GenerateToken_vid_Missing_Grant_type_Neg" time="0.003">
    <error type="java.lang.NullPointerException">
      <![CDATA[java.lang.NullPointerException
	at java.base/java.lang.String.replace(String.java:2143)
	at io.mosip.admin.fw.util.AdminTestUtil.replaceIdWithAutogeneratedId(AdminTestUtil.java:2962)
	at io.mosip.admin.fw.util.AdminTestUtil.inputJsonKeyWordHandeler(AdminTestUtil.java:2422)
	at io.mosip.testscripts.SimplePostForAutoGenIdForUrlEncoded.test(SimplePostForAutoGenIdForUrlEncoded.java:91)
	at jdk.internal.reflect.GeneratedMethodAccessor225.invoke(Unknown Source)
	at java.base/jdk.internal.reflect.DelegatingMethodAccessorImpl.invoke(DelegatingMethodAccessorImpl.java:43)
	at java.base/java.lang.reflect.Method.invoke(Method.java:566)
	at org.testng.internal.MethodInvocationHelper.invokeMethod(MethodInvocationHelper.java:108)
	at org.testng.internal.Invoker.invokeMethod(Invoker.java:661)
	at org.testng.internal.Invoker.invokeTestMethod(Invoker.java:869)
	at org.testng.internal.Invoker.invokeTestMethods(Invoker.java:1193)
	at org.testng.internal.TestMethodWorker.invokeTestMethods(TestMethodWorker.java:126)
	at org.testng.internal.TestMethodWorker.run(TestMethodWorker.java:109)
	at org.testng.TestRunner.privateRun(TestRunner.java:744)
	at org.testng.TestRunner.run(TestRunner.java:602)
	at org.testng.SuiteRunner.runTest(SuiteRunner.java:380)
	at org.testng.SuiteRunner.runSequentially(SuiteRunner.java:375)
	at org.testng.SuiteRunner.privateRun(SuiteRunner.java:340)
	at org.testng.SuiteRunner.run(SuiteRunner.java:289)
	at org.testng.SuiteRunnerWorker.runSuite(SuiteRunnerWorker.java:52)
	at org.testng.SuiteRunnerWorker.run(SuiteRunnerWorker.java:86)
	at org.testng.TestNG.runSuitesSequentially(TestNG.java:1301)
	at org.testng.TestNG.runSuitesLocally(TestNG.java:1226)
	at org.testng.TestNG.runSuites(TestNG.java:1144)
	at org.testng.TestNG.run(TestNG.java:1115)
	at io.mosip.testrunner.MosipTestRunner.startTestRunner(MosipTestRunner.java:184)
	at io.mosip.testrunner.MosipTestRunner.main(MosipTestRunner.java:124)
]]>
    </error>
  </testcase> <!-- IDP_GenerateToken_vid_Missing_Grant_type_Neg -->
  <testcase classname="io.mosip.testscripts.SimplePostForAutoGenIdForUrlEncoded" name="IDP_GenerateToken_uin_Incorrect_ClientAssertionType_Neg" time="0.000">
    <error type="java.lang.NullPointerException">
      <![CDATA[java.lang.NullPointerException
	at java.base/java.lang.String.replace(String.java:2143)
	at io.mosip.admin.fw.util.AdminTestUtil.replaceIdWithAutogeneratedId(AdminTestUtil.java:2962)
	at io.mosip.admin.fw.util.AdminTestUtil.inputJsonKeyWordHandeler(AdminTestUtil.java:2422)
	at io.mosip.testscripts.SimplePostForAutoGenIdForUrlEncoded.test(SimplePostForAutoGenIdForUrlEncoded.java:91)
	at jdk.internal.reflect.GeneratedMethodAccessor225.invoke(Unknown Source)
	at java.base/jdk.internal.reflect.DelegatingMethodAccessorImpl.invoke(DelegatingMethodAccessorImpl.java:43)
	at java.base/java.lang.reflect.Method.invoke(Method.java:566)
	at org.testng.internal.MethodInvocationHelper.invokeMethod(MethodInvocationHelper.java:108)
	at org.testng.internal.Invoker.invokeMethod(Invoker.java:661)
	at org.testng.internal.Invoker.invokeTestMethod(Invoker.java:869)
	at org.testng.internal.Invoker.invokeTestMethods(Invoker.java:1193)
	at org.testng.internal.TestMethodWorker.invokeTestMethods(TestMethodWorker.java:126)
	at org.testng.internal.TestMethodWorker.run(TestMethodWorker.java:109)
	at org.testng.TestRunner.privateRun(TestRunner.java:744)
	at org.testng.TestRunner.run(TestRunner.java:602)
	at org.testng.SuiteRunner.runTest(SuiteRunner.java:380)
	at org.testng.SuiteRunner.runSequentially(SuiteRunner.java:375)
	at org.testng.SuiteRunner.privateRun(SuiteRunner.java:340)
	at org.testng.SuiteRunner.run(SuiteRunner.java:289)
	at org.testng.SuiteRunnerWorker.runSuite(SuiteRunnerWorker.java:52)
	at org.testng.SuiteRunnerWorker.run(SuiteRunnerWorker.java:86)
	at org.testng.TestNG.runSuitesSequentially(TestNG.java:1301)
	at org.testng.TestNG.runSuitesLocally(TestNG.java:1226)
	at org.testng.TestNG.runSuites(TestNG.java:1144)
	at org.testng.TestNG.run(TestNG.java:1115)
	at io.mosip.testrunner.MosipTestRunner.startTestRunner(MosipTestRunner.java:184)
	at io.mosip.testrunner.MosipTestRunner.main(MosipTestRunner.java:124)
]]>
    </error>
  </testcase> <!-- IDP_GenerateToken_uin_Incorrect_ClientAssertionType_Neg -->
  <testcase classname="io.mosip.testscripts.SimplePostForAutoGenIdForUrlEncoded" name="IDP_GenerateToken_vid_Invalid_Redirect_uri_Neg" time="0.004">
    <error type="java.lang.NullPointerException">
      <![CDATA[java.lang.NullPointerException
	at java.base/java.lang.String.replace(String.java:2143)
	at io.mosip.admin.fw.util.AdminTestUtil.replaceIdWithAutogeneratedId(AdminTestUtil.java:2962)
	at io.mosip.admin.fw.util.AdminTestUtil.inputJsonKeyWordHandeler(AdminTestUtil.java:2422)
	at io.mosip.testscripts.SimplePostForAutoGenIdForUrlEncoded.test(SimplePostForAutoGenIdForUrlEncoded.java:91)
	at jdk.internal.reflect.GeneratedMethodAccessor225.invoke(Unknown Source)
	at java.base/jdk.internal.reflect.DelegatingMethodAccessorImpl.invoke(DelegatingMethodAccessorImpl.java:43)
	at java.base/java.lang.reflect.Method.invoke(Method.java:566)
	at org.testng.internal.MethodInvocationHelper.invokeMethod(MethodInvocationHelper.java:108)
	at org.testng.internal.Invoker.invokeMethod(Invoker.java:661)
	at org.testng.internal.Invoker.invokeTestMethod(Invoker.java:869)
	at org.testng.internal.Invoker.invokeTestMethods(Invoker.java:1193)
	at org.testng.internal.TestMethodWorker.invokeTestMethods(TestMethodWorker.java:126)
	at org.testng.internal.TestMethodWorker.run(TestMethodWorker.java:109)
	at org.testng.TestRunner.privateRun(TestRunner.java:744)
	at org.testng.TestRunner.run(TestRunner.java:602)
	at org.testng.SuiteRunner.runTest(SuiteRunner.java:380)
	at org.testng.SuiteRunner.runSequentially(SuiteRunner.java:375)
	at org.testng.SuiteRunner.privateRun(SuiteRunner.java:340)
	at org.testng.SuiteRunner.run(SuiteRunner.java:289)
	at org.testng.SuiteRunnerWorker.runSuite(SuiteRunnerWorker.java:52)
	at org.testng.SuiteRunnerWorker.run(SuiteRunnerWorker.java:86)
	at org.testng.TestNG.runSuitesSequentially(TestNG.java:1301)
	at org.testng.TestNG.runSuitesLocally(TestNG.java:1226)
	at org.testng.TestNG.runSuites(TestNG.java:1144)
	at org.testng.TestNG.run(TestNG.java:1115)
	at io.mosip.testrunner.MosipTestRunner.startTestRunner(MosipTestRunner.java:184)
	at io.mosip.testrunner.MosipTestRunner.main(MosipTestRunner.java:124)
]]>
    </error>
  </testcase> <!-- IDP_GenerateToken_vid_Invalid_Redirect_uri_Neg -->
  <testcase classname="io.mosip.testscripts.SimplePostForAutoGenIdForUrlEncoded" name="IDP_GenerateToken_uin_Missing_Code_Neg" time="0.310"/>
  <testcase classname="io.mosip.testscripts.SimplePostForAutoGenIdForUrlEncoded" name="IDP_GenerateToken_uin_Invalid_ClientId_Neg" time="0.000">
    <error type="java.lang.NullPointerException">
      <![CDATA[java.lang.NullPointerException
	at java.base/java.lang.String.replace(String.java:2143)
	at io.mosip.admin.fw.util.AdminTestUtil.replaceIdWithAutogeneratedId(AdminTestUtil.java:2962)
	at io.mosip.admin.fw.util.AdminTestUtil.inputJsonKeyWordHandeler(AdminTestUtil.java:2422)
	at io.mosip.testscripts.SimplePostForAutoGenIdForUrlEncoded.test(SimplePostForAutoGenIdForUrlEncoded.java:91)
	at java.base/jdk.internal.reflect.NativeMethodAccessorImpl.invoke0(Native Method)
	at java.base/jdk.internal.reflect.NativeMethodAccessorImpl.invoke(NativeMethodAccessorImpl.java:62)
	at java.base/jdk.internal.reflect.DelegatingMethodAccessorImpl.invoke(DelegatingMethodAccessorImpl.java:43)
	at java.base/java.lang.reflect.Method.invoke(Method.java:566)
	at org.testng.internal.MethodInvocationHelper.invokeMethod(MethodInvocationHelper.java:108)
	at org.testng.internal.Invoker.invokeMethod(Invoker.java:661)
	at org.testng.internal.Invoker.invokeTestMethod(Invoker.java:869)
	at org.testng.internal.Invoker.invokeTestMethods(Invoker.java:1193)
	at org.testng.internal.TestMethodWorker.invokeTestMethods(TestMethodWorker.java:126)
	at org.testng.internal.TestMethodWorker.run(TestMethodWorker.java:109)
	at org.testng.TestRunner.privateRun(TestRunner.java:744)
	at org.testng.TestRunner.run(TestRunner.java:602)
	at org.testng.SuiteRunner.runTest(SuiteRunner.java:380)
	at org.testng.SuiteRunner.runSequentially(SuiteRunner.java:375)
	at org.testng.SuiteRunner.privateRun(SuiteRunner.java:340)
	at org.testng.SuiteRunner.run(SuiteRunner.java:289)
	at org.testng.SuiteRunnerWorker.runSuite(SuiteRunnerWorker.java:52)
	at org.testng.SuiteRunnerWorker.run(SuiteRunnerWorker.java:86)
	at org.testng.TestNG.runSuitesSequentially(TestNG.java:1301)
	at org.testng.TestNG.runSuitesLocally(TestNG.java:1226)
	at org.testng.TestNG.runSuites(TestNG.java:1144)
	at org.testng.TestNG.run(TestNG.java:1115)
	at io.mosip.testrunner.MosipTestRunner.startTestRunner(MosipTestRunner.java:184)
	at io.mosip.testrunner.MosipTestRunner.main(MosipTestRunner.java:124)
]]>
    </error>
  </testcase> <!-- IDP_GenerateToken_uin_Invalid_ClientId_Neg -->
  <testcase classname="io.mosip.testscripts.SimplePostForAutoGenIdForUrlEncoded" name="IDP_GenerateToken_vid_Invalid_ClientId_Neg" time="0.000">
    <error type="java.lang.NullPointerException">
      <![CDATA[java.lang.NullPointerException
	at java.base/java.lang.String.replace(String.java:2143)
	at io.mosip.admin.fw.util.AdminTestUtil.replaceIdWithAutogeneratedId(AdminTestUtil.java:2962)
	at io.mosip.admin.fw.util.AdminTestUtil.inputJsonKeyWordHandeler(AdminTestUtil.java:2422)
	at io.mosip.testscripts.SimplePostForAutoGenIdForUrlEncoded.test(SimplePostForAutoGenIdForUrlEncoded.java:91)
	at jdk.internal.reflect.GeneratedMethodAccessor225.invoke(Unknown Source)
	at java.base/jdk.internal.reflect.DelegatingMethodAccessorImpl.invoke(DelegatingMethodAccessorImpl.java:43)
	at java.base/java.lang.reflect.Method.invoke(Method.java:566)
	at org.testng.internal.MethodInvocationHelper.invokeMethod(MethodInvocationHelper.java:108)
	at org.testng.internal.Invoker.invokeMethod(Invoker.java:661)
	at org.testng.internal.Invoker.invokeTestMethod(Invoker.java:869)
	at org.testng.internal.Invoker.invokeTestMethods(Invoker.java:1193)
	at org.testng.internal.TestMethodWorker.invokeTestMethods(TestMethodWorker.java:126)
	at org.testng.internal.TestMethodWorker.run(TestMethodWorker.java:109)
	at org.testng.TestRunner.privateRun(TestRunner.java:744)
	at org.testng.TestRunner.run(TestRunner.java:602)
	at org.testng.SuiteRunner.runTest(SuiteRunner.java:380)
	at org.testng.SuiteRunner.runSequentially(SuiteRunner.java:375)
	at org.testng.SuiteRunner.privateRun(SuiteRunner.java:340)
	at org.testng.SuiteRunner.run(SuiteRunner.java:289)
	at org.testng.SuiteRunnerWorker.runSuite(SuiteRunnerWorker.java:52)
	at org.testng.SuiteRunnerWorker.run(SuiteRunnerWorker.java:86)
	at org.testng.TestNG.runSuitesSequentially(TestNG.java:1301)
	at org.testng.TestNG.runSuitesLocally(TestNG.java:1226)
	at org.testng.TestNG.runSuites(TestNG.java:1144)
	at org.testng.TestNG.run(TestNG.java:1115)
	at io.mosip.testrunner.MosipTestRunner.startTestRunner(MosipTestRunner.java:184)
	at io.mosip.testrunner.MosipTestRunner.main(MosipTestRunner.java:124)
]]>
    </error>
  </testcase> <!-- IDP_GenerateToken_vid_Invalid_ClientId_Neg -->
  <testcase classname="io.mosip.testscripts.SimplePostForAutoGenIdForUrlEncoded" name="IDP_GenerateToken_vid_Missing_ClientAssertionType_Neg" time="0.000">
    <error type="java.lang.NullPointerException">
      <![CDATA[java.lang.NullPointerException
	at java.base/java.lang.String.replace(String.java:2143)
	at io.mosip.admin.fw.util.AdminTestUtil.replaceIdWithAutogeneratedId(AdminTestUtil.java:2962)
	at io.mosip.admin.fw.util.AdminTestUtil.inputJsonKeyWordHandeler(AdminTestUtil.java:2422)
	at io.mosip.testscripts.SimplePostForAutoGenIdForUrlEncoded.test(SimplePostForAutoGenIdForUrlEncoded.java:91)
	at jdk.internal.reflect.GeneratedMethodAccessor225.invoke(Unknown Source)
	at java.base/jdk.internal.reflect.DelegatingMethodAccessorImpl.invoke(DelegatingMethodAccessorImpl.java:43)
	at java.base/java.lang.reflect.Method.invoke(Method.java:566)
	at org.testng.internal.MethodInvocationHelper.invokeMethod(MethodInvocationHelper.java:108)
	at org.testng.internal.Invoker.invokeMethod(Invoker.java:661)
	at org.testng.internal.Invoker.invokeTestMethod(Invoker.java:869)
	at org.testng.internal.Invoker.invokeTestMethods(Invoker.java:1193)
	at org.testng.internal.TestMethodWorker.invokeTestMethods(TestMethodWorker.java:126)
	at org.testng.internal.TestMethodWorker.run(TestMethodWorker.java:109)
	at org.testng.TestRunner.privateRun(TestRunner.java:744)
	at org.testng.TestRunner.run(TestRunner.java:602)
	at org.testng.SuiteRunner.runTest(SuiteRunner.java:380)
	at org.testng.SuiteRunner.runSequentially(SuiteRunner.java:375)
	at org.testng.SuiteRunner.privateRun(SuiteRunner.java:340)
	at org.testng.SuiteRunner.run(SuiteRunner.java:289)
	at org.testng.SuiteRunnerWorker.runSuite(SuiteRunnerWorker.java:52)
	at org.testng.SuiteRunnerWorker.run(SuiteRunnerWorker.java:86)
	at org.testng.TestNG.runSuitesSequentially(TestNG.java:1301)
	at org.testng.TestNG.runSuitesLocally(TestNG.java:1226)
	at org.testng.TestNG.runSuites(TestNG.java:1144)
	at org.testng.TestNG.run(TestNG.java:1115)
	at io.mosip.testrunner.MosipTestRunner.startTestRunner(MosipTestRunner.java:184)
	at io.mosip.testrunner.MosipTestRunner.main(MosipTestRunner.java:124)
]]>
    </error>
  </testcase> <!-- IDP_GenerateToken_vid_Missing_ClientAssertionType_Neg -->
  <testcase classname="io.mosip.testscripts.SimplePostForAutoGenIdForUrlEncoded" name="IDP_GenerateToken_uin_SpaceLast_Grant_type_Neg" time="0.015">
    <error type="java.lang.NullPointerException">
      <![CDATA[java.lang.NullPointerException
	at java.base/java.lang.String.replace(String.java:2143)
	at io.mosip.admin.fw.util.AdminTestUtil.replaceIdWithAutogeneratedId(AdminTestUtil.java:2962)
	at io.mosip.admin.fw.util.AdminTestUtil.inputJsonKeyWordHandeler(AdminTestUtil.java:2422)
	at io.mosip.testscripts.SimplePostForAutoGenIdForUrlEncoded.test(SimplePostForAutoGenIdForUrlEncoded.java:91)
	at java.base/jdk.internal.reflect.NativeMethodAccessorImpl.invoke0(Native Method)
	at java.base/jdk.internal.reflect.NativeMethodAccessorImpl.invoke(NativeMethodAccessorImpl.java:62)
	at java.base/jdk.internal.reflect.DelegatingMethodAccessorImpl.invoke(DelegatingMethodAccessorImpl.java:43)
	at java.base/java.lang.reflect.Method.invoke(Method.java:566)
	at org.testng.internal.MethodInvocationHelper.invokeMethod(MethodInvocationHelper.java:108)
	at org.testng.internal.Invoker.invokeMethod(Invoker.java:661)
	at org.testng.internal.Invoker.invokeTestMethod(Invoker.java:869)
	at org.testng.internal.Invoker.invokeTestMethods(Invoker.java:1193)
	at org.testng.internal.TestMethodWorker.invokeTestMethods(TestMethodWorker.java:126)
	at org.testng.internal.TestMethodWorker.run(TestMethodWorker.java:109)
	at org.testng.TestRunner.privateRun(TestRunner.java:744)
	at org.testng.TestRunner.run(TestRunner.java:602)
	at org.testng.SuiteRunner.runTest(SuiteRunner.java:380)
	at org.testng.SuiteRunner.runSequentially(SuiteRunner.java:375)
	at org.testng.SuiteRunner.privateRun(SuiteRunner.java:340)
	at org.testng.SuiteRunner.run(SuiteRunner.java:289)
	at org.testng.SuiteRunnerWorker.runSuite(SuiteRunnerWorker.java:52)
	at org.testng.SuiteRunnerWorker.run(SuiteRunnerWorker.java:86)
	at org.testng.TestNG.runSuitesSequentially(TestNG.java:1301)
	at org.testng.TestNG.runSuitesLocally(TestNG.java:1226)
	at org.testng.TestNG.runSuites(TestNG.java:1144)
	at org.testng.TestNG.run(TestNG.java:1115)
	at io.mosip.testrunner.MosipTestRunner.startTestRunner(MosipTestRunner.java:184)
	at io.mosip.testrunner.MosipTestRunner.main(MosipTestRunner.java:124)
]]>
    </error>
  </testcase> <!-- IDP_GenerateToken_uin_SpaceLast_Grant_type_Neg -->
  <testcase classname="io.mosip.testscripts.SimplePostForAutoGenIdForUrlEncoded" name="IDP_GenerateToken_vid_Invalid_Code_Neg" time="0.321"/>
  <testcase classname="io.mosip.testscripts.SimplePostForAutoGenIdForUrlEncoded" name="IDP_GenerateToken_uin_Valid_Smoke_sid" time="0.016">
    <error type="java.lang.NullPointerException">
      <![CDATA[java.lang.NullPointerException
	at java.base/java.lang.String.replace(String.java:2143)
	at io.mosip.admin.fw.util.AdminTestUtil.replaceIdWithAutogeneratedId(AdminTestUtil.java:2962)
	at io.mosip.admin.fw.util.AdminTestUtil.inputJsonKeyWordHandeler(AdminTestUtil.java:2422)
	at io.mosip.testscripts.SimplePostForAutoGenIdForUrlEncoded.test(SimplePostForAutoGenIdForUrlEncoded.java:91)
	at java.base/jdk.internal.reflect.NativeMethodAccessorImpl.invoke0(Native Method)
	at java.base/jdk.internal.reflect.NativeMethodAccessorImpl.invoke(NativeMethodAccessorImpl.java:62)
	at java.base/jdk.internal.reflect.DelegatingMethodAccessorImpl.invoke(DelegatingMethodAccessorImpl.java:43)
	at java.base/java.lang.reflect.Method.invoke(Method.java:566)
	at org.testng.internal.MethodInvocationHelper.invokeMethod(MethodInvocationHelper.java:108)
	at org.testng.internal.Invoker.invokeMethod(Invoker.java:661)
	at org.testng.internal.Invoker.invokeTestMethod(Invoker.java:869)
	at org.testng.internal.Invoker.invokeTestMethods(Invoker.java:1193)
	at org.testng.internal.TestMethodWorker.invokeTestMethods(TestMethodWorker.java:126)
	at org.testng.internal.TestMethodWorker.run(TestMethodWorker.java:109)
	at org.testng.TestRunner.privateRun(TestRunner.java:744)
	at org.testng.TestRunner.run(TestRunner.java:602)
	at org.testng.SuiteRunner.runTest(SuiteRunner.java:380)
	at org.testng.SuiteRunner.runSequentially(SuiteRunner.java:375)
	at org.testng.SuiteRunner.privateRun(SuiteRunner.java:340)
	at org.testng.SuiteRunner.run(SuiteRunner.java:289)
	at org.testng.SuiteRunnerWorker.runSuite(SuiteRunnerWorker.java:52)
	at org.testng.SuiteRunnerWorker.run(SuiteRunnerWorker.java:86)
	at org.testng.TestNG.runSuitesSequentially(TestNG.java:1301)
	at org.testng.TestNG.runSuitesLocally(TestNG.java:1226)
	at org.testng.TestNG.runSuites(TestNG.java:1144)
	at org.testng.TestNG.run(TestNG.java:1115)
	at io.mosip.testrunner.MosipTestRunner.startTestRunner(MosipTestRunner.java:184)
	at io.mosip.testrunner.MosipTestRunner.main(MosipTestRunner.java:124)
]]>
    </error>
  </testcase> <!-- IDP_GenerateToken_uin_Valid_Smoke_sid -->
  <testcase classname="io.mosip.testscripts.SimplePostForAutoGenIdForUrlEncoded" name="IDP_GenerateToken_vid_Missing_Code_Neg" time="0.299"/>
  <testcase classname="io.mosip.testscripts.SimplePostForAutoGenIdForUrlEncoded" name="IDP_GenerateToken_uin_Empty_Grant_type_Neg" time="0.000">
    <error type="java.lang.NullPointerException">
      <![CDATA[java.lang.NullPointerException
	at java.base/java.lang.String.replace(String.java:2143)
	at io.mosip.admin.fw.util.AdminTestUtil.replaceIdWithAutogeneratedId(AdminTestUtil.java:2962)
	at io.mosip.admin.fw.util.AdminTestUtil.inputJsonKeyWordHandeler(AdminTestUtil.java:2422)
	at io.mosip.testscripts.SimplePostForAutoGenIdForUrlEncoded.test(SimplePostForAutoGenIdForUrlEncoded.java:91)
	at java.base/jdk.internal.reflect.NativeMethodAccessorImpl.invoke0(Native Method)
	at java.base/jdk.internal.reflect.NativeMethodAccessorImpl.invoke(NativeMethodAccessorImpl.java:62)
	at java.base/jdk.internal.reflect.DelegatingMethodAccessorImpl.invoke(DelegatingMethodAccessorImpl.java:43)
	at java.base/java.lang.reflect.Method.invoke(Method.java:566)
	at org.testng.internal.MethodInvocationHelper.invokeMethod(MethodInvocationHelper.java:108)
	at org.testng.internal.Invoker.invokeMethod(Invoker.java:661)
	at org.testng.internal.Invoker.invokeTestMethod(Invoker.java:869)
	at org.testng.internal.Invoker.invokeTestMethods(Invoker.java:1193)
	at org.testng.internal.TestMethodWorker.invokeTestMethods(TestMethodWorker.java:126)
	at org.testng.internal.TestMethodWorker.run(TestMethodWorker.java:109)
	at org.testng.TestRunner.privateRun(TestRunner.java:744)
	at org.testng.TestRunner.run(TestRunner.java:602)
	at org.testng.SuiteRunner.runTest(SuiteRunner.java:380)
	at org.testng.SuiteRunner.runSequentially(SuiteRunner.java:375)
	at org.testng.SuiteRunner.privateRun(SuiteRunner.java:340)
	at org.testng.SuiteRunner.run(SuiteRunner.java:289)
	at org.testng.SuiteRunnerWorker.runSuite(SuiteRunnerWorker.java:52)
	at org.testng.SuiteRunnerWorker.run(SuiteRunnerWorker.java:86)
	at org.testng.TestNG.runSuitesSequentially(TestNG.java:1301)
	at org.testng.TestNG.runSuitesLocally(TestNG.java:1226)
	at org.testng.TestNG.runSuites(TestNG.java:1144)
	at org.testng.TestNG.run(TestNG.java:1115)
	at io.mosip.testrunner.MosipTestRunner.startTestRunner(MosipTestRunner.java:184)
	at io.mosip.testrunner.MosipTestRunner.main(MosipTestRunner.java:124)
]]>
    </error>
  </testcase> <!-- IDP_GenerateToken_uin_Empty_Grant_type_Neg -->
  <testcase classname="io.mosip.testscripts.SimplePostForAutoGenIdForUrlEncoded" name="IDP_GenerateToken_vid_Empty_Redirect_uri_Neg" time="0.010">
    <error type="java.lang.NullPointerException">
      <![CDATA[java.lang.NullPointerException
	at java.base/java.lang.String.replace(String.java:2143)
	at io.mosip.admin.fw.util.AdminTestUtil.replaceIdWithAutogeneratedId(AdminTestUtil.java:2962)
	at io.mosip.admin.fw.util.AdminTestUtil.inputJsonKeyWordHandeler(AdminTestUtil.java:2422)
	at io.mosip.testscripts.SimplePostForAutoGenIdForUrlEncoded.test(SimplePostForAutoGenIdForUrlEncoded.java:91)
	at jdk.internal.reflect.GeneratedMethodAccessor225.invoke(Unknown Source)
	at java.base/jdk.internal.reflect.DelegatingMethodAccessorImpl.invoke(DelegatingMethodAccessorImpl.java:43)
	at java.base/java.lang.reflect.Method.invoke(Method.java:566)
	at org.testng.internal.MethodInvocationHelper.invokeMethod(MethodInvocationHelper.java:108)
	at org.testng.internal.Invoker.invokeMethod(Invoker.java:661)
	at org.testng.internal.Invoker.invokeTestMethod(Invoker.java:869)
	at org.testng.internal.Invoker.invokeTestMethods(Invoker.java:1193)
	at org.testng.internal.TestMethodWorker.invokeTestMethods(TestMethodWorker.java:126)
	at org.testng.internal.TestMethodWorker.run(TestMethodWorker.java:109)
	at org.testng.TestRunner.privateRun(TestRunner.java:744)
	at org.testng.TestRunner.run(TestRunner.java:602)
	at org.testng.SuiteRunner.runTest(SuiteRunner.java:380)
	at org.testng.SuiteRunner.runSequentially(SuiteRunner.java:375)
	at org.testng.SuiteRunner.privateRun(SuiteRunner.java:340)
	at org.testng.SuiteRunner.run(SuiteRunner.java:289)
	at org.testng.SuiteRunnerWorker.runSuite(SuiteRunnerWorker.java:52)
	at org.testng.SuiteRunnerWorker.run(SuiteRunnerWorker.java:86)
	at org.testng.TestNG.runSuitesSequentially(TestNG.java:1301)
	at org.testng.TestNG.runSuitesLocally(TestNG.java:1226)
	at org.testng.TestNG.runSuites(TestNG.java:1144)
	at org.testng.TestNG.run(TestNG.java:1115)
	at io.mosip.testrunner.MosipTestRunner.startTestRunner(MosipTestRunner.java:184)
	at io.mosip.testrunner.MosipTestRunner.main(MosipTestRunner.java:124)
]]>
    </error>
  </testcase> <!-- IDP_GenerateToken_vid_Empty_Redirect_uri_Neg -->
  <testcase classname="io.mosip.testscripts.SimplePostForAutoGenIdForUrlEncoded" name="IDP_GenerateToken_vid_Invalid_ClientAssertion_Neg" time="0.000">
    <error type="java.lang.NullPointerException">
      <![CDATA[java.lang.NullPointerException
	at java.base/java.lang.String.replace(String.java:2143)
	at io.mosip.admin.fw.util.AdminTestUtil.replaceIdWithAutogeneratedId(AdminTestUtil.java:2962)
	at io.mosip.admin.fw.util.AdminTestUtil.inputJsonKeyWordHandeler(AdminTestUtil.java:2422)
	at io.mosip.testscripts.SimplePostForAutoGenIdForUrlEncoded.test(SimplePostForAutoGenIdForUrlEncoded.java:91)
	at jdk.internal.reflect.GeneratedMethodAccessor225.invoke(Unknown Source)
	at java.base/jdk.internal.reflect.DelegatingMethodAccessorImpl.invoke(DelegatingMethodAccessorImpl.java:43)
	at java.base/java.lang.reflect.Method.invoke(Method.java:566)
	at org.testng.internal.MethodInvocationHelper.invokeMethod(MethodInvocationHelper.java:108)
	at org.testng.internal.Invoker.invokeMethod(Invoker.java:661)
	at org.testng.internal.Invoker.invokeTestMethod(Invoker.java:869)
	at org.testng.internal.Invoker.invokeTestMethods(Invoker.java:1193)
	at org.testng.internal.TestMethodWorker.invokeTestMethods(TestMethodWorker.java:126)
	at org.testng.internal.TestMethodWorker.run(TestMethodWorker.java:109)
	at org.testng.TestRunner.privateRun(TestRunner.java:744)
	at org.testng.TestRunner.run(TestRunner.java:602)
	at org.testng.SuiteRunner.runTest(SuiteRunner.java:380)
	at org.testng.SuiteRunner.runSequentially(SuiteRunner.java:375)
	at org.testng.SuiteRunner.privateRun(SuiteRunner.java:340)
	at org.testng.SuiteRunner.run(SuiteRunner.java:289)
	at org.testng.SuiteRunnerWorker.runSuite(SuiteRunnerWorker.java:52)
	at org.testng.SuiteRunnerWorker.run(SuiteRunnerWorker.java:86)
	at org.testng.TestNG.runSuitesSequentially(TestNG.java:1301)
	at org.testng.TestNG.runSuitesLocally(TestNG.java:1226)
	at org.testng.TestNG.runSuites(TestNG.java:1144)
	at org.testng.TestNG.run(TestNG.java:1115)
	at io.mosip.testrunner.MosipTestRunner.startTestRunner(MosipTestRunner.java:184)
	at io.mosip.testrunner.MosipTestRunner.main(MosipTestRunner.java:124)
]]>
    </error>
  </testcase> <!-- IDP_GenerateToken_vid_Invalid_ClientAssertion_Neg -->
  <testcase classname="io.mosip.testscripts.SimplePostForAutoGenIdForUrlEncoded" name="IDP_GenerateToken_uin_Missing_Redirect_uri_Neg" time="0.000">
    <error type="java.lang.NullPointerException">
      <![CDATA[java.lang.NullPointerException
	at java.base/java.lang.String.replace(String.java:2143)
	at io.mosip.admin.fw.util.AdminTestUtil.replaceIdWithAutogeneratedId(AdminTestUtil.java:2962)
	at io.mosip.admin.fw.util.AdminTestUtil.inputJsonKeyWordHandeler(AdminTestUtil.java:2422)
	at io.mosip.testscripts.SimplePostForAutoGenIdForUrlEncoded.test(SimplePostForAutoGenIdForUrlEncoded.java:91)
	at jdk.internal.reflect.GeneratedMethodAccessor225.invoke(Unknown Source)
	at java.base/jdk.internal.reflect.DelegatingMethodAccessorImpl.invoke(DelegatingMethodAccessorImpl.java:43)
	at java.base/java.lang.reflect.Method.invoke(Method.java:566)
	at org.testng.internal.MethodInvocationHelper.invokeMethod(MethodInvocationHelper.java:108)
	at org.testng.internal.Invoker.invokeMethod(Invoker.java:661)
	at org.testng.internal.Invoker.invokeTestMethod(Invoker.java:869)
	at org.testng.internal.Invoker.invokeTestMethods(Invoker.java:1193)
	at org.testng.internal.TestMethodWorker.invokeTestMethods(TestMethodWorker.java:126)
	at org.testng.internal.TestMethodWorker.run(TestMethodWorker.java:109)
	at org.testng.TestRunner.privateRun(TestRunner.java:744)
	at org.testng.TestRunner.run(TestRunner.java:602)
	at org.testng.SuiteRunner.runTest(SuiteRunner.java:380)
	at org.testng.SuiteRunner.runSequentially(SuiteRunner.java:375)
	at org.testng.SuiteRunner.privateRun(SuiteRunner.java:340)
	at org.testng.SuiteRunner.run(SuiteRunner.java:289)
	at org.testng.SuiteRunnerWorker.runSuite(SuiteRunnerWorker.java:52)
	at org.testng.SuiteRunnerWorker.run(SuiteRunnerWorker.java:86)
	at org.testng.TestNG.runSuitesSequentially(TestNG.java:1301)
	at org.testng.TestNG.runSuitesLocally(TestNG.java:1226)
	at org.testng.TestNG.runSuites(TestNG.java:1144)
	at org.testng.TestNG.run(TestNG.java:1115)
	at io.mosip.testrunner.MosipTestRunner.startTestRunner(MosipTestRunner.java:184)
	at io.mosip.testrunner.MosipTestRunner.main(MosipTestRunner.java:124)
]]>
    </error>
  </testcase> <!-- IDP_GenerateToken_uin_Missing_Redirect_uri_Neg -->
  <testcase classname="io.mosip.testscripts.SimplePostForAutoGenIdForUrlEncoded" name="IDP_GenerateToken_vid_Empty_Grant_type_Neg" time="0.003">
    <error type="java.lang.NullPointerException">
      <![CDATA[java.lang.NullPointerException
	at java.base/java.lang.String.replace(String.java:2143)
	at io.mosip.admin.fw.util.AdminTestUtil.replaceIdWithAutogeneratedId(AdminTestUtil.java:2962)
	at io.mosip.admin.fw.util.AdminTestUtil.inputJsonKeyWordHandeler(AdminTestUtil.java:2422)
	at io.mosip.testscripts.SimplePostForAutoGenIdForUrlEncoded.test(SimplePostForAutoGenIdForUrlEncoded.java:91)
	at jdk.internal.reflect.GeneratedMethodAccessor225.invoke(Unknown Source)
	at java.base/jdk.internal.reflect.DelegatingMethodAccessorImpl.invoke(DelegatingMethodAccessorImpl.java:43)
	at java.base/java.lang.reflect.Method.invoke(Method.java:566)
	at org.testng.internal.MethodInvocationHelper.invokeMethod(MethodInvocationHelper.java:108)
	at org.testng.internal.Invoker.invokeMethod(Invoker.java:661)
	at org.testng.internal.Invoker.invokeTestMethod(Invoker.java:869)
	at org.testng.internal.Invoker.invokeTestMethods(Invoker.java:1193)
	at org.testng.internal.TestMethodWorker.invokeTestMethods(TestMethodWorker.java:126)
	at org.testng.internal.TestMethodWorker.run(TestMethodWorker.java:109)
	at org.testng.TestRunner.privateRun(TestRunner.java:744)
	at org.testng.TestRunner.run(TestRunner.java:602)
	at org.testng.SuiteRunner.runTest(SuiteRunner.java:380)
	at org.testng.SuiteRunner.runSequentially(SuiteRunner.java:375)
	at org.testng.SuiteRunner.privateRun(SuiteRunner.java:340)
	at org.testng.SuiteRunner.run(SuiteRunner.java:289)
	at org.testng.SuiteRunnerWorker.runSuite(SuiteRunnerWorker.java:52)
	at org.testng.SuiteRunnerWorker.run(SuiteRunnerWorker.java:86)
	at org.testng.TestNG.runSuitesSequentially(TestNG.java:1301)
	at org.testng.TestNG.runSuitesLocally(TestNG.java:1226)
	at org.testng.TestNG.runSuites(TestNG.java:1144)
	at org.testng.TestNG.run(TestNG.java:1115)
	at io.mosip.testrunner.MosipTestRunner.startTestRunner(MosipTestRunner.java:184)
	at io.mosip.testrunner.MosipTestRunner.main(MosipTestRunner.java:124)
]]>
    </error>
  </testcase> <!-- IDP_GenerateToken_vid_Empty_Grant_type_Neg -->
  <testcase classname="io.mosip.testscripts.SimplePostForAutoGenIdForUrlEncoded" name="IDP_GenerateToken_uin_SpaceLast_ClientAssertionType_Neg" time="0.000">
    <error type="java.lang.NullPointerException">
      <![CDATA[java.lang.NullPointerException
	at java.base/java.lang.String.replace(String.java:2143)
	at io.mosip.admin.fw.util.AdminTestUtil.replaceIdWithAutogeneratedId(AdminTestUtil.java:2962)
	at io.mosip.admin.fw.util.AdminTestUtil.inputJsonKeyWordHandeler(AdminTestUtil.java:2422)
	at io.mosip.testscripts.SimplePostForAutoGenIdForUrlEncoded.test(SimplePostForAutoGenIdForUrlEncoded.java:91)
	at jdk.internal.reflect.GeneratedMethodAccessor225.invoke(Unknown Source)
	at java.base/jdk.internal.reflect.DelegatingMethodAccessorImpl.invoke(DelegatingMethodAccessorImpl.java:43)
	at java.base/java.lang.reflect.Method.invoke(Method.java:566)
	at org.testng.internal.MethodInvocationHelper.invokeMethod(MethodInvocationHelper.java:108)
	at org.testng.internal.Invoker.invokeMethod(Invoker.java:661)
	at org.testng.internal.Invoker.invokeTestMethod(Invoker.java:869)
	at org.testng.internal.Invoker.invokeTestMethods(Invoker.java:1193)
	at org.testng.internal.TestMethodWorker.invokeTestMethods(TestMethodWorker.java:126)
	at org.testng.internal.TestMethodWorker.run(TestMethodWorker.java:109)
	at org.testng.TestRunner.privateRun(TestRunner.java:744)
	at org.testng.TestRunner.run(TestRunner.java:602)
	at org.testng.SuiteRunner.runTest(SuiteRunner.java:380)
	at org.testng.SuiteRunner.runSequentially(SuiteRunner.java:375)
	at org.testng.SuiteRunner.privateRun(SuiteRunner.java:340)
	at org.testng.SuiteRunner.run(SuiteRunner.java:289)
	at org.testng.SuiteRunnerWorker.runSuite(SuiteRunnerWorker.java:52)
	at org.testng.SuiteRunnerWorker.run(SuiteRunnerWorker.java:86)
	at org.testng.TestNG.runSuitesSequentially(TestNG.java:1301)
	at org.testng.TestNG.runSuitesLocally(TestNG.java:1226)
	at org.testng.TestNG.runSuites(TestNG.java:1144)
	at org.testng.TestNG.run(TestNG.java:1115)
	at io.mosip.testrunner.MosipTestRunner.startTestRunner(MosipTestRunner.java:184)
	at io.mosip.testrunner.MosipTestRunner.main(MosipTestRunner.java:124)
]]>
    </error>
  </testcase> <!-- IDP_GenerateToken_uin_SpaceLast_ClientAssertionType_Neg -->
  <testcase classname="io.mosip.testscripts.SimplePostForAutoGenIdForUrlEncoded" name="IDP_GenerateToken_vid_Valid_Smoke_sid" time="0.000">
    <error type="java.lang.NullPointerException">
      <![CDATA[java.lang.NullPointerException
	at java.base/java.lang.String.replace(String.java:2143)
	at io.mosip.admin.fw.util.AdminTestUtil.replaceIdWithAutogeneratedId(AdminTestUtil.java:2962)
	at io.mosip.admin.fw.util.AdminTestUtil.inputJsonKeyWordHandeler(AdminTestUtil.java:2422)
	at io.mosip.testscripts.SimplePostForAutoGenIdForUrlEncoded.test(SimplePostForAutoGenIdForUrlEncoded.java:91)
	at jdk.internal.reflect.GeneratedMethodAccessor225.invoke(Unknown Source)
	at java.base/jdk.internal.reflect.DelegatingMethodAccessorImpl.invoke(DelegatingMethodAccessorImpl.java:43)
	at java.base/java.lang.reflect.Method.invoke(Method.java:566)
	at org.testng.internal.MethodInvocationHelper.invokeMethod(MethodInvocationHelper.java:108)
	at org.testng.internal.Invoker.invokeMethod(Invoker.java:661)
	at org.testng.internal.Invoker.invokeTestMethod(Invoker.java:869)
	at org.testng.internal.Invoker.invokeTestMethods(Invoker.java:1193)
	at org.testng.internal.TestMethodWorker.invokeTestMethods(TestMethodWorker.java:126)
	at org.testng.internal.TestMethodWorker.run(TestMethodWorker.java:109)
	at org.testng.TestRunner.privateRun(TestRunner.java:744)
	at org.testng.TestRunner.run(TestRunner.java:602)
	at org.testng.SuiteRunner.runTest(SuiteRunner.java:380)
	at org.testng.SuiteRunner.runSequentially(SuiteRunner.java:375)
	at org.testng.SuiteRunner.privateRun(SuiteRunner.java:340)
	at org.testng.SuiteRunner.run(SuiteRunner.java:289)
	at org.testng.SuiteRunnerWorker.runSuite(SuiteRunnerWorker.java:52)
	at org.testng.SuiteRunnerWorker.run(SuiteRunnerWorker.java:86)
	at org.testng.TestNG.runSuitesSequentially(TestNG.java:1301)
	at org.testng.TestNG.runSuitesLocally(TestNG.java:1226)
	at org.testng.TestNG.runSuites(TestNG.java:1144)
	at org.testng.TestNG.run(TestNG.java:1115)
	at io.mosip.testrunner.MosipTestRunner.startTestRunner(MosipTestRunner.java:184)
	at io.mosip.testrunner.MosipTestRunner.main(MosipTestRunner.java:124)
]]>
    </error>
  </testcase> <!-- IDP_GenerateToken_vid_Valid_Smoke_sid -->
  <testcase classname="io.mosip.testscripts.SimplePostForAutoGenIdForUrlEncoded" name="IDP_GenerateToken_vid_Empty_ClientAssertionType_Neg" time="0.013">
    <error type="java.lang.NullPointerException">
      <![CDATA[java.lang.NullPointerException
	at java.base/java.lang.String.replace(String.java:2143)
	at io.mosip.admin.fw.util.AdminTestUtil.replaceIdWithAutogeneratedId(AdminTestUtil.java:2962)
	at io.mosip.admin.fw.util.AdminTestUtil.inputJsonKeyWordHandeler(AdminTestUtil.java:2422)
	at io.mosip.testscripts.SimplePostForAutoGenIdForUrlEncoded.test(SimplePostForAutoGenIdForUrlEncoded.java:91)
	at jdk.internal.reflect.GeneratedMethodAccessor225.invoke(Unknown Source)
	at java.base/jdk.internal.reflect.DelegatingMethodAccessorImpl.invoke(DelegatingMethodAccessorImpl.java:43)
	at java.base/java.lang.reflect.Method.invoke(Method.java:566)
	at org.testng.internal.MethodInvocationHelper.invokeMethod(MethodInvocationHelper.java:108)
	at org.testng.internal.Invoker.invokeMethod(Invoker.java:661)
	at org.testng.internal.Invoker.invokeTestMethod(Invoker.java:869)
	at org.testng.internal.Invoker.invokeTestMethods(Invoker.java:1193)
	at org.testng.internal.TestMethodWorker.invokeTestMethods(TestMethodWorker.java:126)
	at org.testng.internal.TestMethodWorker.run(TestMethodWorker.java:109)
	at org.testng.TestRunner.privateRun(TestRunner.java:744)
	at org.testng.TestRunner.run(TestRunner.java:602)
	at org.testng.SuiteRunner.runTest(SuiteRunner.java:380)
	at org.testng.SuiteRunner.runSequentially(SuiteRunner.java:375)
	at org.testng.SuiteRunner.privateRun(SuiteRunner.java:340)
	at org.testng.SuiteRunner.run(SuiteRunner.java:289)
	at org.testng.SuiteRunnerWorker.runSuite(SuiteRunnerWorker.java:52)
	at org.testng.SuiteRunnerWorker.run(SuiteRunnerWorker.java:86)
	at org.testng.TestNG.runSuitesSequentially(TestNG.java:1301)
	at org.testng.TestNG.runSuitesLocally(TestNG.java:1226)
	at org.testng.TestNG.runSuites(TestNG.java:1144)
	at org.testng.TestNG.run(TestNG.java:1115)
	at io.mosip.testrunner.MosipTestRunner.startTestRunner(MosipTestRunner.java:184)
	at io.mosip.testrunner.MosipTestRunner.main(MosipTestRunner.java:124)
]]>
    </error>
  </testcase> <!-- IDP_GenerateToken_vid_Empty_ClientAssertionType_Neg -->
  <testcase classname="io.mosip.testscripts.SimplePostForAutoGenIdForUrlEncoded" name="IDP_GenerateToken_vid_Empty_Code_Neg" time="0.282"/>
  <testcase classname="io.mosip.testscripts.SimplePostForAutoGenIdForUrlEncoded" name="IDP_GenerateToken_uin_Null_Grant_type_Neg" time="0.000">
    <error type="java.lang.NullPointerException">
      <![CDATA[java.lang.NullPointerException
	at java.base/java.lang.String.replace(String.java:2143)
	at io.mosip.admin.fw.util.AdminTestUtil.replaceIdWithAutogeneratedId(AdminTestUtil.java:2962)
	at io.mosip.admin.fw.util.AdminTestUtil.inputJsonKeyWordHandeler(AdminTestUtil.java:2422)
	at io.mosip.testscripts.SimplePostForAutoGenIdForUrlEncoded.test(SimplePostForAutoGenIdForUrlEncoded.java:91)
	at java.base/jdk.internal.reflect.NativeMethodAccessorImpl.invoke0(Native Method)
	at java.base/jdk.internal.reflect.NativeMethodAccessorImpl.invoke(NativeMethodAccessorImpl.java:62)
	at java.base/jdk.internal.reflect.DelegatingMethodAccessorImpl.invoke(DelegatingMethodAccessorImpl.java:43)
	at java.base/java.lang.reflect.Method.invoke(Method.java:566)
	at org.testng.internal.MethodInvocationHelper.invokeMethod(MethodInvocationHelper.java:108)
	at org.testng.internal.Invoker.invokeMethod(Invoker.java:661)
	at org.testng.internal.Invoker.invokeTestMethod(Invoker.java:869)
	at org.testng.internal.Invoker.invokeTestMethods(Invoker.java:1193)
	at org.testng.internal.TestMethodWorker.invokeTestMethods(TestMethodWorker.java:126)
	at org.testng.internal.TestMethodWorker.run(TestMethodWorker.java:109)
	at org.testng.TestRunner.privateRun(TestRunner.java:744)
	at org.testng.TestRunner.run(TestRunner.java:602)
	at org.testng.SuiteRunner.runTest(SuiteRunner.java:380)
	at org.testng.SuiteRunner.runSequentially(SuiteRunner.java:375)
	at org.testng.SuiteRunner.privateRun(SuiteRunner.java:340)
	at org.testng.SuiteRunner.run(SuiteRunner.java:289)
	at org.testng.SuiteRunnerWorker.runSuite(SuiteRunnerWorker.java:52)
	at org.testng.SuiteRunnerWorker.run(SuiteRunnerWorker.java:86)
	at org.testng.TestNG.runSuitesSequentially(TestNG.java:1301)
	at org.testng.TestNG.runSuitesLocally(TestNG.java:1226)
	at org.testng.TestNG.runSuites(TestNG.java:1144)
	at org.testng.TestNG.run(TestNG.java:1115)
	at io.mosip.testrunner.MosipTestRunner.startTestRunner(MosipTestRunner.java:184)
	at io.mosip.testrunner.MosipTestRunner.main(MosipTestRunner.java:124)
]]>
    </error>
  </testcase> <!-- IDP_GenerateToken_uin_Null_Grant_type_Neg -->
  <testcase classname="io.mosip.testscripts.SimplePostForAutoGenIdForUrlEncoded" name="IDP_GenerateToken_vid_Invalid_ClientAssertionType_Neg" time="0.006">
    <error type="java.lang.NullPointerException">
      <![CDATA[java.lang.NullPointerException
	at java.base/java.lang.String.replace(String.java:2143)
	at io.mosip.admin.fw.util.AdminTestUtil.replaceIdWithAutogeneratedId(AdminTestUtil.java:2962)
	at io.mosip.admin.fw.util.AdminTestUtil.inputJsonKeyWordHandeler(AdminTestUtil.java:2422)
	at io.mosip.testscripts.SimplePostForAutoGenIdForUrlEncoded.test(SimplePostForAutoGenIdForUrlEncoded.java:91)
	at jdk.internal.reflect.GeneratedMethodAccessor225.invoke(Unknown Source)
	at java.base/jdk.internal.reflect.DelegatingMethodAccessorImpl.invoke(DelegatingMethodAccessorImpl.java:43)
	at java.base/java.lang.reflect.Method.invoke(Method.java:566)
	at org.testng.internal.MethodInvocationHelper.invokeMethod(MethodInvocationHelper.java:108)
	at org.testng.internal.Invoker.invokeMethod(Invoker.java:661)
	at org.testng.internal.Invoker.invokeTestMethod(Invoker.java:869)
	at org.testng.internal.Invoker.invokeTestMethods(Invoker.java:1193)
	at org.testng.internal.TestMethodWorker.invokeTestMethods(TestMethodWorker.java:126)
	at org.testng.internal.TestMethodWorker.run(TestMethodWorker.java:109)
	at org.testng.TestRunner.privateRun(TestRunner.java:744)
	at org.testng.TestRunner.run(TestRunner.java:602)
	at org.testng.SuiteRunner.runTest(SuiteRunner.java:380)
	at org.testng.SuiteRunner.runSequentially(SuiteRunner.java:375)
	at org.testng.SuiteRunner.privateRun(SuiteRunner.java:340)
	at org.testng.SuiteRunner.run(SuiteRunner.java:289)
	at org.testng.SuiteRunnerWorker.runSuite(SuiteRunnerWorker.java:52)
	at org.testng.SuiteRunnerWorker.run(SuiteRunnerWorker.java:86)
	at org.testng.TestNG.runSuitesSequentially(TestNG.java:1301)
	at org.testng.TestNG.runSuitesLocally(TestNG.java:1226)
	at org.testng.TestNG.runSuites(TestNG.java:1144)
	at org.testng.TestNG.run(TestNG.java:1115)
	at io.mosip.testrunner.MosipTestRunner.startTestRunner(MosipTestRunner.java:184)
	at io.mosip.testrunner.MosipTestRunner.main(MosipTestRunner.java:124)
]]>
    </error>
  </testcase> <!-- IDP_GenerateToken_vid_Invalid_ClientAssertionType_Neg -->
  <testcase classname="io.mosip.testscripts.SimplePostForAutoGenIdForUrlEncoded" name="IDP_GenerateToken_uin_Empty_Redirect_uri_Neg" time="0.016">
    <error type="java.lang.NullPointerException">
      <![CDATA[java.lang.NullPointerException
	at java.base/java.lang.String.replace(String.java:2143)
	at io.mosip.admin.fw.util.AdminTestUtil.replaceIdWithAutogeneratedId(AdminTestUtil.java:2962)
	at io.mosip.admin.fw.util.AdminTestUtil.inputJsonKeyWordHandeler(AdminTestUtil.java:2422)
	at io.mosip.testscripts.SimplePostForAutoGenIdForUrlEncoded.test(SimplePostForAutoGenIdForUrlEncoded.java:91)
	at jdk.internal.reflect.GeneratedMethodAccessor225.invoke(Unknown Source)
	at java.base/jdk.internal.reflect.DelegatingMethodAccessorImpl.invoke(DelegatingMethodAccessorImpl.java:43)
	at java.base/java.lang.reflect.Method.invoke(Method.java:566)
	at org.testng.internal.MethodInvocationHelper.invokeMethod(MethodInvocationHelper.java:108)
	at org.testng.internal.Invoker.invokeMethod(Invoker.java:661)
	at org.testng.internal.Invoker.invokeTestMethod(Invoker.java:869)
	at org.testng.internal.Invoker.invokeTestMethods(Invoker.java:1193)
	at org.testng.internal.TestMethodWorker.invokeTestMethods(TestMethodWorker.java:126)
	at org.testng.internal.TestMethodWorker.run(TestMethodWorker.java:109)
	at org.testng.TestRunner.privateRun(TestRunner.java:744)
	at org.testng.TestRunner.run(TestRunner.java:602)
	at org.testng.SuiteRunner.runTest(SuiteRunner.java:380)
	at org.testng.SuiteRunner.runSequentially(SuiteRunner.java:375)
	at org.testng.SuiteRunner.privateRun(SuiteRunner.java:340)
	at org.testng.SuiteRunner.run(SuiteRunner.java:289)
	at org.testng.SuiteRunnerWorker.runSuite(SuiteRunnerWorker.java:52)
	at org.testng.SuiteRunnerWorker.run(SuiteRunnerWorker.java:86)
	at org.testng.TestNG.runSuitesSequentially(TestNG.java:1301)
	at org.testng.TestNG.runSuitesLocally(TestNG.java:1226)
	at org.testng.TestNG.runSuites(TestNG.java:1144)
	at org.testng.TestNG.run(TestNG.java:1115)
	at io.mosip.testrunner.MosipTestRunner.startTestRunner(MosipTestRunner.java:184)
	at io.mosip.testrunner.MosipTestRunner.main(MosipTestRunner.java:124)
]]>
    </error>
  </testcase> <!-- IDP_GenerateToken_uin_Empty_Redirect_uri_Neg -->
  <testcase classname="io.mosip.testscripts.SimplePostForAutoGenIdForUrlEncoded" name="IDP_GenerateToken_uin_Missing_ClientAssertion_Neg" time="0.000">
    <error type="java.lang.NullPointerException">
      <![CDATA[java.lang.NullPointerException
	at java.base/java.lang.String.replace(String.java:2143)
	at io.mosip.admin.fw.util.AdminTestUtil.replaceIdWithAutogeneratedId(AdminTestUtil.java:2962)
	at io.mosip.admin.fw.util.AdminTestUtil.inputJsonKeyWordHandeler(AdminTestUtil.java:2422)
	at io.mosip.testscripts.SimplePostForAutoGenIdForUrlEncoded.test(SimplePostForAutoGenIdForUrlEncoded.java:91)
	at jdk.internal.reflect.GeneratedMethodAccessor225.invoke(Unknown Source)
	at java.base/jdk.internal.reflect.DelegatingMethodAccessorImpl.invoke(DelegatingMethodAccessorImpl.java:43)
	at java.base/java.lang.reflect.Method.invoke(Method.java:566)
	at org.testng.internal.MethodInvocationHelper.invokeMethod(MethodInvocationHelper.java:108)
	at org.testng.internal.Invoker.invokeMethod(Invoker.java:661)
	at org.testng.internal.Invoker.invokeTestMethod(Invoker.java:869)
	at org.testng.internal.Invoker.invokeTestMethods(Invoker.java:1193)
	at org.testng.internal.TestMethodWorker.invokeTestMethods(TestMethodWorker.java:126)
	at org.testng.internal.TestMethodWorker.run(TestMethodWorker.java:109)
	at org.testng.TestRunner.privateRun(TestRunner.java:744)
	at org.testng.TestRunner.run(TestRunner.java:602)
	at org.testng.SuiteRunner.runTest(SuiteRunner.java:380)
	at org.testng.SuiteRunner.runSequentially(SuiteRunner.java:375)
	at org.testng.SuiteRunner.privateRun(SuiteRunner.java:340)
	at org.testng.SuiteRunner.run(SuiteRunner.java:289)
	at org.testng.SuiteRunnerWorker.runSuite(SuiteRunnerWorker.java:52)
	at org.testng.SuiteRunnerWorker.run(SuiteRunnerWorker.java:86)
	at org.testng.TestNG.runSuitesSequentially(TestNG.java:1301)
	at org.testng.TestNG.runSuitesLocally(TestNG.java:1226)
	at org.testng.TestNG.runSuites(TestNG.java:1144)
	at org.testng.TestNG.run(TestNG.java:1115)
	at io.mosip.testrunner.MosipTestRunner.startTestRunner(MosipTestRunner.java:184)
	at io.mosip.testrunner.MosipTestRunner.main(MosipTestRunner.java:124)
]]>
    </error>
  </testcase> <!-- IDP_GenerateToken_uin_Missing_ClientAssertion_Neg -->
  <testcase classname="io.mosip.testscripts.SimplePostForAutoGenIdForUrlEncoded" name="IDP_GenerateToken_vid_Missing_Redirect_uri_Neg" time="0.000">
    <error type="java.lang.NullPointerException">
      <![CDATA[java.lang.NullPointerException
	at java.base/java.lang.String.replace(String.java:2143)
	at io.mosip.admin.fw.util.AdminTestUtil.replaceIdWithAutogeneratedId(AdminTestUtil.java:2962)
	at io.mosip.admin.fw.util.AdminTestUtil.inputJsonKeyWordHandeler(AdminTestUtil.java:2422)
	at io.mosip.testscripts.SimplePostForAutoGenIdForUrlEncoded.test(SimplePostForAutoGenIdForUrlEncoded.java:91)
	at jdk.internal.reflect.GeneratedMethodAccessor225.invoke(Unknown Source)
	at java.base/jdk.internal.reflect.DelegatingMethodAccessorImpl.invoke(DelegatingMethodAccessorImpl.java:43)
	at java.base/java.lang.reflect.Method.invoke(Method.java:566)
	at org.testng.internal.MethodInvocationHelper.invokeMethod(MethodInvocationHelper.java:108)
	at org.testng.internal.Invoker.invokeMethod(Invoker.java:661)
	at org.testng.internal.Invoker.invokeTestMethod(Invoker.java:869)
	at org.testng.internal.Invoker.invokeTestMethods(Invoker.java:1193)
	at org.testng.internal.TestMethodWorker.invokeTestMethods(TestMethodWorker.java:126)
	at org.testng.internal.TestMethodWorker.run(TestMethodWorker.java:109)
	at org.testng.TestRunner.privateRun(TestRunner.java:744)
	at org.testng.TestRunner.run(TestRunner.java:602)
	at org.testng.SuiteRunner.runTest(SuiteRunner.java:380)
	at org.testng.SuiteRunner.runSequentially(SuiteRunner.java:375)
	at org.testng.SuiteRunner.privateRun(SuiteRunner.java:340)
	at org.testng.SuiteRunner.run(SuiteRunner.java:289)
	at org.testng.SuiteRunnerWorker.runSuite(SuiteRunnerWorker.java:52)
	at org.testng.SuiteRunnerWorker.run(SuiteRunnerWorker.java:86)
	at org.testng.TestNG.runSuitesSequentially(TestNG.java:1301)
	at org.testng.TestNG.runSuitesLocally(TestNG.java:1226)
	at org.testng.TestNG.runSuites(TestNG.java:1144)
	at org.testng.TestNG.run(TestNG.java:1115)
	at io.mosip.testrunner.MosipTestRunner.startTestRunner(MosipTestRunner.java:184)
	at io.mosip.testrunner.MosipTestRunner.main(MosipTestRunner.java:124)
]]>
    </error>
  </testcase> <!-- IDP_GenerateToken_vid_Missing_Redirect_uri_Neg -->
  <testcase classname="io.mosip.testscripts.SimplePostForAutoGenIdForUrlEncoded" name="IDP_GenerateToken_uin_Missing_ClientAssertionType_Neg" time="0.000">
    <error type="java.lang.NullPointerException">
      <![CDATA[java.lang.NullPointerException
	at java.base/java.lang.String.replace(String.java:2143)
	at io.mosip.admin.fw.util.AdminTestUtil.replaceIdWithAutogeneratedId(AdminTestUtil.java:2962)
	at io.mosip.admin.fw.util.AdminTestUtil.inputJsonKeyWordHandeler(AdminTestUtil.java:2422)
	at io.mosip.testscripts.SimplePostForAutoGenIdForUrlEncoded.test(SimplePostForAutoGenIdForUrlEncoded.java:91)
	at jdk.internal.reflect.GeneratedMethodAccessor225.invoke(Unknown Source)
	at java.base/jdk.internal.reflect.DelegatingMethodAccessorImpl.invoke(DelegatingMethodAccessorImpl.java:43)
	at java.base/java.lang.reflect.Method.invoke(Method.java:566)
	at org.testng.internal.MethodInvocationHelper.invokeMethod(MethodInvocationHelper.java:108)
	at org.testng.internal.Invoker.invokeMethod(Invoker.java:661)
	at org.testng.internal.Invoker.invokeTestMethod(Invoker.java:869)
	at org.testng.internal.Invoker.invokeTestMethods(Invoker.java:1193)
	at org.testng.internal.TestMethodWorker.invokeTestMethods(TestMethodWorker.java:126)
	at org.testng.internal.TestMethodWorker.run(TestMethodWorker.java:109)
	at org.testng.TestRunner.privateRun(TestRunner.java:744)
	at org.testng.TestRunner.run(TestRunner.java:602)
	at org.testng.SuiteRunner.runTest(SuiteRunner.java:380)
	at org.testng.SuiteRunner.runSequentially(SuiteRunner.java:375)
	at org.testng.SuiteRunner.privateRun(SuiteRunner.java:340)
	at org.testng.SuiteRunner.run(SuiteRunner.java:289)
	at org.testng.SuiteRunnerWorker.runSuite(SuiteRunnerWorker.java:52)
	at org.testng.SuiteRunnerWorker.run(SuiteRunnerWorker.java:86)
	at org.testng.TestNG.runSuitesSequentially(TestNG.java:1301)
	at org.testng.TestNG.runSuitesLocally(TestNG.java:1226)
	at org.testng.TestNG.runSuites(TestNG.java:1144)
	at org.testng.TestNG.run(TestNG.java:1115)
	at io.mosip.testrunner.MosipTestRunner.startTestRunner(MosipTestRunner.java:184)
	at io.mosip.testrunner.MosipTestRunner.main(MosipTestRunner.java:124)
]]>
    </error>
  </testcase> <!-- IDP_GenerateToken_uin_Missing_ClientAssertionType_Neg -->
  <testcase classname="io.mosip.testscripts.SimplePostForAutoGenIdForUrlEncoded" name="IDP_GenerateToken_vid_Empty_ClientId_Neg" time="0.004">
    <error type="java.lang.NullPointerException">
      <![CDATA[java.lang.NullPointerException
	at java.base/java.lang.String.replace(String.java:2143)
	at io.mosip.admin.fw.util.AdminTestUtil.replaceIdWithAutogeneratedId(AdminTestUtil.java:2962)
	at io.mosip.admin.fw.util.AdminTestUtil.inputJsonKeyWordHandeler(AdminTestUtil.java:2422)
	at io.mosip.testscripts.SimplePostForAutoGenIdForUrlEncoded.test(SimplePostForAutoGenIdForUrlEncoded.java:91)
	at jdk.internal.reflect.GeneratedMethodAccessor225.invoke(Unknown Source)
	at java.base/jdk.internal.reflect.DelegatingMethodAccessorImpl.invoke(DelegatingMethodAccessorImpl.java:43)
	at java.base/java.lang.reflect.Method.invoke(Method.java:566)
	at org.testng.internal.MethodInvocationHelper.invokeMethod(MethodInvocationHelper.java:108)
	at org.testng.internal.Invoker.invokeMethod(Invoker.java:661)
	at org.testng.internal.Invoker.invokeTestMethod(Invoker.java:869)
	at org.testng.internal.Invoker.invokeTestMethods(Invoker.java:1193)
	at org.testng.internal.TestMethodWorker.invokeTestMethods(TestMethodWorker.java:126)
	at org.testng.internal.TestMethodWorker.run(TestMethodWorker.java:109)
	at org.testng.TestRunner.privateRun(TestRunner.java:744)
	at org.testng.TestRunner.run(TestRunner.java:602)
	at org.testng.SuiteRunner.runTest(SuiteRunner.java:380)
	at org.testng.SuiteRunner.runSequentially(SuiteRunner.java:375)
	at org.testng.SuiteRunner.privateRun(SuiteRunner.java:340)
	at org.testng.SuiteRunner.run(SuiteRunner.java:289)
	at org.testng.SuiteRunnerWorker.runSuite(SuiteRunnerWorker.java:52)
	at org.testng.SuiteRunnerWorker.run(SuiteRunnerWorker.java:86)
	at org.testng.TestNG.runSuitesSequentially(TestNG.java:1301)
	at org.testng.TestNG.runSuitesLocally(TestNG.java:1226)
	at org.testng.TestNG.runSuites(TestNG.java:1144)
	at org.testng.TestNG.run(TestNG.java:1115)
	at io.mosip.testrunner.MosipTestRunner.startTestRunner(MosipTestRunner.java:184)
	at io.mosip.testrunner.MosipTestRunner.main(MosipTestRunner.java:124)
]]>
    </error>
  </testcase> <!-- IDP_GenerateToken_vid_Empty_ClientId_Neg -->
  <testcase classname="io.mosip.testscripts.SimplePostForAutoGenIdForUrlEncoded" name="IDP_GenerateToken_uin_Null_ClientAssertion_Neg" time="0.017">
    <error type="java.lang.NullPointerException">
      <![CDATA[java.lang.NullPointerException
	at java.base/java.lang.String.replace(String.java:2143)
	at io.mosip.admin.fw.util.AdminTestUtil.replaceIdWithAutogeneratedId(AdminTestUtil.java:2962)
	at io.mosip.admin.fw.util.AdminTestUtil.inputJsonKeyWordHandeler(AdminTestUtil.java:2422)
	at io.mosip.testscripts.SimplePostForAutoGenIdForUrlEncoded.test(SimplePostForAutoGenIdForUrlEncoded.java:91)
	at jdk.internal.reflect.GeneratedMethodAccessor225.invoke(Unknown Source)
	at java.base/jdk.internal.reflect.DelegatingMethodAccessorImpl.invoke(DelegatingMethodAccessorImpl.java:43)
	at java.base/java.lang.reflect.Method.invoke(Method.java:566)
	at org.testng.internal.MethodInvocationHelper.invokeMethod(MethodInvocationHelper.java:108)
	at org.testng.internal.Invoker.invokeMethod(Invoker.java:661)
	at org.testng.internal.Invoker.invokeTestMethod(Invoker.java:869)
	at org.testng.internal.Invoker.invokeTestMethods(Invoker.java:1193)
	at org.testng.internal.TestMethodWorker.invokeTestMethods(TestMethodWorker.java:126)
	at org.testng.internal.TestMethodWorker.run(TestMethodWorker.java:109)
	at org.testng.TestRunner.privateRun(TestRunner.java:744)
	at org.testng.TestRunner.run(TestRunner.java:602)
	at org.testng.SuiteRunner.runTest(SuiteRunner.java:380)
	at org.testng.SuiteRunner.runSequentially(SuiteRunner.java:375)
	at org.testng.SuiteRunner.privateRun(SuiteRunner.java:340)
	at org.testng.SuiteRunner.run(SuiteRunner.java:289)
	at org.testng.SuiteRunnerWorker.runSuite(SuiteRunnerWorker.java:52)
	at org.testng.SuiteRunnerWorker.run(SuiteRunnerWorker.java:86)
	at org.testng.TestNG.runSuitesSequentially(TestNG.java:1301)
	at org.testng.TestNG.runSuitesLocally(TestNG.java:1226)
	at org.testng.TestNG.runSuites(TestNG.java:1144)
	at org.testng.TestNG.run(TestNG.java:1115)
	at io.mosip.testrunner.MosipTestRunner.startTestRunner(MosipTestRunner.java:184)
	at io.mosip.testrunner.MosipTestRunner.main(MosipTestRunner.java:124)
]]>
    </error>
  </testcase> <!-- IDP_GenerateToken_uin_Null_ClientAssertion_Neg -->
  <testcase classname="io.mosip.testscripts.SimplePostForAutoGenIdForUrlEncoded" name="IDP_GenerateToken_uin_SpaceFirst_ClientAssertionType_Neg" time="0.000">
    <error type="java.lang.NullPointerException">
      <![CDATA[java.lang.NullPointerException
	at java.base/java.lang.String.replace(String.java:2143)
	at io.mosip.admin.fw.util.AdminTestUtil.replaceIdWithAutogeneratedId(AdminTestUtil.java:2962)
	at io.mosip.admin.fw.util.AdminTestUtil.inputJsonKeyWordHandeler(AdminTestUtil.java:2422)
	at io.mosip.testscripts.SimplePostForAutoGenIdForUrlEncoded.test(SimplePostForAutoGenIdForUrlEncoded.java:91)
	at jdk.internal.reflect.GeneratedMethodAccessor225.invoke(Unknown Source)
	at java.base/jdk.internal.reflect.DelegatingMethodAccessorImpl.invoke(DelegatingMethodAccessorImpl.java:43)
	at java.base/java.lang.reflect.Method.invoke(Method.java:566)
	at org.testng.internal.MethodInvocationHelper.invokeMethod(MethodInvocationHelper.java:108)
	at org.testng.internal.Invoker.invokeMethod(Invoker.java:661)
	at org.testng.internal.Invoker.invokeTestMethod(Invoker.java:869)
	at org.testng.internal.Invoker.invokeTestMethods(Invoker.java:1193)
	at org.testng.internal.TestMethodWorker.invokeTestMethods(TestMethodWorker.java:126)
	at org.testng.internal.TestMethodWorker.run(TestMethodWorker.java:109)
	at org.testng.TestRunner.privateRun(TestRunner.java:744)
	at org.testng.TestRunner.run(TestRunner.java:602)
	at org.testng.SuiteRunner.runTest(SuiteRunner.java:380)
	at org.testng.SuiteRunner.runSequentially(SuiteRunner.java:375)
	at org.testng.SuiteRunner.privateRun(SuiteRunner.java:340)
	at org.testng.SuiteRunner.run(SuiteRunner.java:289)
	at org.testng.SuiteRunnerWorker.runSuite(SuiteRunnerWorker.java:52)
	at org.testng.SuiteRunnerWorker.run(SuiteRunnerWorker.java:86)
	at org.testng.TestNG.runSuitesSequentially(TestNG.java:1301)
	at org.testng.TestNG.runSuitesLocally(TestNG.java:1226)
	at org.testng.TestNG.runSuites(TestNG.java:1144)
	at org.testng.TestNG.run(TestNG.java:1115)
	at io.mosip.testrunner.MosipTestRunner.startTestRunner(MosipTestRunner.java:184)
	at io.mosip.testrunner.MosipTestRunner.main(MosipTestRunner.java:124)
]]>
    </error>
  </testcase> <!-- IDP_GenerateToken_uin_SpaceFirst_ClientAssertionType_Neg -->
  <testcase classname="io.mosip.testscripts.SimplePostForAutoGenIdForUrlEncoded" name="IDP_GenerateToken_uin_Null_Code_Neg" time="0.250"/>
  <testcase classname="io.mosip.testscripts.SimplePostForAutoGenIdForUrlEncoded" name="IDP_GenerateToken_vid_Missing_ClientAssertion_Neg" time="0.012">
    <error type="java.lang.NullPointerException">
      <![CDATA[java.lang.NullPointerException
	at java.base/java.lang.String.replace(String.java:2143)
	at io.mosip.admin.fw.util.AdminTestUtil.replaceIdWithAutogeneratedId(AdminTestUtil.java:2962)
	at io.mosip.admin.fw.util.AdminTestUtil.inputJsonKeyWordHandeler(AdminTestUtil.java:2422)
	at io.mosip.testscripts.SimplePostForAutoGenIdForUrlEncoded.test(SimplePostForAutoGenIdForUrlEncoded.java:91)
	at jdk.internal.reflect.GeneratedMethodAccessor225.invoke(Unknown Source)
	at java.base/jdk.internal.reflect.DelegatingMethodAccessorImpl.invoke(DelegatingMethodAccessorImpl.java:43)
	at java.base/java.lang.reflect.Method.invoke(Method.java:566)
	at org.testng.internal.MethodInvocationHelper.invokeMethod(MethodInvocationHelper.java:108)
	at org.testng.internal.Invoker.invokeMethod(Invoker.java:661)
	at org.testng.internal.Invoker.invokeTestMethod(Invoker.java:869)
	at org.testng.internal.Invoker.invokeTestMethods(Invoker.java:1193)
	at org.testng.internal.TestMethodWorker.invokeTestMethods(TestMethodWorker.java:126)
	at org.testng.internal.TestMethodWorker.run(TestMethodWorker.java:109)
	at org.testng.TestRunner.privateRun(TestRunner.java:744)
	at org.testng.TestRunner.run(TestRunner.java:602)
	at org.testng.SuiteRunner.runTest(SuiteRunner.java:380)
	at org.testng.SuiteRunner.runSequentially(SuiteRunner.java:375)
	at org.testng.SuiteRunner.privateRun(SuiteRunner.java:340)
	at org.testng.SuiteRunner.run(SuiteRunner.java:289)
	at org.testng.SuiteRunnerWorker.runSuite(SuiteRunnerWorker.java:52)
	at org.testng.SuiteRunnerWorker.run(SuiteRunnerWorker.java:86)
	at org.testng.TestNG.runSuitesSequentially(TestNG.java:1301)
	at org.testng.TestNG.runSuitesLocally(TestNG.java:1226)
	at org.testng.TestNG.runSuites(TestNG.java:1144)
	at org.testng.TestNG.run(TestNG.java:1115)
	at io.mosip.testrunner.MosipTestRunner.startTestRunner(MosipTestRunner.java:184)
	at io.mosip.testrunner.MosipTestRunner.main(MosipTestRunner.java:124)
]]>
    </error>
  </testcase> <!-- IDP_GenerateToken_vid_Missing_ClientAssertion_Neg -->
  <testcase classname="io.mosip.testscripts.SimplePostForAutoGenIdForUrlEncoded" name="IDP_GenerateToken_uin_Empty_ClientAssertion_Neg" time="0.000">
    <error type="java.lang.NullPointerException">
      <![CDATA[java.lang.NullPointerException
	at java.base/java.lang.String.replace(String.java:2143)
	at io.mosip.admin.fw.util.AdminTestUtil.replaceIdWithAutogeneratedId(AdminTestUtil.java:2962)
	at io.mosip.admin.fw.util.AdminTestUtil.inputJsonKeyWordHandeler(AdminTestUtil.java:2422)
	at io.mosip.testscripts.SimplePostForAutoGenIdForUrlEncoded.test(SimplePostForAutoGenIdForUrlEncoded.java:91)
	at jdk.internal.reflect.GeneratedMethodAccessor225.invoke(Unknown Source)
	at java.base/jdk.internal.reflect.DelegatingMethodAccessorImpl.invoke(DelegatingMethodAccessorImpl.java:43)
	at java.base/java.lang.reflect.Method.invoke(Method.java:566)
	at org.testng.internal.MethodInvocationHelper.invokeMethod(MethodInvocationHelper.java:108)
	at org.testng.internal.Invoker.invokeMethod(Invoker.java:661)
	at org.testng.internal.Invoker.invokeTestMethod(Invoker.java:869)
	at org.testng.internal.Invoker.invokeTestMethods(Invoker.java:1193)
	at org.testng.internal.TestMethodWorker.invokeTestMethods(TestMethodWorker.java:126)
	at org.testng.internal.TestMethodWorker.run(TestMethodWorker.java:109)
	at org.testng.TestRunner.privateRun(TestRunner.java:744)
	at org.testng.TestRunner.run(TestRunner.java:602)
	at org.testng.SuiteRunner.runTest(SuiteRunner.java:380)
	at org.testng.SuiteRunner.runSequentially(SuiteRunner.java:375)
	at org.testng.SuiteRunner.privateRun(SuiteRunner.java:340)
	at org.testng.SuiteRunner.run(SuiteRunner.java:289)
	at org.testng.SuiteRunnerWorker.runSuite(SuiteRunnerWorker.java:52)
	at org.testng.SuiteRunnerWorker.run(SuiteRunnerWorker.java:86)
	at org.testng.TestNG.runSuitesSequentially(TestNG.java:1301)
	at org.testng.TestNG.runSuitesLocally(TestNG.java:1226)
	at org.testng.TestNG.runSuites(TestNG.java:1144)
	at org.testng.TestNG.run(TestNG.java:1115)
	at io.mosip.testrunner.MosipTestRunner.startTestRunner(MosipTestRunner.java:184)
	at io.mosip.testrunner.MosipTestRunner.main(MosipTestRunner.java:124)
]]>
    </error>
  </testcase> <!-- IDP_GenerateToken_uin_Empty_ClientAssertion_Neg -->
  <testcase classname="io.mosip.testscripts.SimplePostForAutoGenIdForUrlEncoded" name="IDP_GenerateToken_vid_Invalid_Grant_type_Neg" time="0.004">
    <error type="java.lang.NullPointerException">
      <![CDATA[java.lang.NullPointerException
	at java.base/java.lang.String.replace(String.java:2143)
	at io.mosip.admin.fw.util.AdminTestUtil.replaceIdWithAutogeneratedId(AdminTestUtil.java:2962)
	at io.mosip.admin.fw.util.AdminTestUtil.inputJsonKeyWordHandeler(AdminTestUtil.java:2422)
	at io.mosip.testscripts.SimplePostForAutoGenIdForUrlEncoded.test(SimplePostForAutoGenIdForUrlEncoded.java:91)
	at jdk.internal.reflect.GeneratedMethodAccessor225.invoke(Unknown Source)
	at java.base/jdk.internal.reflect.DelegatingMethodAccessorImpl.invoke(DelegatingMethodAccessorImpl.java:43)
	at java.base/java.lang.reflect.Method.invoke(Method.java:566)
	at org.testng.internal.MethodInvocationHelper.invokeMethod(MethodInvocationHelper.java:108)
	at org.testng.internal.Invoker.invokeMethod(Invoker.java:661)
	at org.testng.internal.Invoker.invokeTestMethod(Invoker.java:869)
	at org.testng.internal.Invoker.invokeTestMethods(Invoker.java:1193)
	at org.testng.internal.TestMethodWorker.invokeTestMethods(TestMethodWorker.java:126)
	at org.testng.internal.TestMethodWorker.run(TestMethodWorker.java:109)
	at org.testng.TestRunner.privateRun(TestRunner.java:744)
	at org.testng.TestRunner.run(TestRunner.java:602)
	at org.testng.SuiteRunner.runTest(SuiteRunner.java:380)
	at org.testng.SuiteRunner.runSequentially(SuiteRunner.java:375)
	at org.testng.SuiteRunner.privateRun(SuiteRunner.java:340)
	at org.testng.SuiteRunner.run(SuiteRunner.java:289)
	at org.testng.SuiteRunnerWorker.runSuite(SuiteRunnerWorker.java:52)
	at org.testng.SuiteRunnerWorker.run(SuiteRunnerWorker.java:86)
	at org.testng.TestNG.runSuitesSequentially(TestNG.java:1301)
	at org.testng.TestNG.runSuitesLocally(TestNG.java:1226)
	at org.testng.TestNG.runSuites(TestNG.java:1144)
	at org.testng.TestNG.run(TestNG.java:1115)
	at io.mosip.testrunner.MosipTestRunner.startTestRunner(MosipTestRunner.java:184)
	at io.mosip.testrunner.MosipTestRunner.main(MosipTestRunner.java:124)
]]>
    </error>
  </testcase> <!-- IDP_GenerateToken_vid_Invalid_Grant_type_Neg -->
  <testcase classname="io.mosip.testscripts.SimplePostForAutoGenIdForUrlEncoded" name="IDP_GenerateToken_vid_Null_Code_Neg" time="0.358"/>
  <testcase classname="io.mosip.testscripts.SimplePostForAutoGenIdForUrlEncoded" name="IDP_GenerateToken_vid_Used_Code_Neg" time="0.017">
    <error type="java.lang.NullPointerException">
      <![CDATA[java.lang.NullPointerException
	at java.base/java.lang.String.replace(String.java:2143)
	at io.mosip.admin.fw.util.AdminTestUtil.replaceIdWithAutogeneratedId(AdminTestUtil.java:2962)
	at io.mosip.admin.fw.util.AdminTestUtil.inputJsonKeyWordHandeler(AdminTestUtil.java:2422)
	at io.mosip.testscripts.SimplePostForAutoGenIdForUrlEncoded.test(SimplePostForAutoGenIdForUrlEncoded.java:91)
	at jdk.internal.reflect.GeneratedMethodAccessor225.invoke(Unknown Source)
	at java.base/jdk.internal.reflect.DelegatingMethodAccessorImpl.invoke(DelegatingMethodAccessorImpl.java:43)
	at java.base/java.lang.reflect.Method.invoke(Method.java:566)
	at org.testng.internal.MethodInvocationHelper.invokeMethod(MethodInvocationHelper.java:108)
	at org.testng.internal.Invoker.invokeMethod(Invoker.java:661)
	at org.testng.internal.Invoker.invokeTestMethod(Invoker.java:869)
	at org.testng.internal.Invoker.invokeTestMethods(Invoker.java:1193)
	at org.testng.internal.TestMethodWorker.invokeTestMethods(TestMethodWorker.java:126)
	at org.testng.internal.TestMethodWorker.run(TestMethodWorker.java:109)
	at org.testng.TestRunner.privateRun(TestRunner.java:744)
	at org.testng.TestRunner.run(TestRunner.java:602)
	at org.testng.SuiteRunner.runTest(SuiteRunner.java:380)
	at org.testng.SuiteRunner.runSequentially(SuiteRunner.java:375)
	at org.testng.SuiteRunner.privateRun(SuiteRunner.java:340)
	at org.testng.SuiteRunner.run(SuiteRunner.java:289)
	at org.testng.SuiteRunnerWorker.runSuite(SuiteRunnerWorker.java:52)
	at org.testng.SuiteRunnerWorker.run(SuiteRunnerWorker.java:86)
	at org.testng.TestNG.runSuitesSequentially(TestNG.java:1301)
	at org.testng.TestNG.runSuitesLocally(TestNG.java:1226)
	at org.testng.TestNG.runSuites(TestNG.java:1144)
	at org.testng.TestNG.run(TestNG.java:1115)
	at io.mosip.testrunner.MosipTestRunner.startTestRunner(MosipTestRunner.java:184)
	at io.mosip.testrunner.MosipTestRunner.main(MosipTestRunner.java:124)
]]>
    </error>
  </testcase> <!-- IDP_GenerateToken_vid_Used_Code_Neg -->
  <testcase classname="io.mosip.testscripts.SimplePostForAutoGenIdForUrlEncoded" name="IDP_GenerateToken_uin_SpaceFirst_Grant_type_Neg" time="0.000">
    <error type="java.lang.NullPointerException">
      <![CDATA[java.lang.NullPointerException
	at java.base/java.lang.String.replace(String.java:2143)
	at io.mosip.admin.fw.util.AdminTestUtil.replaceIdWithAutogeneratedId(AdminTestUtil.java:2962)
	at io.mosip.admin.fw.util.AdminTestUtil.inputJsonKeyWordHandeler(AdminTestUtil.java:2422)
	at io.mosip.testscripts.SimplePostForAutoGenIdForUrlEncoded.test(SimplePostForAutoGenIdForUrlEncoded.java:91)
	at java.base/jdk.internal.reflect.NativeMethodAccessorImpl.invoke0(Native Method)
	at java.base/jdk.internal.reflect.NativeMethodAccessorImpl.invoke(NativeMethodAccessorImpl.java:62)
	at java.base/jdk.internal.reflect.DelegatingMethodAccessorImpl.invoke(DelegatingMethodAccessorImpl.java:43)
	at java.base/java.lang.reflect.Method.invoke(Method.java:566)
	at org.testng.internal.MethodInvocationHelper.invokeMethod(MethodInvocationHelper.java:108)
	at org.testng.internal.Invoker.invokeMethod(Invoker.java:661)
	at org.testng.internal.Invoker.invokeTestMethod(Invoker.java:869)
	at org.testng.internal.Invoker.invokeTestMethods(Invoker.java:1193)
	at org.testng.internal.TestMethodWorker.invokeTestMethods(TestMethodWorker.java:126)
	at org.testng.internal.TestMethodWorker.run(TestMethodWorker.java:109)
	at org.testng.TestRunner.privateRun(TestRunner.java:744)
	at org.testng.TestRunner.run(TestRunner.java:602)
	at org.testng.SuiteRunner.runTest(SuiteRunner.java:380)
	at org.testng.SuiteRunner.runSequentially(SuiteRunner.java:375)
	at org.testng.SuiteRunner.privateRun(SuiteRunner.java:340)
	at org.testng.SuiteRunner.run(SuiteRunner.java:289)
	at org.testng.SuiteRunnerWorker.runSuite(SuiteRunnerWorker.java:52)
	at org.testng.SuiteRunnerWorker.run(SuiteRunnerWorker.java:86)
	at org.testng.TestNG.runSuitesSequentially(TestNG.java:1301)
	at org.testng.TestNG.runSuitesLocally(TestNG.java:1226)
	at org.testng.TestNG.runSuites(TestNG.java:1144)
	at org.testng.TestNG.run(TestNG.java:1115)
	at io.mosip.testrunner.MosipTestRunner.startTestRunner(MosipTestRunner.java:184)
	at io.mosip.testrunner.MosipTestRunner.main(MosipTestRunner.java:124)
]]>
    </error>
  </testcase> <!-- IDP_GenerateToken_uin_SpaceFirst_Grant_type_Neg -->
  <testcase classname="io.mosip.testscripts.SimplePostForAutoGenIdForUrlEncoded" name="IDP_GenerateToken_uin_Used_Code_Neg" time="0.016">
    <error type="java.lang.NullPointerException">
      <![CDATA[java.lang.NullPointerException
	at java.base/java.lang.String.replace(String.java:2143)
	at io.mosip.admin.fw.util.AdminTestUtil.replaceIdWithAutogeneratedId(AdminTestUtil.java:2962)
	at io.mosip.admin.fw.util.AdminTestUtil.inputJsonKeyWordHandeler(AdminTestUtil.java:2422)
	at io.mosip.testscripts.SimplePostForAutoGenIdForUrlEncoded.test(SimplePostForAutoGenIdForUrlEncoded.java:91)
	at java.base/jdk.internal.reflect.NativeMethodAccessorImpl.invoke0(Native Method)
	at java.base/jdk.internal.reflect.NativeMethodAccessorImpl.invoke(NativeMethodAccessorImpl.java:62)
	at java.base/jdk.internal.reflect.DelegatingMethodAccessorImpl.invoke(DelegatingMethodAccessorImpl.java:43)
	at java.base/java.lang.reflect.Method.invoke(Method.java:566)
	at org.testng.internal.MethodInvocationHelper.invokeMethod(MethodInvocationHelper.java:108)
	at org.testng.internal.Invoker.invokeMethod(Invoker.java:661)
	at org.testng.internal.Invoker.invokeTestMethod(Invoker.java:869)
	at org.testng.internal.Invoker.invokeTestMethods(Invoker.java:1193)
	at org.testng.internal.TestMethodWorker.invokeTestMethods(TestMethodWorker.java:126)
	at org.testng.internal.TestMethodWorker.run(TestMethodWorker.java:109)
	at org.testng.TestRunner.privateRun(TestRunner.java:744)
	at org.testng.TestRunner.run(TestRunner.java:602)
	at org.testng.SuiteRunner.runTest(SuiteRunner.java:380)
	at org.testng.SuiteRunner.runSequentially(SuiteRunner.java:375)
	at org.testng.SuiteRunner.privateRun(SuiteRunner.java:340)
	at org.testng.SuiteRunner.run(SuiteRunner.java:289)
	at org.testng.SuiteRunnerWorker.runSuite(SuiteRunnerWorker.java:52)
	at org.testng.SuiteRunnerWorker.run(SuiteRunnerWorker.java:86)
	at org.testng.TestNG.runSuitesSequentially(TestNG.java:1301)
	at org.testng.TestNG.runSuitesLocally(TestNG.java:1226)
	at org.testng.TestNG.runSuites(TestNG.java:1144)
	at org.testng.TestNG.run(TestNG.java:1115)
	at io.mosip.testrunner.MosipTestRunner.startTestRunner(MosipTestRunner.java:184)
	at io.mosip.testrunner.MosipTestRunner.main(MosipTestRunner.java:124)
]]>
    </error>
  </testcase> <!-- IDP_GenerateToken_uin_Used_Code_Neg -->
  <testcase classname="io.mosip.testscripts.SimplePostForAutoGenIdForUrlEncoded" name="IDP_GenerateToken_uin_Empty_ClientId_Neg" time="0.001">
    <error type="java.lang.NullPointerException">
      <![CDATA[java.lang.NullPointerException
	at java.base/java.lang.String.replace(String.java:2143)
	at io.mosip.admin.fw.util.AdminTestUtil.replaceIdWithAutogeneratedId(AdminTestUtil.java:2962)
	at io.mosip.admin.fw.util.AdminTestUtil.inputJsonKeyWordHandeler(AdminTestUtil.java:2422)
	at io.mosip.testscripts.SimplePostForAutoGenIdForUrlEncoded.test(SimplePostForAutoGenIdForUrlEncoded.java:91)
	at java.base/jdk.internal.reflect.NativeMethodAccessorImpl.invoke0(Native Method)
	at java.base/jdk.internal.reflect.NativeMethodAccessorImpl.invoke(NativeMethodAccessorImpl.java:62)
	at java.base/jdk.internal.reflect.DelegatingMethodAccessorImpl.invoke(DelegatingMethodAccessorImpl.java:43)
	at java.base/java.lang.reflect.Method.invoke(Method.java:566)
	at org.testng.internal.MethodInvocationHelper.invokeMethod(MethodInvocationHelper.java:108)
	at org.testng.internal.Invoker.invokeMethod(Invoker.java:661)
	at org.testng.internal.Invoker.invokeTestMethod(Invoker.java:869)
	at org.testng.internal.Invoker.invokeTestMethods(Invoker.java:1193)
	at org.testng.internal.TestMethodWorker.invokeTestMethods(TestMethodWorker.java:126)
	at org.testng.internal.TestMethodWorker.run(TestMethodWorker.java:109)
	at org.testng.TestRunner.privateRun(TestRunner.java:744)
	at org.testng.TestRunner.run(TestRunner.java:602)
	at org.testng.SuiteRunner.runTest(SuiteRunner.java:380)
	at org.testng.SuiteRunner.runSequentially(SuiteRunner.java:375)
	at org.testng.SuiteRunner.privateRun(SuiteRunner.java:340)
	at org.testng.SuiteRunner.run(SuiteRunner.java:289)
	at org.testng.SuiteRunnerWorker.runSuite(SuiteRunnerWorker.java:52)
	at org.testng.SuiteRunnerWorker.run(SuiteRunnerWorker.java:86)
	at org.testng.TestNG.runSuitesSequentially(TestNG.java:1301)
	at org.testng.TestNG.runSuitesLocally(TestNG.java:1226)
	at org.testng.TestNG.runSuites(TestNG.java:1144)
	at org.testng.TestNG.run(TestNG.java:1115)
	at io.mosip.testrunner.MosipTestRunner.startTestRunner(MosipTestRunner.java:184)
	at io.mosip.testrunner.MosipTestRunner.main(MosipTestRunner.java:124)
]]>
    </error>
  </testcase> <!-- IDP_GenerateToken_uin_Empty_ClientId_Neg -->
  <testcase classname="io.mosip.testscripts.SimplePostForAutoGenIdForUrlEncoded" name="IDP_GenerateToken_uin_Invalid_Redirect_uri_Neg" time="0.000">
    <error type="java.lang.NullPointerException">
      <![CDATA[java.lang.NullPointerException
	at java.base/java.lang.String.replace(String.java:2143)
	at io.mosip.admin.fw.util.AdminTestUtil.replaceIdWithAutogeneratedId(AdminTestUtil.java:2962)
	at io.mosip.admin.fw.util.AdminTestUtil.inputJsonKeyWordHandeler(AdminTestUtil.java:2422)
	at io.mosip.testscripts.SimplePostForAutoGenIdForUrlEncoded.test(SimplePostForAutoGenIdForUrlEncoded.java:91)
	at jdk.internal.reflect.GeneratedMethodAccessor225.invoke(Unknown Source)
	at java.base/jdk.internal.reflect.DelegatingMethodAccessorImpl.invoke(DelegatingMethodAccessorImpl.java:43)
	at java.base/java.lang.reflect.Method.invoke(Method.java:566)
	at org.testng.internal.MethodInvocationHelper.invokeMethod(MethodInvocationHelper.java:108)
	at org.testng.internal.Invoker.invokeMethod(Invoker.java:661)
	at org.testng.internal.Invoker.invokeTestMethod(Invoker.java:869)
	at org.testng.internal.Invoker.invokeTestMethods(Invoker.java:1193)
	at org.testng.internal.TestMethodWorker.invokeTestMethods(TestMethodWorker.java:126)
	at org.testng.internal.TestMethodWorker.run(TestMethodWorker.java:109)
	at org.testng.TestRunner.privateRun(TestRunner.java:744)
	at org.testng.TestRunner.run(TestRunner.java:602)
	at org.testng.SuiteRunner.runTest(SuiteRunner.java:380)
	at org.testng.SuiteRunner.runSequentially(SuiteRunner.java:375)
	at org.testng.SuiteRunner.privateRun(SuiteRunner.java:340)
	at org.testng.SuiteRunner.run(SuiteRunner.java:289)
	at org.testng.SuiteRunnerWorker.runSuite(SuiteRunnerWorker.java:52)
	at org.testng.SuiteRunnerWorker.run(SuiteRunnerWorker.java:86)
	at org.testng.TestNG.runSuitesSequentially(TestNG.java:1301)
	at org.testng.TestNG.runSuitesLocally(TestNG.java:1226)
	at org.testng.TestNG.runSuites(TestNG.java:1144)
	at org.testng.TestNG.run(TestNG.java:1115)
	at io.mosip.testrunner.MosipTestRunner.startTestRunner(MosipTestRunner.java:184)
	at io.mosip.testrunner.MosipTestRunner.main(MosipTestRunner.java:124)
]]>
    </error>
  </testcase> <!-- IDP_GenerateToken_uin_Invalid_Redirect_uri_Neg -->
  <testcase classname="io.mosip.testscripts.SimplePostForAutoGenIdForUrlEncoded" name="IDP_GenerateToken_vid_Incorrect_ClientAssertionType_Neg" time="0.000">
    <error type="java.lang.NullPointerException">
      <![CDATA[java.lang.NullPointerException
	at java.base/java.lang.String.replace(String.java:2143)
	at io.mosip.admin.fw.util.AdminTestUtil.replaceIdWithAutogeneratedId(AdminTestUtil.java:2962)
	at io.mosip.admin.fw.util.AdminTestUtil.inputJsonKeyWordHandeler(AdminTestUtil.java:2422)
	at io.mosip.testscripts.SimplePostForAutoGenIdForUrlEncoded.test(SimplePostForAutoGenIdForUrlEncoded.java:91)
	at jdk.internal.reflect.GeneratedMethodAccessor225.invoke(Unknown Source)
	at java.base/jdk.internal.reflect.DelegatingMethodAccessorImpl.invoke(DelegatingMethodAccessorImpl.java:43)
	at java.base/java.lang.reflect.Method.invoke(Method.java:566)
	at org.testng.internal.MethodInvocationHelper.invokeMethod(MethodInvocationHelper.java:108)
	at org.testng.internal.Invoker.invokeMethod(Invoker.java:661)
	at org.testng.internal.Invoker.invokeTestMethod(Invoker.java:869)
	at org.testng.internal.Invoker.invokeTestMethods(Invoker.java:1193)
	at org.testng.internal.TestMethodWorker.invokeTestMethods(TestMethodWorker.java:126)
	at org.testng.internal.TestMethodWorker.run(TestMethodWorker.java:109)
	at org.testng.TestRunner.privateRun(TestRunner.java:744)
	at org.testng.TestRunner.run(TestRunner.java:602)
	at org.testng.SuiteRunner.runTest(SuiteRunner.java:380)
	at org.testng.SuiteRunner.runSequentially(SuiteRunner.java:375)
	at org.testng.SuiteRunner.privateRun(SuiteRunner.java:340)
	at org.testng.SuiteRunner.run(SuiteRunner.java:289)
	at org.testng.SuiteRunnerWorker.runSuite(SuiteRunnerWorker.java:52)
	at org.testng.SuiteRunnerWorker.run(SuiteRunnerWorker.java:86)
	at org.testng.TestNG.runSuitesSequentially(TestNG.java:1301)
	at org.testng.TestNG.runSuitesLocally(TestNG.java:1226)
	at org.testng.TestNG.runSuites(TestNG.java:1144)
	at org.testng.TestNG.run(TestNG.java:1115)
	at io.mosip.testrunner.MosipTestRunner.startTestRunner(MosipTestRunner.java:184)
	at io.mosip.testrunner.MosipTestRunner.main(MosipTestRunner.java:124)
]]>
    </error>
  </testcase> <!-- IDP_GenerateToken_vid_Incorrect_ClientAssertionType_Neg -->
  <testcase classname="io.mosip.testscripts.SimplePostForAutoGenIdForUrlEncoded" name="IDP_GenerateToken_vid_Null_ClientAssertion_Neg" time="0.001">
    <error type="java.lang.NullPointerException">
      <![CDATA[java.lang.NullPointerException
	at java.base/java.lang.String.replace(String.java:2143)
	at io.mosip.admin.fw.util.AdminTestUtil.replaceIdWithAutogeneratedId(AdminTestUtil.java:2962)
	at io.mosip.admin.fw.util.AdminTestUtil.inputJsonKeyWordHandeler(AdminTestUtil.java:2422)
	at io.mosip.testscripts.SimplePostForAutoGenIdForUrlEncoded.test(SimplePostForAutoGenIdForUrlEncoded.java:91)
	at jdk.internal.reflect.GeneratedMethodAccessor225.invoke(Unknown Source)
	at java.base/jdk.internal.reflect.DelegatingMethodAccessorImpl.invoke(DelegatingMethodAccessorImpl.java:43)
	at java.base/java.lang.reflect.Method.invoke(Method.java:566)
	at org.testng.internal.MethodInvocationHelper.invokeMethod(MethodInvocationHelper.java:108)
	at org.testng.internal.Invoker.invokeMethod(Invoker.java:661)
	at org.testng.internal.Invoker.invokeTestMethod(Invoker.java:869)
	at org.testng.internal.Invoker.invokeTestMethods(Invoker.java:1193)
	at org.testng.internal.TestMethodWorker.invokeTestMethods(TestMethodWorker.java:126)
	at org.testng.internal.TestMethodWorker.run(TestMethodWorker.java:109)
	at org.testng.TestRunner.privateRun(TestRunner.java:744)
	at org.testng.TestRunner.run(TestRunner.java:602)
	at org.testng.SuiteRunner.runTest(SuiteRunner.java:380)
	at org.testng.SuiteRunner.runSequentially(SuiteRunner.java:375)
	at org.testng.SuiteRunner.privateRun(SuiteRunner.java:340)
	at org.testng.SuiteRunner.run(SuiteRunner.java:289)
	at org.testng.SuiteRunnerWorker.runSuite(SuiteRunnerWorker.java:52)
	at org.testng.SuiteRunnerWorker.run(SuiteRunnerWorker.java:86)
	at org.testng.TestNG.runSuitesSequentially(TestNG.java:1301)
	at org.testng.TestNG.runSuitesLocally(TestNG.java:1226)
	at org.testng.TestNG.runSuites(TestNG.java:1144)
	at org.testng.TestNG.run(TestNG.java:1115)
	at io.mosip.testrunner.MosipTestRunner.startTestRunner(MosipTestRunner.java:184)
	at io.mosip.testrunner.MosipTestRunner.main(MosipTestRunner.java:124)
]]>
    </error>
  </testcase> <!-- IDP_GenerateToken_vid_Null_ClientAssertion_Neg -->
[...]
	at io.mosip.admin.fw.util.AdminTestUtil.inputJsonKeyWordHandeler(AdminTestUtil.java:2422)
	at io.mosip.testscripts.SimplePostForAutoGenIdForUrlEncoded.test(SimplePostForAutoGenIdForUrlEncoded.java:91)
	at jdk.internal.reflect.GeneratedMethodAccessor225.invoke(Unknown Source)
	at java.base/jdk.internal.reflect.DelegatingMethodAccessorImpl.invoke(DelegatingMethodAccessorImpl.java:43)
	at java.base/java.lang.reflect.Method.invoke(Method.java:566)
	at org.testng.internal.MethodInvocationHelper.invokeMethod(MethodInvocationHelper.java:108)
	at org.testng.internal.Invoker.invokeMethod(Invoker.java:661)
	at org.testng.internal.Invoker.invokeTestMethod(Invoker.java:869)
	at org.testng.internal.Invoker.invokeTestMethods(Invoker.java:1193)
	at org.testng.internal.TestMethodWorker.invokeTestMethods(TestMethodWorker.java:126)
	at org.testng.internal.TestMethodWorker.run(TestMethodWorker.java:109)
	at org.testng.TestRunner.privateRun(TestRunner.java:744)
	at org.testng.TestRunner.run(TestRunner.java:602)
	at org.testng.SuiteRunner.runTest(SuiteRunner.java:380)
	at org.testng.SuiteRunner.runSequentially(SuiteRunner.java:375)
	at org.testng.SuiteRunner.privateRun(SuiteRunner.java:340)
	at org.testng.SuiteRunner.run(SuiteRunner.java:289)
	at org.testng.SuiteRunnerWorker.runSuite(SuiteRunnerWorker.java:52)
	at org.testng.SuiteRunnerWorker.run(SuiteRunnerWorker.java:86)
	at org.testng.TestNG.runSuitesSequentially(TestNG.java:1301)
	at org.testng.TestNG.runSuitesLocally(TestNG.java:1226)
	at org.testng.TestNG.runSuites(TestNG.java:1144)
	at org.testng.TestNG.run(TestNG.java:1115)
	at io.mosip.testrunner.MosipTestRunner.startTestRunner(MosipTestRunner.java:184)
	at io.mosip.testrunner.MosipTestRunner.main(MosipTestRunner.java:124)
]]>
    </error>
  </testcase> <!-- IDP_GenerateToken_vid_SpaceFirst_Grant_type_Neg -->
  <testcase classname="io.mosip.testscripts.SimplePostForAutoGenIdForUrlEncoded" name="IDP_GenerateToken_vid_Null_Redirect_uri_Neg" time="0.006">
    <error type="java.lang.NullPointerException">
      <![CDATA[java.lang.NullPointerException
	at java.base/java.lang.String.replace(String.java:2143)
	at io.mosip.admin.fw.util.AdminTestUtil.replaceIdWithAutogeneratedId(AdminTestUtil.java:2962)
	at io.mosip.admin.fw.util.AdminTestUtil.inputJsonKeyWordHandeler(AdminTestUtil.java:2422)
	at io.mosip.testscripts.SimplePostForAutoGenIdForUrlEncoded.test(SimplePostForAutoGenIdForUrlEncoded.java:91)
	at jdk.internal.reflect.GeneratedMethodAccessor225.invoke(Unknown Source)
	at java.base/jdk.internal.reflect.DelegatingMethodAccessorImpl.invoke(DelegatingMethodAccessorImpl.java:43)
	at java.base/java.lang.reflect.Method.invoke(Method.java:566)
	at org.testng.internal.MethodInvocationHelper.invokeMethod(MethodInvocationHelper.java:108)
	at org.testng.internal.Invoker.invokeMethod(Invoker.java:661)
	at org.testng.internal.Invoker.invokeTestMethod(Invoker.java:869)
	at org.testng.internal.Invoker.invokeTestMethods(Invoker.java:1193)
	at org.testng.internal.TestMethodWorker.invokeTestMethods(TestMethodWorker.java:126)
	at org.testng.internal.TestMethodWorker.run(TestMethodWorker.java:109)
	at org.testng.TestRunner.privateRun(TestRunner.java:744)
	at org.testng.TestRunner.run(TestRunner.java:602)
	at org.testng.SuiteRunner.runTest(SuiteRunner.java:380)
	at org.testng.SuiteRunner.runSequentially(SuiteRunner.java:375)
	at org.testng.SuiteRunner.privateRun(SuiteRunner.java:340)
	at org.testng.SuiteRunner.run(SuiteRunner.java:289)
	at org.testng.SuiteRunnerWorker.runSuite(SuiteRunnerWorker.java:52)
	at org.testng.SuiteRunnerWorker.run(SuiteRunnerWorker.java:86)
	at org.testng.TestNG.runSuitesSequentially(TestNG.java:1301)
	at org.testng.TestNG.runSuitesLocally(TestNG.java:1226)
	at org.testng.TestNG.runSuites(TestNG.java:1144)
	at org.testng.TestNG.run(TestNG.java:1115)
	at io.mosip.testrunner.MosipTestRunner.startTestRunner(MosipTestRunner.java:184)
	at io.mosip.testrunner.MosipTestRunner.main(MosipTestRunner.java:124)
]]>
    </error>
  </testcase> <!-- IDP_GenerateToken_vid_Null_Redirect_uri_Neg -->
  <testcase classname="io.mosip.testscripts.SimplePostForAutoGenIdForUrlEncoded" name="IDP_GenerateToken_uin_Invalid_Grant_type_Neg" time="0.000">
    <error type="java.lang.NullPointerException">
      <![CDATA[java.lang.NullPointerException
	at java.base/java.lang.String.replace(String.java:2143)
	at io.mosip.admin.fw.util.AdminTestUtil.replaceIdWithAutogeneratedId(AdminTestUtil.java:2962)
	at io.mosip.admin.fw.util.AdminTestUtil.inputJsonKeyWordHandeler(AdminTestUtil.java:2422)
	at io.mosip.testscripts.SimplePostForAutoGenIdForUrlEncoded.test(SimplePostForAutoGenIdForUrlEncoded.java:91)
	at java.base/jdk.internal.reflect.NativeMethodAccessorImpl.invoke0(Native Method)
	at java.base/jdk.internal.reflect.NativeMethodAccessorImpl.invoke(NativeMethodAccessorImpl.java:62)
	at java.base/jdk.internal.reflect.DelegatingMethodAccessorImpl.invoke(DelegatingMethodAccessorImpl.java:43)
	at java.base/java.lang.reflect.Method.invoke(Method.java:566)
	at org.testng.internal.MethodInvocationHelper.invokeMethod(MethodInvocationHelper.java:108)
	at org.testng.internal.Invoker.invokeMethod(Invoker.java:661)
	at org.testng.internal.Invoker.invokeTestMethod(Invoker.java:869)
	at org.testng.internal.Invoker.invokeTestMethods(Invoker.java:1193)
	at org.testng.internal.TestMethodWorker.invokeTestMethods(TestMethodWorker.java:126)
	at org.testng.internal.TestMethodWorker.run(TestMethodWorker.java:109)
	at org.testng.TestRunner.privateRun(TestRunner.java:744)
	at org.testng.TestRunner.run(TestRunner.java:602)
	at org.testng.SuiteRunner.runTest(SuiteRunner.java:380)
	at org.testng.SuiteRunner.runSequentially(SuiteRunner.java:375)
	at org.testng.SuiteRunner.privateRun(SuiteRunner.java:340)
	at org.testng.SuiteRunner.run(SuiteRunner.java:289)
	at org.testng.SuiteRunnerWorker.runSuite(SuiteRunnerWorker.java:52)
	at org.testng.SuiteRunnerWorker.run(SuiteRunnerWorker.java:86)
	at org.testng.TestNG.runSuitesSequentially(TestNG.java:1301)
	at org.testng.TestNG.runSuitesLocally(TestNG.java:1226)
	at org.testng.TestNG.runSuites(TestNG.java:1144)
	at org.testng.TestNG.run(TestNG.java:1115)
	at io.mosip.testrunner.MosipTestRunner.startTestRunner(MosipTestRunner.java:184)
	at io.mosip.testrunner.MosipTestRunner.main(MosipTestRunner.java:124)
]]>
    </error>
  </testcase> <!-- IDP_GenerateToken_uin_Invalid_Grant_type_Neg -->
  <testcase classname="io.mosip.testscripts.SimplePostForAutoGenIdForUrlEncoded" name="IDP_GenerateToken_vid_Null_Grant_type_Neg" time="0.003">
    <error type="java.lang.NullPointerException">
      <![CDATA[java.lang.NullPointerException
	at java.base/java.lang.String.replace(String.java:2143)
	at io.mosip.admin.fw.util.AdminTestUtil.replaceIdWithAutogeneratedId(AdminTestUtil.java:2962)
	at io.mosip.admin.fw.util.AdminTestUtil.inputJsonKeyWordHandeler(AdminTestUtil.java:2422)
	at io.mosip.testscripts.SimplePostForAutoGenIdForUrlEncoded.test(SimplePostForAutoGenIdForUrlEncoded.java:91)
	at jdk.internal.reflect.GeneratedMethodAccessor225.invoke(Unknown Source)
	at java.base/jdk.internal.reflect.DelegatingMethodAccessorImpl.invoke(DelegatingMethodAccessorImpl.java:43)
	at java.base/java.lang.reflect.Method.invoke(Method.java:566)
	at org.testng.internal.MethodInvocationHelper.invokeMethod(MethodInvocationHelper.java:108)
	at org.testng.internal.Invoker.invokeMethod(Invoker.java:661)
	at org.testng.internal.Invoker.invokeTestMethod(Invoker.java:869)
	at org.testng.internal.Invoker.invokeTestMethods(Invoker.java:1193)
	at org.testng.internal.TestMethodWorker.invokeTestMethods(TestMethodWorker.java:126)
	at org.testng.internal.TestMethodWorker.run(TestMethodWorker.java:109)
	at org.testng.TestRunner.privateRun(TestRunner.java:744)
	at org.testng.TestRunner.run(TestRunner.java:602)
	at org.testng.SuiteRunner.runTest(SuiteRunner.java:380)
	at org.testng.SuiteRunner.runSequentially(SuiteRunner.java:375)
	at org.testng.SuiteRunner.privateRun(SuiteRunner.java:340)
	at org.testng.SuiteRunner.run(SuiteRunner.java:289)
	at org.testng.SuiteRunnerWorker.runSuite(SuiteRunnerWorker.java:52)
	at org.testng.SuiteRunnerWorker.run(SuiteRunnerWorker.java:86)
	at org.testng.TestNG.runSuitesSequentially(TestNG.java:1301)
	at org.testng.TestNG.runSuitesLocally(TestNG.java:1226)
	at org.testng.TestNG.runSuites(TestNG.java:1144)
	at org.testng.TestNG.run(TestNG.java:1115)
	at io.mosip.testrunner.MosipTestRunner.startTestRunner(MosipTestRunner.java:184)
	at io.mosip.testrunner.MosipTestRunner.main(MosipTestRunner.java:124)
]]>
    </error>
  </testcase> <!-- IDP_GenerateToken_vid_Null_Grant_type_Neg -->
  <testcase classname="io.mosip.testscripts.SimplePostForAutoGenIdForUrlEncoded" name="IDP_GenerateToken_vid_SpaceLast_Grant_type_Neg" time="0.003">
    <error type="java.lang.NullPointerException">
      <![CDATA[java.lang.NullPointerException
	at java.base/java.lang.String.replace(String.java:2143)
	at io.mosip.admin.fw.util.AdminTestUtil.replaceIdWithAutogeneratedId(AdminTestUtil.java:2962)
	at io.mosip.admin.fw.util.AdminTestUtil.inputJsonKeyWordHandeler(AdminTestUtil.java:2422)
	at io.mosip.testscripts.SimplePostForAutoGenIdForUrlEncoded.test(SimplePostForAutoGenIdForUrlEncoded.java:91)
	at jdk.internal.reflect.GeneratedMethodAccessor225.invoke(Unknown Source)
	at java.base/jdk.internal.reflect.DelegatingMethodAccessorImpl.invoke(DelegatingMethodAccessorImpl.java:43)
	at java.base/java.lang.reflect.Method.invoke(Method.java:566)
	at org.testng.internal.MethodInvocationHelper.invokeMethod(MethodInvocationHelper.java:108)
	at org.testng.internal.Invoker.invokeMethod(Invoker.java:661)
	at org.testng.internal.Invoker.invokeTestMethod(Invoker.java:869)
	at org.testng.internal.Invoker.invokeTestMethods(Invoker.java:1193)
	at org.testng.internal.TestMethodWorker.invokeTestMethods(TestMethodWorker.java:126)
	at org.testng.internal.TestMethodWorker.run(TestMethodWorker.java:109)
	at org.testng.TestRunner.privateRun(TestRunner.java:744)
	at org.testng.TestRunner.run(TestRunner.java:602)
	at org.testng.SuiteRunner.runTest(SuiteRunner.java:380)
	at org.testng.SuiteRunner.runSequentially(SuiteRunner.java:375)
	at org.testng.SuiteRunner.privateRun(SuiteRunner.java:340)
	at org.testng.SuiteRunner.run(SuiteRunner.java:289)
	at org.testng.SuiteRunnerWorker.runSuite(SuiteRunnerWorker.java:52)
	at org.testng.SuiteRunnerWorker.run(SuiteRunnerWorker.java:86)
	at org.testng.TestNG.runSuitesSequentially(TestNG.java:1301)
	at org.testng.TestNG.runSuitesLocally(TestNG.java:1226)
	at org.testng.TestNG.runSuites(TestNG.java:1144)
	at org.testng.TestNG.run(TestNG.java:1115)
	at io.mosip.testrunner.MosipTestRunner.startTestRunner(MosipTestRunner.java:184)
	at io.mosip.testrunner.MosipTestRunner.main(MosipTestRunner.java:124)
]]>
    </error>
  </testcase> <!-- IDP_GenerateToken_vid_SpaceLast_Grant_type_Neg -->
  <testcase classname="io.mosip.testscripts.SimplePostForAutoGenIdForUrlEncoded" name="IDP_GenerateToken_vid_Null_ClientId_Neg" time="0.003">
    <error type="java.lang.NullPointerException">
      <![CDATA[java.lang.NullPointerException
	at java.base/java.lang.String.replace(String.java:2143)
	at io.mosip.admin.fw.util.AdminTestUtil.replaceIdWithAutogeneratedId(AdminTestUtil.java:2962)
	at io.mosip.admin.fw.util.AdminTestUtil.inputJsonKeyWordHandeler(AdminTestUtil.java:2422)
	at io.mosip.testscripts.SimplePostForAutoGenIdForUrlEncoded.test(SimplePostForAutoGenIdForUrlEncoded.java:91)
	at jdk.internal.reflect.GeneratedMethodAccessor225.invoke(Unknown Source)
	at java.base/jdk.internal.reflect.DelegatingMethodAccessorImpl.invoke(DelegatingMethodAccessorImpl.java:43)
	at java.base/java.lang.reflect.Method.invoke(Method.java:566)
	at org.testng.internal.MethodInvocationHelper.invokeMethod(MethodInvocationHelper.java:108)
	at org.testng.internal.Invoker.invokeMethod(Invoker.java:661)
	at org.testng.internal.Invoker.invokeTestMethod(Invoker.java:869)
	at org.testng.internal.Invoker.invokeTestMethods(Invoker.java:1193)
	at org.testng.internal.TestMethodWorker.invokeTestMethods(TestMethodWorker.java:126)
	at org.testng.internal.TestMethodWorker.run(TestMethodWorker.java:109)
	at org.testng.TestRunner.privateRun(TestRunner.java:744)
	at org.testng.TestRunner.run(TestRunner.java:602)
	at org.testng.SuiteRunner.runTest(SuiteRunner.java:380)
	at org.testng.SuiteRunner.runSequentially(SuiteRunner.java:375)
	at org.testng.SuiteRunner.privateRun(SuiteRunner.java:340)
	at org.testng.SuiteRunner.run(SuiteRunner.java:289)
	at org.testng.SuiteRunnerWorker.runSuite(SuiteRunnerWorker.java:52)
	at org.testng.SuiteRunnerWorker.run(SuiteRunnerWorker.java:86)
	at org.testng.TestNG.runSuitesSequentially(TestNG.java:1301)
	at org.testng.TestNG.runSuitesLocally(TestNG.java:1226)
	at org.testng.TestNG.runSuites(TestNG.java:1144)
	at org.testng.TestNG.run(TestNG.java:1115)
	at io.mosip.testrunner.MosipTestRunner.startTestRunner(MosipTestRunner.java:184)
	at io.mosip.testrunner.MosipTestRunner.main(MosipTestRunner.java:124)
]]>
    </error>
  </testcase> <!-- IDP_GenerateToken_vid_Null_ClientId_Neg -->
  <testcase classname="io.mosip.testscripts.SimplePostForAutoGenIdForUrlEncoded" name="IDP_GenerateToken_vid_SpaceLast_ClientAssertionType_Neg" time="0.012">
    <error type="java.lang.NullPointerException">
      <![CDATA[java.lang.NullPointerException
	at java.base/java.lang.String.replace(String.java:2143)
	at io.mosip.admin.fw.util.AdminTestUtil.replaceIdWithAutogeneratedId(AdminTestUtil.java:2962)
	at io.mosip.admin.fw.util.AdminTestUtil.inputJsonKeyWordHandeler(AdminTestUtil.java:2422)
	at io.mosip.testscripts.SimplePostForAutoGenIdForUrlEncoded.test(SimplePostForAutoGenIdForUrlEncoded.java:91)
	at jdk.internal.reflect.GeneratedMethodAccessor225.invoke(Unknown Source)
	at java.base/jdk.internal.reflect.DelegatingMethodAccessorImpl.invoke(DelegatingMethodAccessorImpl.java:43)
	at java.base/java.lang.reflect.Method.invoke(Method.java:566)
	at org.testng.internal.MethodInvocationHelper.invokeMethod(MethodInvocationHelper.java:108)
	at org.testng.internal.Invoker.invokeMethod(Invoker.java:661)
	at org.testng.internal.Invoker.invokeTestMethod(Invoker.java:869)
	at org.testng.internal.Invoker.invokeTestMethods(Invoker.java:1193)
	at org.testng.internal.TestMethodWorker.invokeTestMethods(TestMethodWorker.java:126)
	at org.testng.internal.TestMethodWorker.run(TestMethodWorker.java:109)
	at org.testng.TestRunner.privateRun(TestRunner.java:744)
	at org.testng.TestRunner.run(TestRunner.java:602)
	at org.testng.SuiteRunner.runTest(SuiteRunner.java:380)
	at org.testng.SuiteRunner.runSequentially(SuiteRunner.java:375)
	at org.testng.SuiteRunner.privateRun(SuiteRunner.java:340)
	at org.testng.SuiteRunner.run(SuiteRunner.java:289)
	at org.testng.SuiteRunnerWorker.runSuite(SuiteRunnerWorker.java:52)
	at org.testng.SuiteRunnerWorker.run(SuiteRunnerWorker.java:86)
	at org.testng.TestNG.runSuitesSequentially(TestNG.java:1301)
	at org.testng.TestNG.runSuitesLocally(TestNG.java:1226)
	at org.testng.TestNG.runSuites(TestNG.java:1144)
	at org.testng.TestNG.run(TestNG.java:1115)
	at io.mosip.testrunner.MosipTestRunner.startTestRunner(MosipTestRunner.java:184)
	at io.mosip.testrunner.MosipTestRunner.main(MosipTestRunner.java:124)
]]>
    </error>
  </testcase> <!-- IDP_GenerateToken_vid_SpaceLast_ClientAssertionType_Neg -->
  <testcase classname="io.mosip.testscripts.SimplePostForAutoGenIdForUrlEncoded" name="IDP_GenerateToken_uin_Invalid_ClientAssertionType_Neg" time="0.016">
    <error type="java.lang.NullPointerException">
      <![CDATA[java.lang.NullPointerException
	at java.base/java.lang.String.replace(String.java:2143)
	at io.mosip.admin.fw.util.AdminTestUtil.replaceIdWithAutogeneratedId(AdminTestUtil.java:2962)
	at io.mosip.admin.fw.util.AdminTestUtil.inputJsonKeyWordHandeler(AdminTestUtil.java:2422)
	at io.mosip.testscripts.SimplePostForAutoGenIdForUrlEncoded.test(SimplePostForAutoGenIdForUrlEncoded.java:91)
	at jdk.internal.reflect.GeneratedMethodAccessor225.invoke(Unknown Source)
	at java.base/jdk.internal.reflect.DelegatingMethodAccessorImpl.invoke(DelegatingMethodAccessorImpl.java:43)
	at java.base/java.lang.reflect.Method.invoke(Method.java:566)
	at org.testng.internal.MethodInvocationHelper.invokeMethod(MethodInvocationHelper.java:108)
	at org.testng.internal.Invoker.invokeMethod(Invoker.java:661)
	at org.testng.internal.Invoker.invokeTestMethod(Invoker.java:869)
	at org.testng.internal.Invoker.invokeTestMethods(Invoker.java:1193)
	at org.testng.internal.TestMethodWorker.invokeTestMethods(TestMethodWorker.java:126)
	at org.testng.internal.TestMethodWorker.run(TestMethodWorker.java:109)
	at org.testng.TestRunner.privateRun(TestRunner.java:744)
	at org.testng.TestRunner.run(TestRunner.java:602)
	at org.testng.SuiteRunner.runTest(SuiteRunner.java:380)
	at org.testng.SuiteRunner.runSequentially(SuiteRunner.java:375)
	at org.testng.SuiteRunner.privateRun(SuiteRunner.java:340)
	at org.testng.SuiteRunner.run(SuiteRunner.java:289)
	at org.testng.SuiteRunnerWorker.runSuite(SuiteRunnerWorker.java:52)
	at org.testng.SuiteRunnerWorker.run(SuiteRunnerWorker.java:86)
	at org.testng.TestNG.runSuitesSequentially(TestNG.java:1301)
	at org.testng.TestNG.runSuitesLocally(TestNG.java:1226)
	at org.testng.TestNG.runSuites(TestNG.java:1144)
	at org.testng.TestNG.run(TestNG.java:1115)
	at io.mosip.testrunner.MosipTestRunner.startTestRunner(MosipTestRunner.java:184)
	at io.mosip.testrunner.MosipTestRunner.main(MosipTestRunner.java:124)
]]>
    </error>
  </testcase> <!-- IDP_GenerateToken_uin_Invalid_ClientAssertionType_Neg -->
  <testcase classname="io.mosip.testscripts.SimplePostForAutoGenIdForUrlEncoded" name="IDP_GenerateToken_vid_Null_ClientAssertionType_Neg" time="0.004">
    <error type="java.lang.NullPointerException">
      <![CDATA[java.lang.NullPointerException
	at java.base/java.lang.String.replace(String.java:2143)
	at io.mosip.admin.fw.util.AdminTestUtil.replaceIdWithAutogeneratedId(AdminTestUtil.java:2962)
	at io.mosip.admin.fw.util.AdminTestUtil.inputJsonKeyWordHandeler(AdminTestUtil.java:2422)
	at io.mosip.testscripts.SimplePostForAutoGenIdForUrlEncoded.test(SimplePostForAutoGenIdForUrlEncoded.java:91)
	at jdk.internal.reflect.GeneratedMethodAccessor225.invoke(Unknown Source)
	at java.base/jdk.internal.reflect.DelegatingMethodAccessorImpl.invoke(DelegatingMethodAccessorImpl.java:43)
	at java.base/java.lang.reflect.Method.invoke(Method.java:566)
	at org.testng.internal.MethodInvocationHelper.invokeMethod(MethodInvocationHelper.java:108)
	at org.testng.internal.Invoker.invokeMethod(Invoker.java:661)
	at org.testng.internal.Invoker.invokeTestMethod(Invoker.java:869)
	at org.testng.internal.Invoker.invokeTestMethods(Invoker.java:1193)
	at org.testng.internal.TestMethodWorker.invokeTestMethods(TestMethodWorker.java:126)
	at org.testng.internal.TestMethodWorker.run(TestMethodWorker.java:109)
	at org.testng.TestRunner.privateRun(TestRunner.java:744)
	at org.testng.TestRunner.run(TestRunner.java:602)
	at org.testng.SuiteRunner.runTest(SuiteRunner.java:380)
	at org.testng.SuiteRunner.runSequentially(SuiteRunner.java:375)
	at org.testng.SuiteRunner.privateRun(SuiteRunner.java:340)
	at org.testng.SuiteRunner.run(SuiteRunner.java:289)
	at org.testng.SuiteRunnerWorker.runSuite(SuiteRunnerWorker.java:52)
	at org.testng.SuiteRunnerWorker.run(SuiteRunnerWorker.java:86)
	at org.testng.TestNG.runSuitesSequentially(TestNG.java:1301)
	at org.testng.TestNG.runSuitesLocally(TestNG.java:1226)
	at org.testng.TestNG.runSuites(TestNG.java:1144)
	at org.testng.TestNG.run(TestNG.java:1115)
	at io.mosip.testrunner.MosipTestRunner.startTestRunner(MosipTestRunner.java:184)
	at io.mosip.testrunner.MosipTestRunner.main(MosipTestRunner.java:124)
]]>
    </error>
  </testcase> <!-- IDP_GenerateToken_vid_Null_ClientAssertionType_Neg -->
  <testcase classname="io.mosip.testscripts.SimplePostForAutoGenIdForUrlEncoded" name="IDP_GenerateToken_uin_Invalid_Code_Neg" time="0.376"/>
</testsuite> <!-- io.mosip.testscripts.SimplePostForAutoGenIdForUrlEncoded -->
