<?xml version="1.0" encoding="UTF-8"?>
<!-- Generated by org.testng.reporters.JUnitXMLReporter -->
<testsuite ignored="0" hostname="Techno-247" failures="1" tests="1" name="test1" time="0.809" errors="0" timestamp="13 Jan 2021 05:52:49 GMT">
  <testcase classname="io.mosip.ivv.orchestrator.Orchestrator" name="run" time="0.265">
    <failure type="java.lang.AssertionError" message="expected [true] but found [false]">
      <![CDATA[java.lang.AssertionError: expected [true] but found [false]
at io.mosip.ivv.orchestrator.Orchestrator.run(Orchestrator.java:217)
... Removed 29 stack frames]]>
    </failure>
  </testcase> <!-- run -->
</testsuite> <!-- test1 -->
