<?xml version="1.0" encoding="UTF-8"?>
<!-- Generated by org.testng.reporters.JUnitXMLReporter -->
<testsuite hostname="A2ML30049" ignored="0" name="EmailNotificationServiceTest" tests="5" failures="5" timestamp="23 Jul 2019 06:29:59 GMT" time="83.866" errors="0">
  <testcase name="validatePacketCreation" time="1.643" classname="io.mosip.registration.main.PacketCreation">
    <failure type="java.lang.ClassCastException" message="io.mosip.registration.dto.MainResponseDTO cannot be cast to java.util.LinkedHashMap">
      <![CDATA[java.lang.ClassCastException: io.mosip.registration.dto.MainResponseDTO cannot be cast to java.util.LinkedHashMap
at io.mosip.registration.service.sync.impl.PreRegistrationDataSyncServiceImpl.getPreRegistration(PreRegistrationDataSyncServiceImpl.java:299)
at io.mosip.registration.service.sync.impl.PreRegistrationDataSyncServiceImpl.getPreRegistration(PreRegistrationDataSyncServiceImpl.java:229)
at io.mosip.registration.util.CommonUtil.getPreRegistrationDetails(CommonUtil.java:130)
at io.mosip.registration.main.PacketCreation.validatePacketCreation(PacketCreation.java:168)
at org.springframework.test.context.testng.AbstractTestNGSpringContextTests.run(AbstractTestNGSpringContextTests.java:180)
at io.mosip.registration.main.RegClient.createPacket(RegClient.java:25)
at io.mosip.e2e.tests.PacketGeneratorTest.generateValidInvalidPackets(PacketGeneratorTest.java:56)
at io.mosip.e2e.runner.EndToEndRun.main(EndToEndRun.java:30)
... Removed 46 stack frames]]>
    </failure>
  </testcase> <!-- validatePacketCreation -->
  <testcase name="validatePacketCreation" time="0.596" classname="io.mosip.registration.main.PacketCreation">
    <failure type="java.lang.ClassCastException" message="io.mosip.registration.dto.MainResponseDTO cannot be cast to java.util.LinkedHashMap">
      <![CDATA[java.lang.ClassCastException: io.mosip.registration.dto.MainResponseDTO cannot be cast to java.util.LinkedHashMap
at io.mosip.registration.service.sync.impl.PreRegistrationDataSyncServiceImpl.getPreRegistration(PreRegistrationDataSyncServiceImpl.java:299)
at io.mosip.registration.service.sync.impl.PreRegistrationDataSyncServiceImpl.getPreRegistration(PreRegistrationDataSyncServiceImpl.java:229)
at io.mosip.registration.util.CommonUtil.getPreRegistrationDetails(CommonUtil.java:130)
at io.mosip.registration.main.PacketCreation.validatePacketCreation(PacketCreation.java:168)
at org.springframework.test.context.testng.AbstractTestNGSpringContextTests.run(AbstractTestNGSpringContextTests.java:180)
at io.mosip.registration.main.RegClient.createPacket(RegClient.java:25)
at io.mosip.e2e.tests.PacketGeneratorTest.generateValidInvalidPackets(PacketGeneratorTest.java:56)
at io.mosip.e2e.runner.EndToEndRun.main(EndToEndRun.java:30)
... Removed 46 stack frames]]>
    </failure>
  </testcase> <!-- validatePacketCreation -->
  <testcase name="validatePacketCreation" time="0.658" classname="io.mosip.registration.main.PacketCreation">
    <failure type="java.lang.ClassCastException" message="io.mosip.registration.dto.MainResponseDTO cannot be cast to java.util.LinkedHashMap">
      <![CDATA[java.lang.ClassCastException: io.mosip.registration.dto.MainResponseDTO cannot be cast to java.util.LinkedHashMap
at io.mosip.registration.service.sync.impl.PreRegistrationDataSyncServiceImpl.getPreRegistration(PreRegistrationDataSyncServiceImpl.java:299)
at io.mosip.registration.service.sync.impl.PreRegistrationDataSyncServiceImpl.getPreRegistration(PreRegistrationDataSyncServiceImpl.java:229)
at io.mosip.registration.util.CommonUtil.getPreRegistrationDetails(CommonUtil.java:130)
at io.mosip.registration.main.PacketCreation.validatePacketCreation(PacketCreation.java:168)
at org.springframework.test.context.testng.AbstractTestNGSpringContextTests.run(AbstractTestNGSpringContextTests.java:180)
at io.mosip.registration.main.RegClient.createPacket(RegClient.java:25)
at io.mosip.e2e.tests.PacketGeneratorTest.generateValidInvalidPackets(PacketGeneratorTest.java:56)
at io.mosip.e2e.runner.EndToEndRun.main(EndToEndRun.java:30)
... Removed 46 stack frames]]>
    </failure>
  </testcase> <!-- validatePacketCreation -->
  <testcase name="validatePacketCreation" time="1.514" classname="io.mosip.registration.main.PacketCreation">
    <failure type="java.lang.AssertionError" message="expected [Success] but found [null]">
      <![CDATA[java.lang.AssertionError: expected [Success] but found [null]
at io.mosip.registration.util.CommonUtil.verifyAssertionResponse(CommonUtil.java:673)
at io.mosip.registration.main.PacketCreation.validatePacketCreation(PacketCreation.java:179)
at org.springframework.test.context.testng.AbstractTestNGSpringContextTests.run(AbstractTestNGSpringContextTests.java:180)
at io.mosip.registration.main.RegClient.createPacket(RegClient.java:25)
at io.mosip.e2e.tests.PacketGeneratorTest.generateValidInvalidPackets(PacketGeneratorTest.java:56)
at io.mosip.e2e.runner.EndToEndRun.main(EndToEndRun.java:30)
... Removed 52 stack frames]]>
    </failure>
  </testcase> <!-- validatePacketCreation -->
  <testcase name="validatePacketCreation" time="1.748" classname="io.mosip.registration.main.PacketCreation">
    <failure type="java.lang.ClassCastException" message="io.mosip.registration.dto.MainResponseDTO cannot be cast to java.util.LinkedHashMap">
      <![CDATA[java.lang.ClassCastException: io.mosip.registration.dto.MainResponseDTO cannot be cast to java.util.LinkedHashMap
at io.mosip.registration.service.sync.impl.PreRegistrationDataSyncServiceImpl.getPreRegistration(PreRegistrationDataSyncServiceImpl.java:299)
at io.mosip.registration.service.sync.impl.PreRegistrationDataSyncServiceImpl.getPreRegistration(PreRegistrationDataSyncServiceImpl.java:229)
at io.mosip.registration.util.CommonUtil.getPreRegistrationDetails(CommonUtil.java:130)
at io.mosip.registration.main.PacketCreation.validatePacketCreation(PacketCreation.java:168)
at org.springframework.test.context.testng.AbstractTestNGSpringContextTests.run(AbstractTestNGSpringContextTests.java:180)
at io.mosip.registration.main.RegClient.createPacket(RegClient.java:25)
at io.mosip.e2e.tests.PacketGeneratorTest.generateValidInvalidPackets(PacketGeneratorTest.java:56)
at io.mosip.e2e.runner.EndToEndRun.main(EndToEndRun.java:30)
... Removed 46 stack frames]]>
    </failure>
  </testcase> <!-- validatePacketCreation -->
</testsuite> <!-- EmailNotificationServiceTest -->
