<?xml version="1.0" encoding="UTF-8"?>
<testng-results skipped="0" failed="13" ignored="2" total="46" passed="31">
  <reporter-output>
  </reporter-output>
  <suite name="mosip" duration-ms="29404" started-at="2018-12-12T09:38:45Z" finished-at="2018-12-12T09:39:15Z">
    <groups>
      <group name="smoke">
        <method signature="kernel_module.init(java.lang.String, com.eviware.soapui.impl.wsdl.WsdlTestSuite)[pri:0, instance:mosip.api.scripts.kernel_module@9a7504c]" name="init" class="mosip.api.scripts.kernel_module"/>
        <method signature="pre_reg_module.init(java.lang.String, com.eviware.soapui.impl.wsdl.WsdlTestSuite)[pri:0, instance:mosip.api.scripts.pre_reg_module@2c039ac6]" name="init" class="mosip.api.scripts.pre_reg_module"/>
      </group> <!-- smoke -->
      <group name="progression">
        <method signature="kernel_module.init1(java.lang.String, com.eviware.soapui.impl.wsdl.WsdlTestSuite)[pri:0, instance:mosip.api.scripts.kernel_module@9a7504c]" name="init1" class="mosip.api.scripts.kernel_module"/>
        <method signature="pre_reg_module.init1(java.lang.String, com.eviware.soapui.impl.wsdl.WsdlTestSuite)[pri:0, instance:mosip.api.scripts.pre_reg_module@2c039ac6]" name="init1" class="mosip.api.scripts.pre_reg_module"/>
      </group> <!-- progression -->
    </groups>
    <test name="Functional" duration-ms="29404" started-at="2018-12-12T09:38:45Z" finished-at="2018-12-12T09:39:15Z">
      <class name="mosip.api.scripts.kernel_module">
        <test-method status="PASS" signature="BeforeMethod(java.lang.reflect.Method, [Ljava.lang.Object;)[pri:0, instance:mosip.api.scripts.kernel_module@9a7504c]" test-instance-name="4_2_2_OTPmanager_MOS_35_36_Progression_Key_with_3 digits" name="BeforeMethod" is-config="true" duration-ms="8" started-at="2018-12-12T15:08:51Z" finished-at="2018-12-12T15:08:51Z">
          <params>
            <param index="0">
              <value>
                <![CDATA[public void mosip.api.scripts.kernel_module.init(java.lang.String,com.eviware.soapui.impl.wsdl.WsdlTestSuite) throws org.apache.xmlbeans.XmlException,java.io.IOException,com.eviware.soapui.support.SoapUIException]]>
              </value>
            </param>
            <param index="1">
              <value>
                <![CDATA[[Ljava.lang.Object;@4e2916c3]]>
              </value>
            </param>
          </params>
          <reporter-output>
          </reporter-output>
        </test-method> <!-- BeforeMethod -->
        <test-method status="PASS" signature="init(java.lang.String, com.eviware.soapui.impl.wsdl.WsdlTestSuite)[pri:0, instance:mosip.api.scripts.kernel_module@9a7504c]" test-instance-name="4_2_2_OTPmanager_MOS_35_36_Progression_Key_with_3 digits" name="init" duration-ms="1328" started-at="2018-12-12T15:08:51Z" data-provider="testSuite" finished-at="2018-12-12T15:08:52Z">
          <params>
            <param index="0">
              <value>
                <![CDATA[init]]>
              </value>
            </param>
            <param index="1">
              <value>
                <![CDATA[com.eviware.soapui.impl.wsdl.WsdlTestSuite@621f89b8]]>
              </value>
            </param>
          </params>
          <reporter-output>
          </reporter-output>
        </test-method> <!-- init -->
        <test-method status="PASS" signature="afterMethod(org.testng.ITestResult)[pri:0, instance:mosip.api.scripts.kernel_module@9a7504c]" test-instance-name="4_2_2_OTPmanager_MOS_35_36_Progression_Key_with_3 digits" name="afterMethod" is-config="true" duration-ms="1" started-at="2018-12-12T15:08:52Z" finished-at="2018-12-12T15:08:52Z">
          <params>
            <param index="0">
              <value>
                <![CDATA[[TestResult name=init status=SUCCESS method=kernel_module.init(java.lang.String, com.eviware.soapui.impl.wsdl.WsdlTestSuite)[pri:0, instance:mosip.api.scripts.kernel_module@9a7504c] output={null}]]]>
              </value>
            </param>
          </params>
          <reporter-output>
          </reporter-output>
        </test-method> <!-- afterMethod -->
        <test-method status="PASS" signature="init(java.lang.String, com.eviware.soapui.impl.wsdl.WsdlTestSuite)[pri:0, instance:mosip.api.scripts.kernel_module@9a7504c]" test-instance-name="4_2_2_OTPmanager_MOS_35_36_Progression_Key_with_3 digits" name="init" duration-ms="1567" started-at="2018-12-12T15:08:52Z" data-provider="testSuite" finished-at="2018-12-12T15:08:54Z">
          <params>
            <param index="0">
              <value>
                <![CDATA[4_2_1_AuditManager_MOS_441_829_smoke_ValidatingAuditManager]]>
              </value>
            </param>
            <param index="1">
              <value>
                <![CDATA[com.eviware.soapui.impl.wsdl.WsdlTestSuite@621f89b8]]>
              </value>
            </param>
          </params>
          <reporter-output>
          </reporter-output>
        </test-method> <!-- init -->
        <test-method status="PASS" signature="BeforeMethod(java.lang.reflect.Method, [Ljava.lang.Object;)[pri:0, instance:mosip.api.scripts.kernel_module@9a7504c]" test-instance-name="4_2_2_OTPmanager_MOS_35_36_Progression_Key_with_3 digits" name="BeforeMethod" is-config="true" duration-ms="0" started-at="2018-12-12T15:08:52Z" finished-at="2018-12-12T15:08:52Z">
          <params>
            <param index="0">
              <value>
                <![CDATA[public void mosip.api.scripts.kernel_module.init(java.lang.String,com.eviware.soapui.impl.wsdl.WsdlTestSuite) throws org.apache.xmlbeans.XmlException,java.io.IOException,com.eviware.soapui.support.SoapUIException]]>
              </value>
            </param>
            <param index="1">
              <value>
                <![CDATA[[Ljava.lang.Object;@1442f788]]>
              </value>
            </param>
          </params>
          <reporter-output>
          </reporter-output>
        </test-method> <!-- BeforeMethod -->
        <test-method status="PASS" signature="afterMethod(org.testng.ITestResult)[pri:0, instance:mosip.api.scripts.kernel_module@9a7504c]" test-instance-name="4_2_2_OTPmanager_MOS_35_36_Progression_Key_with_3 digits" name="afterMethod" is-config="true" duration-ms="0" started-at="2018-12-12T15:08:54Z" finished-at="2018-12-12T15:08:54Z">
          <params>
            <param index="0">
              <value>
                <![CDATA[[TestResult name=4_2_1_AuditManager_MOS_441_829_smoke_ValidatingAuditManager status=SUCCESS method=kernel_module.init(java.lang.String, com.eviware.soapui.impl.wsdl.WsdlTestSuite)[pri:0, instance:mosip.api.scripts.kernel_module@9a7504c] output={null}]]]>
              </value>
            </param>
          </params>
          <reporter-output>
          </reporter-output>
        </test-method> <!-- afterMethod -->
        <test-method status="PASS" signature="init(java.lang.String, com.eviware.soapui.impl.wsdl.WsdlTestSuite)[pri:0, instance:mosip.api.scripts.kernel_module@9a7504c]" test-instance-name="4_2_2_OTPmanager_MOS_35_36_Progression_Key_with_3 digits" name="init" duration-ms="225" started-at="2018-12-12T15:08:54Z" data-provider="testSuite" finished-at="2018-12-12T15:08:54Z">
          <params>
            <param index="0">
              <value>
                <![CDATA[4_2_3_AuditManager_MOS_441_829_smoke_ActiontimeStampMissing]]>
              </value>
            </param>
            <param index="1">
              <value>
                <![CDATA[com.eviware.soapui.impl.wsdl.WsdlTestSuite@621f89b8]]>
              </value>
            </param>
          </params>
          <reporter-output>
          </reporter-output>
        </test-method> <!-- init -->
        <test-method status="PASS" signature="BeforeMethod(java.lang.reflect.Method, [Ljava.lang.Object;)[pri:0, instance:mosip.api.scripts.kernel_module@9a7504c]" test-instance-name="4_2_2_OTPmanager_MOS_35_36_Progression_Key_with_3 digits" name="BeforeMethod" is-config="true" duration-ms="0" started-at="2018-12-12T15:08:54Z" finished-at="2018-12-12T15:08:54Z">
          <params>
            <param index="0">
              <value>
                <![CDATA[public void mosip.api.scripts.kernel_module.init(java.lang.String,com.eviware.soapui.impl.wsdl.WsdlTestSuite) throws org.apache.xmlbeans.XmlException,java.io.IOException,com.eviware.soapui.support.SoapUIException]]>
              </value>
            </param>
            <param index="1">
              <value>
                <![CDATA[[Ljava.lang.Object;@15f35bc3]]>
              </value>
            </param>
          </params>
          <reporter-output>
          </reporter-output>
        </test-method> <!-- BeforeMethod -->
        <test-method status="PASS" signature="afterMethod(org.testng.ITestResult)[pri:0, instance:mosip.api.scripts.kernel_module@9a7504c]" test-instance-name="4_2_2_OTPmanager_MOS_35_36_Progression_Key_with_3 digits" name="afterMethod" is-config="true" duration-ms="0" started-at="2018-12-12T15:08:54Z" finished-at="2018-12-12T15:08:54Z">
          <params>
            <param index="0">
              <value>
                <![CDATA[[TestResult name=4_2_3_AuditManager_MOS_441_829_smoke_ActiontimeStampMissing status=SUCCESS method=kernel_module.init(java.lang.String, com.eviware.soapui.impl.wsdl.WsdlTestSuite)[pri:0, instance:mosip.api.scripts.kernel_module@9a7504c] output={null}]]]>
              </value>
            </param>
          </params>
          <reporter-output>
          </reporter-output>
        </test-method> <!-- afterMethod -->
        <test-method status="PASS" signature="BeforeMethod(java.lang.reflect.Method, [Ljava.lang.Object;)[pri:0, instance:mosip.api.scripts.kernel_module@9a7504c]" test-instance-name="4_2_2_OTPmanager_MOS_35_36_Progression_Key_with_3 digits" name="BeforeMethod" is-config="true" duration-ms="1" started-at="2018-12-12T15:08:54Z" finished-at="2018-12-12T15:08:54Z">
          <params>
            <param index="0">
              <value>
                <![CDATA[public void mosip.api.scripts.kernel_module.init(java.lang.String,com.eviware.soapui.impl.wsdl.WsdlTestSuite) throws org.apache.xmlbeans.XmlException,java.io.IOException,com.eviware.soapui.support.SoapUIException]]>
              </value>
            </param>
            <param index="1">
              <value>
                <![CDATA[[Ljava.lang.Object;@411a5965]]>
              </value>
            </param>
          </params>
          <reporter-output>
          </reporter-output>
        </test-method> <!-- BeforeMethod -->
        <test-method status="PASS" signature="init(java.lang.String, com.eviware.soapui.impl.wsdl.WsdlTestSuite)[pri:0, instance:mosip.api.scripts.kernel_module@9a7504c]" test-instance-name="4_2_2_OTPmanager_MOS_35_36_Progression_Key_with_3 digits" name="init" duration-ms="302" started-at="2018-12-12T15:08:54Z" data-provider="testSuite" finished-at="2018-12-12T15:08:54Z">
          <params>
            <param index="0">
              <value>
                <![CDATA[4_2_3_AuditManager_MOS_441_829_smoke_sessionUserIdMissing]]>
              </value>
            </param>
            <param index="1">
              <value>
                <![CDATA[com.eviware.soapui.impl.wsdl.WsdlTestSuite@621f89b8]]>
              </value>
            </param>
          </params>
          <reporter-output>
          </reporter-output>
        </test-method> <!-- init -->
        <test-method status="PASS" signature="BeforeMethod(java.lang.reflect.Method, [Ljava.lang.Object;)[pri:0, instance:mosip.api.scripts.kernel_module@9a7504c]" test-instance-name="4_2_2_OTPmanager_MOS_35_36_Progression_Key_with_3 digits" name="BeforeMethod" is-config="true" duration-ms="0" started-at="2018-12-12T15:08:54Z" finished-at="2018-12-12T15:08:54Z">
          <params>
            <param index="0">
              <value>
                <![CDATA[public void mosip.api.scripts.kernel_module.init(java.lang.String,com.eviware.soapui.impl.wsdl.WsdlTestSuite) throws org.apache.xmlbeans.XmlException,java.io.IOException,com.eviware.soapui.support.SoapUIException]]>
              </value>
            </param>
            <param index="1">
              <value>
                <![CDATA[[Ljava.lang.Object;@5e5aafc6]]>
              </value>
            </param>
          </params>
          <reporter-output>
          </reporter-output>
        </test-method> <!-- BeforeMethod -->
        <test-method status="PASS" signature="init(java.lang.String, com.eviware.soapui.impl.wsdl.WsdlTestSuite)[pri:0, instance:mosip.api.scripts.kernel_module@9a7504c]" test-instance-name="4_2_2_OTPmanager_MOS_35_36_Progression_Key_with_3 digits" name="init" duration-ms="144" started-at="2018-12-12T15:08:54Z" data-provider="testSuite" finished-at="2018-12-12T15:08:55Z">
          <params>
            <param index="0">
              <value>
                <![CDATA[4_2_3_AuditManager_MOS_441_829_smoke_idType_Missing]]>
              </value>
            </param>
            <param index="1">
              <value>
                <![CDATA[com.eviware.soapui.impl.wsdl.WsdlTestSuite@621f89b8]]>
              </value>
            </param>
          </params>
          <reporter-output>
          </reporter-output>
        </test-method> <!-- init -->
        <test-method status="PASS" signature="afterMethod(org.testng.ITestResult)[pri:0, instance:mosip.api.scripts.kernel_module@9a7504c]" test-instance-name="4_2_2_OTPmanager_MOS_35_36_Progression_Key_with_3 digits" name="afterMethod" is-config="true" duration-ms="0" started-at="2018-12-12T15:08:54Z" finished-at="2018-12-12T15:08:54Z">
          <params>
            <param index="0">
              <value>
                <![CDATA[[TestResult name=4_2_3_AuditManager_MOS_441_829_smoke_sessionUserIdMissing status=SUCCESS method=kernel_module.init(java.lang.String, com.eviware.soapui.impl.wsdl.WsdlTestSuite)[pri:0, instance:mosip.api.scripts.kernel_module@9a7504c] output={null}]]]>
              </value>
            </param>
          </params>
          <reporter-output>
          </reporter-output>
        </test-method> <!-- afterMethod -->
        <test-method status="PASS" signature="afterMethod(org.testng.ITestResult)[pri:0, instance:mosip.api.scripts.kernel_module@9a7504c]" test-instance-name="4_2_2_OTPmanager_MOS_35_36_Progression_Key_with_3 digits" name="afterMethod" is-config="true" duration-ms="2" started-at="2018-12-12T15:08:55Z" finished-at="2018-12-12T15:08:55Z">
          <params>
            <param index="0">
              <value>
                <![CDATA[[TestResult name=4_2_3_AuditManager_MOS_441_829_smoke_idType_Missing status=SUCCESS method=kernel_module.init(java.lang.String, com.eviware.soapui.impl.wsdl.WsdlTestSuite)[pri:0, instance:mosip.api.scripts.kernel_module@9a7504c] output={null}]]]>
              </value>
            </param>
          </params>
          <reporter-output>
          </reporter-output>
        </test-method> <!-- afterMethod -->
        <test-method status="PASS" signature="BeforeMethod(java.lang.reflect.Method, [Ljava.lang.Object;)[pri:0, instance:mosip.api.scripts.kernel_module@9a7504c]" test-instance-name="4_2_2_OTPmanager_MOS_35_36_Progression_Key_with_3 digits" name="BeforeMethod" is-config="true" duration-ms="1" started-at="2018-12-12T15:08:55Z" finished-at="2018-12-12T15:08:55Z">
          <params>
            <param index="0">
              <value>
                <![CDATA[public void mosip.api.scripts.kernel_module.init(java.lang.String,com.eviware.soapui.impl.wsdl.WsdlTestSuite) throws org.apache.xmlbeans.XmlException,java.io.IOException,com.eviware.soapui.support.SoapUIException]]>
              </value>
            </param>
            <param index="1">
              <value>
                <![CDATA[[Ljava.lang.Object;@1e60b459]]>
              </value>
            </param>
          </params>
          <reporter-output>
          </reporter-output>
        </test-method> <!-- BeforeMethod -->
        <test-method status="PASS" signature="init(java.lang.String, com.eviware.soapui.impl.wsdl.WsdlTestSuite)[pri:0, instance:mosip.api.scripts.kernel_module@9a7504c]" test-instance-name="4_2_2_OTPmanager_MOS_35_36_Progression_Key_with_3 digits" name="init" duration-ms="121" started-at="2018-12-12T15:08:55Z" data-provider="testSuite" finished-at="2018-12-12T15:08:55Z">
          <params>
            <param index="0">
              <value>
                <![CDATA[init]]>
              </value>
            </param>
            <param index="1">
              <value>
                <![CDATA[com.eviware.soapui.impl.wsdl.WsdlTestSuite@3e906375]]>
              </value>
            </param>
          </params>
          <reporter-output>
          </reporter-output>
        </test-method> <!-- init -->
        <test-method status="PASS" signature="afterMethod(org.testng.ITestResult)[pri:0, instance:mosip.api.scripts.kernel_module@9a7504c]" test-instance-name="4_2_2_OTPmanager_MOS_35_36_Progression_Key_with_3 digits" name="afterMethod" is-config="true" duration-ms="0" started-at="2018-12-12T15:08:55Z" finished-at="2018-12-12T15:08:55Z">
          <params>
            <param index="0">
              <value>
                <![CDATA[[TestResult name=init status=SUCCESS method=kernel_module.init(java.lang.String, com.eviware.soapui.impl.wsdl.WsdlTestSuite)[pri:0, instance:mosip.api.scripts.kernel_module@9a7504c] output={null}]]]>
              </value>
            </param>
          </params>
          <reporter-output>
          </reporter-output>
        </test-method> <!-- afterMethod -->
        <test-method status="PASS" signature="BeforeMethod(java.lang.reflect.Method, [Ljava.lang.Object;)[pri:0, instance:mosip.api.scripts.kernel_module@9a7504c]" test-instance-name="4_2_2_OTPmanager_MOS_35_36_Progression_Key_with_3 digits" name="BeforeMethod" is-config="true" duration-ms="0" started-at="2018-12-12T15:08:55Z" finished-at="2018-12-12T15:08:55Z">
          <params>
            <param index="0">
              <value>
                <![CDATA[public void mosip.api.scripts.kernel_module.init(java.lang.String,com.eviware.soapui.impl.wsdl.WsdlTestSuite) throws org.apache.xmlbeans.XmlException,java.io.IOException,com.eviware.soapui.support.SoapUIException]]>
              </value>
            </param>
            <param index="1">
              <value>
                <![CDATA[[Ljava.lang.Object;@3976ebfa]]>
              </value>
            </param>
          </params>
          <reporter-output>
          </reporter-output>
        </test-method> <!-- BeforeMethod -->
        <test-method status="FAIL" signature="init(java.lang.String, com.eviware.soapui.impl.wsdl.WsdlTestSuite)[pri:0, instance:mosip.api.scripts.kernel_module@9a7504c]" test-instance-name="4_2_2_OTPmanager_MOS_35_36_Progression_Key_with_3 digits" name="init" duration-ms="244" started-at="2018-12-12T15:08:55Z" data-provider="testSuite" finished-at="2018-12-12T15:08:55Z">
          <params>
            <param index="0">
              <value>
                <![CDATA[4_2_3_sms_MOS-961_smoke_trigger sms with empty phone Number]]>
              </value>
            </param>
            <param index="1">
              <value>
                <![CDATA[com.eviware.soapui.impl.wsdl.WsdlTestSuite@3e906375]]>
              </value>
            </param>
          </params>
          <exception class="java.lang.AssertionError">
            <message>
              <![CDATA[expected [FINISHED] but found [FAILED]]]>
            </message>
            <full-stacktrace>
              <![CDATA[java.lang.AssertionError: expected [FINISHED] but found [FAILED]
	at org.testng.Assert.fail(Assert.java:93)
	at org.testng.Assert.failNotEquals(Assert.java:512)
	at org.testng.Assert.assertEqualsImpl(Assert.java:134)
	at org.testng.Assert.assertEquals(Assert.java:115)
	at org.testng.Assert.assertEquals(Assert.java:178)
	at mosip.api.scripts.kernel_module.init(kernel_module.java:157)
	at sun.reflect.NativeMethodAccessorImpl.invoke0(Native Method)
	at sun.reflect.NativeMethodAccessorImpl.invoke(NativeMethodAccessorImpl.java:62)
	at sun.reflect.DelegatingMethodAccessorImpl.invoke(DelegatingMethodAccessorImpl.java:43)
	at java.lang.reflect.Method.invoke(Method.java:497)
	at org.testng.internal.MethodInvocationHelper.invokeMethod(MethodInvocationHelper.java:108)
	at org.testng.internal.Invoker.invokeMethod(Invoker.java:661)
	at org.testng.internal.Invoker.invokeTestMethod(Invoker.java:869)
	at org.testng.internal.Invoker.invokeTestMethods(Invoker.java:1193)
	at org.testng.internal.TestMethodWorker.invokeTestMethods(TestMethodWorker.java:126)
	at org.testng.internal.TestMethodWorker.run(TestMethodWorker.java:109)
	at org.testng.TestRunner.privateRun(TestRunner.java:744)
	at org.testng.TestRunner.run(TestRunner.java:602)
	at org.testng.SuiteRunner.runTest(SuiteRunner.java:380)
	at org.testng.SuiteRunner.runSequentially(SuiteRunner.java:375)
	at org.testng.SuiteRunner.privateRun(SuiteRunner.java:340)
	at org.testng.SuiteRunner.run(SuiteRunner.java:289)
	at org.testng.SuiteRunnerWorker.runSuite(SuiteRunnerWorker.java:52)
	at org.testng.SuiteRunnerWorker.run(SuiteRunnerWorker.java:86)
	at org.testng.TestNG.runSuitesSequentially(TestNG.java:1301)
	at org.testng.TestNG.runSuitesLocally(TestNG.java:1226)
	at org.testng.TestNG.runSuites(TestNG.java:1144)
	at org.testng.TestNG.run(TestNG.java:1115)
	at org.testng.remote.AbstractRemoteTestNG.run(AbstractRemoteTestNG.java:126)
	at org.testng.remote.RemoteTestNG.initAndRun(RemoteTestNG.java:152)
	at org.testng.remote.RemoteTestNG.main(RemoteTestNG.java:57)
]]>
            </full-stacktrace>
          </exception> <!-- java.lang.AssertionError -->
          <reporter-output>
          </reporter-output>
        </test-method> <!-- init -->
        <test-method status="PASS" signature="afterMethod(org.testng.ITestResult)[pri:0, instance:mosip.api.scripts.kernel_module@9a7504c]" test-instance-name="4_2_2_OTPmanager_MOS_35_36_Progression_Key_with_3 digits" name="afterMethod" is-config="true" duration-ms="0" started-at="2018-12-12T15:08:55Z" finished-at="2018-12-12T15:08:55Z">
          <params>
            <param index="0">
              <value>
                <![CDATA[[TestResult name=4_2_3_sms_MOS-961_smoke_trigger sms with empty phone Number status=FAILURE method=kernel_module.init(java.lang.String, com.eviware.soapui.impl.wsdl.WsdlTestSuite)[pri:0, instance:mosip.api.scripts.kernel_module@9a7504c] output={null}]]]>
              </value>
            </param>
          </params>
          <reporter-output>
          </reporter-output>
        </test-method> <!-- afterMethod -->
        <test-method status="PASS" signature="BeforeMethod(java.lang.reflect.Method, [Ljava.lang.Object;)[pri:0, instance:mosip.api.scripts.kernel_module@9a7504c]" test-instance-name="4_2_2_OTPmanager_MOS_35_36_Progression_Key_with_3 digits" name="BeforeMethod" is-config="true" duration-ms="1" started-at="2018-12-12T15:08:55Z" finished-at="2018-12-12T15:08:55Z">
          <params>
            <param index="0">
              <value>
                <![CDATA[public void mosip.api.scripts.kernel_module.init(java.lang.String,com.eviware.soapui.impl.wsdl.WsdlTestSuite) throws org.apache.xmlbeans.XmlException,java.io.IOException,com.eviware.soapui.support.SoapUIException]]>
              </value>
            </param>
            <param index="1">
              <value>
                <![CDATA[[Ljava.lang.Object;@4f8d86e4]]>
              </value>
            </param>
          </params>
          <reporter-output>
          </reporter-output>
        </test-method> <!-- BeforeMethod -->
        <test-method status="PASS" signature="init(java.lang.String, com.eviware.soapui.impl.wsdl.WsdlTestSuite)[pri:0, instance:mosip.api.scripts.kernel_module@9a7504c]" test-instance-name="4_2_2_OTPmanager_MOS_35_36_Progression_Key_with_3 digits" name="init" duration-ms="460" started-at="2018-12-12T15:08:55Z" data-provider="testSuite" finished-at="2018-12-12T15:08:55Z">
          <params>
            <param index="0">
              <value>
                <![CDATA[4_2_3_sms_MOS-961_smoke_trigger sms with valid Inputs]]>
              </value>
            </param>
            <param index="1">
              <value>
                <![CDATA[com.eviware.soapui.impl.wsdl.WsdlTestSuite@3e906375]]>
              </value>
            </param>
          </params>
          <reporter-output>
          </reporter-output>
        </test-method> <!-- init -->
        <test-method status="PASS" signature="afterMethod(org.testng.ITestResult)[pri:0, instance:mosip.api.scripts.kernel_module@9a7504c]" test-instance-name="4_2_2_OTPmanager_MOS_35_36_Progression_Key_with_3 digits" name="afterMethod" is-config="true" duration-ms="0" started-at="2018-12-12T15:08:55Z" finished-at="2018-12-12T15:08:55Z">
          <params>
            <param index="0">
              <value>
                <![CDATA[[TestResult name=4_2_3_sms_MOS-961_smoke_trigger sms with valid Inputs status=SUCCESS method=kernel_module.init(java.lang.String, com.eviware.soapui.impl.wsdl.WsdlTestSuite)[pri:0, instance:mosip.api.scripts.kernel_module@9a7504c] output={null}]]]>
              </value>
            </param>
          </params>
          <reporter-output>
          </reporter-output>
        </test-method> <!-- afterMethod -->
        <test-method status="PASS" signature="init(java.lang.String, com.eviware.soapui.impl.wsdl.WsdlTestSuite)[pri:0, instance:mosip.api.scripts.kernel_module@9a7504c]" test-instance-name="4_2_2_OTPmanager_MOS_35_36_Progression_Key_with_3 digits" name="init" duration-ms="1" started-at="2018-12-12T15:08:55Z" data-provider="testSuite" finished-at="2018-12-12T15:08:55Z">
          <params>
            <param index="0">
              <value>
                <![CDATA[init]]>
              </value>
            </param>
            <param index="1">
              <value>
                <![CDATA[com.eviware.soapui.impl.wsdl.WsdlTestSuite@3468ee6e]]>
              </value>
            </param>
          </params>
          <reporter-output>
          </reporter-output>
        </test-method> <!-- init -->
        <test-method status="PASS" signature="BeforeMethod(java.lang.reflect.Method, [Ljava.lang.Object;)[pri:0, instance:mosip.api.scripts.kernel_module@9a7504c]" test-instance-name="4_2_2_OTPmanager_MOS_35_36_Progression_Key_with_3 digits" name="BeforeMethod" is-config="true" duration-ms="0" started-at="2018-12-12T15:08:55Z" finished-at="2018-12-12T15:08:55Z">
          <params>
            <param index="0">
              <value>
                <![CDATA[public void mosip.api.scripts.kernel_module.init(java.lang.String,com.eviware.soapui.impl.wsdl.WsdlTestSuite) throws org.apache.xmlbeans.XmlException,java.io.IOException,com.eviware.soapui.support.SoapUIException]]>
              </value>
            </param>
            <param index="1">
              <value>
                <![CDATA[[Ljava.lang.Object;@463561c5]]>
              </value>
            </param>
          </params>
          <reporter-output>
          </reporter-output>
        </test-method> <!-- BeforeMethod -->
        <test-method status="PASS" signature="afterMethod(org.testng.ITestResult)[pri:0, instance:mosip.api.scripts.kernel_module@9a7504c]" test-instance-name="4_2_2_OTPmanager_MOS_35_36_Progression_Key_with_3 digits" name="afterMethod" is-config="true" duration-ms="1" started-at="2018-12-12T15:08:55Z" finished-at="2018-12-12T15:08:55Z">
          <params>
            <param index="0">
              <value>
                <![CDATA[[TestResult name=init status=SUCCESS method=kernel_module.init(java.lang.String, com.eviware.soapui.impl.wsdl.WsdlTestSuite)[pri:0, instance:mosip.api.scripts.kernel_module@9a7504c] output={null}]]]>
              </value>
            </param>
          </params>
          <reporter-output>
          </reporter-output>
        </test-method> <!-- afterMethod -->
        <test-method status="PASS" signature="BeforeMethod(java.lang.reflect.Method, [Ljava.lang.Object;)[pri:0, instance:mosip.api.scripts.kernel_module@9a7504c]" test-instance-name="4_2_2_OTPmanager_MOS_35_36_Progression_Key_with_3 digits" name="BeforeMethod" is-config="true" duration-ms="0" started-at="2018-12-12T15:08:55Z" finished-at="2018-12-12T15:08:55Z">
          <params>
            <param index="0">
              <value>
                <![CDATA[public void mosip.api.scripts.kernel_module.init(java.lang.String,com.eviware.soapui.impl.wsdl.WsdlTestSuite) throws org.apache.xmlbeans.XmlException,java.io.IOException,com.eviware.soapui.support.SoapUIException]]>
              </value>
            </param>
            <param index="1">
              <value>
                <![CDATA[[Ljava.lang.Object;@58c1da09]]>
              </value>
            </param>
          </params>
          <reporter-output>
          </reporter-output>
        </test-method> <!-- BeforeMethod -->
        <test-method status="PASS" signature="init(java.lang.String, com.eviware.soapui.impl.wsdl.WsdlTestSuite)[pri:0, instance:mosip.api.scripts.kernel_module@9a7504c]" test-instance-name="4_2_2_OTPmanager_MOS_35_36_Progression_Key_with_3 digits" name="init" duration-ms="383" started-at="2018-12-12T15:08:55Z" data-provider="testSuite" finished-at="2018-12-12T15:08:56Z">
          <params>
            <param index="0">
              <value>
                <![CDATA[4_2_3_sms_MOS-973_smoke_trigger email with mandatory fields]]>
              </value>
            </param>
            <param index="1">
              <value>
                <![CDATA[com.eviware.soapui.impl.wsdl.WsdlTestSuite@3468ee6e]]>
              </value>
            </param>
          </params>
          <reporter-output>
          </reporter-output>
        </test-method> <!-- init -->
        <test-method status="PASS" signature="afterMethod(org.testng.ITestResult)[pri:0, instance:mosip.api.scripts.kernel_module@9a7504c]" test-instance-name="4_2_2_OTPmanager_MOS_35_36_Progression_Key_with_3 digits" name="afterMethod" is-config="true" duration-ms="0" started-at="2018-12-12T15:08:56Z" finished-at="2018-12-12T15:08:56Z">
          <params>
            <param index="0">
              <value>
                <![CDATA[[TestResult name=4_2_3_sms_MOS-973_smoke_trigger email with mandatory fields status=SUCCESS method=kernel_module.init(java.lang.String, com.eviware.soapui.impl.wsdl.WsdlTestSuite)[pri:0, instance:mosip.api.scripts.kernel_module@9a7504c] output={null}]]]>
              </value>
            </param>
          </params>
          <reporter-output>
          </reporter-output>
        </test-method> <!-- afterMethod -->
        <test-method status="PASS" signature="BeforeMethod(java.lang.reflect.Method, [Ljava.lang.Object;)[pri:0, instance:mosip.api.scripts.kernel_module@9a7504c]" test-instance-name="4_2_2_OTPmanager_MOS_35_36_Progression_Key_with_3 digits" name="BeforeMethod" is-config="true" duration-ms="0" started-at="2018-12-12T15:08:56Z" finished-at="2018-12-12T15:08:56Z">
          <params>
            <param index="0">
              <value>
                <![CDATA[public void mosip.api.scripts.kernel_module.init(java.lang.String,com.eviware.soapui.impl.wsdl.WsdlTestSuite) throws org.apache.xmlbeans.XmlException,java.io.IOException,com.eviware.soapui.support.SoapUIException]]>
              </value>
            </param>
            <param index="1">
              <value>
                <![CDATA[[Ljava.lang.Object;@6bfaa0a6]]>
              </value>
            </param>
          </params>
          <reporter-output>
          </reporter-output>
        </test-method> <!-- BeforeMethod -->
        <test-method status="PASS" signature="init(java.lang.String, com.eviware.soapui.impl.wsdl.WsdlTestSuite)[pri:0, instance:mosip.api.scripts.kernel_module@9a7504c]" test-instance-name="4_2_2_OTPmanager_MOS_35_36_Progression_Key_with_3 digits" name="init" duration-ms="117" started-at="2018-12-12T15:08:56Z" data-provider="testSuite" finished-at="2018-12-12T15:08:56Z">
          <params>
            <param index="0">
              <value>
                <![CDATA[4_2_3_sms_MOS-973_smoke_trigger email with empty content]]>
              </value>
            </param>
            <param index="1">
              <value>
                <![CDATA[com.eviware.soapui.impl.wsdl.WsdlTestSuite@3468ee6e]]>
              </value>
            </param>
          </params>
          <reporter-output>
          </reporter-output>
        </test-method> <!-- init -->
        <test-method status="PASS" signature="afterMethod(org.testng.ITestResult)[pri:0, instance:mosip.api.scripts.kernel_module@9a7504c]" test-instance-name="4_2_2_OTPmanager_MOS_35_36_Progression_Key_with_3 digits" name="afterMethod" is-config="true" duration-ms="1" started-at="2018-12-12T15:08:56Z" finished-at="2018-12-12T15:08:56Z">
          <params>
            <param index="0">
              <value>
                <![CDATA[[TestResult name=4_2_3_sms_MOS-973_smoke_trigger email with empty content status=SUCCESS method=kernel_module.init(java.lang.String, com.eviware.soapui.impl.wsdl.WsdlTestSuite)[pri:0, instance:mosip.api.scripts.kernel_module@9a7504c] output={null}]]]>
              </value>
            </param>
          </params>
          <reporter-output>
          </reporter-output>
        </test-method> <!-- afterMethod -->
        <test-method status="PASS" signature="BeforeMethod(java.lang.reflect.Method, [Ljava.lang.Object;)[pri:0, instance:mosip.api.scripts.kernel_module@9a7504c]" test-instance-name="4_2_2_OTPmanager_MOS_35_36_Progression_Key_with_3 digits" name="BeforeMethod" is-config="true" duration-ms="1" started-at="2018-12-12T15:08:56Z" finished-at="2018-12-12T15:08:56Z">
          <params>
            <param index="0">
              <value>
                <![CDATA[public void mosip.api.scripts.kernel_module.init(java.lang.String,com.eviware.soapui.impl.wsdl.WsdlTestSuite) throws org.apache.xmlbeans.XmlException,java.io.IOException,com.eviware.soapui.support.SoapUIException]]>
              </value>
            </param>
            <param index="1">
              <value>
                <![CDATA[[Ljava.lang.Object;@6587305a]]>
              </value>
            </param>
          </params>
          <reporter-output>
          </reporter-output>
        </test-method> <!-- BeforeMethod -->
        <test-method status="PASS" signature="init(java.lang.String, com.eviware.soapui.impl.wsdl.WsdlTestSuite)[pri:0, instance:mosip.api.scripts.kernel_module@9a7504c]" test-instance-name="4_2_2_OTPmanager_MOS_35_36_Progression_Key_with_3 digits" name="init" duration-ms="40" started-at="2018-12-12T15:08:56Z" data-provider="testSuite" finished-at="2018-12-12T15:08:56Z">
          <params>
            <param index="0">
              <value>
                <![CDATA[init]]>
              </value>
            </param>
            <param index="1">
              <value>
                <![CDATA[com.eviware.soapui.impl.wsdl.WsdlTestSuite@3f81621c]]>
              </value>
            </param>
          </params>
          <reporter-output>
          </reporter-output>
        </test-method> <!-- init -->
        <test-method status="PASS" signature="afterMethod(org.testng.ITestResult)[pri:0, instance:mosip.api.scripts.kernel_module@9a7504c]" test-instance-name="4_2_2_OTPmanager_MOS_35_36_Progression_Key_with_3 digits" name="afterMethod" is-config="true" duration-ms="0" started-at="2018-12-12T15:08:56Z" finished-at="2018-12-12T15:08:56Z">
          <params>
            <param index="0">
              <value>
                <![CDATA[[TestResult name=init status=SUCCESS method=kernel_module.init(java.lang.String, com.eviware.soapui.impl.wsdl.WsdlTestSuite)[pri:0, instance:mosip.api.scripts.kernel_module@9a7504c] output={null}]]]>
              </value>
            </param>
          </params>
          <reporter-output>
          </reporter-output>
        </test-method> <!-- afterMethod -->
        <test-method status="PASS" signature="BeforeMethod(java.lang.reflect.Method, [Ljava.lang.Object;)[pri:0, instance:mosip.api.scripts.kernel_module@9a7504c]" test-instance-name="4_2_2_OTPmanager_MOS_35_36_Progression_Key_with_3 digits" name="BeforeMethod" is-config="true" duration-ms="0" started-at="2018-12-12T15:08:56Z" finished-at="2018-12-12T15:08:56Z">
          <params>
            <param index="0">
              <value>
                <![CDATA[public void mosip.api.scripts.kernel_module.init(java.lang.String,com.eviware.soapui.impl.wsdl.WsdlTestSuite) throws org.apache.xmlbeans.XmlException,java.io.IOException,com.eviware.soapui.support.SoapUIException]]>
              </value>
            </param>
            <param index="1">
              <value>
                <![CDATA[[Ljava.lang.Object;@663f237a]]>
              </value>
            </param>
          </params>
          <reporter-output>
          </reporter-output>
        </test-method> <!-- BeforeMethod -->
        <test-method status="PASS" signature="init(java.lang.String, com.eviware.soapui.impl.wsdl.WsdlTestSuite)[pri:0, instance:mosip.api.scripts.kernel_module@9a7504c]" test-instance-name="4_2_2_OTPmanager_MOS_35_36_Progression_Key_with_3 digits" name="init" duration-ms="339" started-at="2018-12-12T15:08:56Z" data-provider="testSuite" finished-at="2018-12-12T15:08:56Z">
          <params>
            <param index="0">
              <value>
                <![CDATA[4_2_3_OTPmanager_MOS_33_smoke_otp generation with valid key]]>
              </value>
            </param>
            <param index="1">
              <value>
                <![CDATA[com.eviware.soapui.impl.wsdl.WsdlTestSuite@3f81621c]]>
              </value>
            </param>
          </params>
          <reporter-output>
          </reporter-output>
        </test-method> <!-- init -->
        <test-method status="PASS" signature="afterMethod(org.testng.ITestResult)[pri:0, instance:mosip.api.scripts.kernel_module@9a7504c]" test-instance-name="4_2_2_OTPmanager_MOS_35_36_Progression_Key_with_3 digits" name="afterMethod" is-config="true" duration-ms="3" started-at="2018-12-12T15:08:56Z" finished-at="2018-12-12T15:08:56Z">
          <params>
            <param index="0">
              <value>
                <![CDATA[[TestResult name=4_2_3_OTPmanager_MOS_33_smoke_otp generation with valid key status=SUCCESS method=kernel_module.init(java.lang.String, com.eviware.soapui.impl.wsdl.WsdlTestSuite)[pri:0, instance:mosip.api.scripts.kernel_module@9a7504c] output={null}]]]>
              </value>
            </param>
          </params>
          <reporter-output>
          </reporter-output>
        </test-method> <!-- afterMethod -->
        <test-method status="PASS" signature="BeforeMethod(java.lang.reflect.Method, [Ljava.lang.Object;)[pri:0, instance:mosip.api.scripts.kernel_module@9a7504c]" test-instance-name="4_2_2_OTPmanager_MOS_35_36_Progression_Key_with_3 digits" name="BeforeMethod" is-config="true" duration-ms="0" started-at="2018-12-12T15:08:56Z" finished-at="2018-12-12T15:08:56Z">
          <params>
            <param index="0">
              <value>
                <![CDATA[public void mosip.api.scripts.kernel_module.init(java.lang.String,com.eviware.soapui.impl.wsdl.WsdlTestSuite) throws org.apache.xmlbeans.XmlException,java.io.IOException,com.eviware.soapui.support.SoapUIException]]>
              </value>
            </param>
            <param index="1">
              <value>
                <![CDATA[[Ljava.lang.Object;@1756f7cc]]>
              </value>
            </param>
          </params>
          <reporter-output>
          </reporter-output>
        </test-method> <!-- BeforeMethod -->
        <test-method status="FAIL" signature="init(java.lang.String, com.eviware.soapui.impl.wsdl.WsdlTestSuite)[pri:0, instance:mosip.api.scripts.kernel_module@9a7504c]" test-instance-name="4_2_2_OTPmanager_MOS_35_36_Progression_Key_with_3 digits" name="init" duration-ms="609" started-at="2018-12-12T15:08:56Z" data-provider="testSuite" finished-at="2018-12-12T15:08:57Z">
          <params>
            <param index="0">
              <value>
                <![CDATA[4_2_3_OTPmanager_MOS_35_36_smoke_Validation_Key_OTP]]>
              </value>
            </param>
            <param index="1">
              <value>
                <![CDATA[com.eviware.soapui.impl.wsdl.WsdlTestSuite@3f81621c]]>
              </value>
            </param>
          </params>
          <exception class="java.lang.AssertionError">
            <message>
              <![CDATA[expected [FINISHED] but found [FAILED]]]>
            </message>
            <full-stacktrace>
              <![CDATA[java.lang.AssertionError: expected [FINISHED] but found [FAILED]
	at org.testng.Assert.fail(Assert.java:93)
	at org.testng.Assert.failNotEquals(Assert.java:512)
	at org.testng.Assert.assertEqualsImpl(Assert.java:134)
	at org.testng.Assert.assertEquals(Assert.java:115)
	at org.testng.Assert.assertEquals(Assert.java:178)
	at mosip.api.scripts.kernel_module.init(kernel_module.java:157)
	at sun.reflect.NativeMethodAccessorImpl.invoke0(Native Method)
	at sun.reflect.NativeMethodAccessorImpl.invoke(NativeMethodAccessorImpl.java:62)
	at sun.reflect.DelegatingMethodAccessorImpl.invoke(DelegatingMethodAccessorImpl.java:43)
	at java.lang.reflect.Method.invoke(Method.java:497)
	at org.testng.internal.MethodInvocationHelper.invokeMethod(MethodInvocationHelper.java:108)
	at org.testng.internal.Invoker.invokeMethod(Invoker.java:661)
	at org.testng.internal.Invoker.invokeTestMethod(Invoker.java:869)
	at org.testng.internal.Invoker.invokeTestMethods(Invoker.java:1193)
	at org.testng.internal.TestMethodWorker.invokeTestMethods(TestMethodWorker.java:126)
	at org.testng.internal.TestMethodWorker.run(TestMethodWorker.java:109)
	at org.testng.TestRunner.privateRun(TestRunner.java:744)
	at org.testng.TestRunner.run(TestRunner.java:602)
	at org.testng.SuiteRunner.runTest(SuiteRunner.java:380)
	at org.testng.SuiteRunner.runSequentially(SuiteRunner.java:375)
	at org.testng.SuiteRunner.privateRun(SuiteRunner.java:340)
	at org.testng.SuiteRunner.run(SuiteRunner.java:289)
	at org.testng.SuiteRunnerWorker.runSuite(SuiteRunnerWorker.java:52)
	at org.testng.SuiteRunnerWorker.run(SuiteRunnerWorker.java:86)
	at org.testng.TestNG.runSuitesSequentially(TestNG.java:1301)
	at org.testng.TestNG.runSuitesLocally(TestNG.java:1226)
	at org.testng.TestNG.runSuites(TestNG.java:1144)
	at org.testng.TestNG.run(TestNG.java:1115)
	at org.testng.remote.AbstractRemoteTestNG.run(AbstractRemoteTestNG.java:126)
	at org.testng.remote.RemoteTestNG.initAndRun(RemoteTestNG.java:152)
	at org.testng.remote.RemoteTestNG.main(RemoteTestNG.java:57)
]]>
            </full-stacktrace>
          </exception> <!-- java.lang.AssertionError -->
          <reporter-output>
          </reporter-output>
        </test-method> <!-- init -->
        <test-method status="PASS" signature="afterMethod(org.testng.ITestResult)[pri:0, instance:mosip.api.scripts.kernel_module@9a7504c]" test-instance-name="4_2_2_OTPmanager_MOS_35_36_Progression_Key_with_3 digits" name="afterMethod" is-config="true" duration-ms="0" started-at="2018-12-12T15:08:57Z" finished-at="2018-12-12T15:08:57Z">
          <params>
            <param index="0">
              <value>
                <![CDATA[[TestResult name=4_2_3_OTPmanager_MOS_35_36_smoke_Validation_Key_OTP status=FAILURE method=kernel_module.init(java.lang.String, com.eviware.soapui.impl.wsdl.WsdlTestSuite)[pri:0, instance:mosip.api.scripts.kernel_module@9a7504c] output={null}]]]>
              </value>
            </param>
          </params>
          <reporter-output>
          </reporter-output>
        </test-method> <!-- afterMethod -->
        <test-method status="PASS" signature="BeforeMethod(java.lang.reflect.Method, [Ljava.lang.Object;)[pri:0, instance:mosip.api.scripts.kernel_module@9a7504c]" test-instance-name="4_2_2_OTPmanager_MOS_35_36_Progression_Key_with_3 digits" name="BeforeMethod" is-config="true" duration-ms="0" started-at="2018-12-12T15:08:57Z" finished-at="2018-12-12T15:08:57Z">
          <params>
            <param index="0">
              <value>
                <![CDATA[public void mosip.api.scripts.kernel_module.init1(java.lang.String,com.eviware.soapui.impl.wsdl.WsdlTestSuite) throws org.apache.xmlbeans.XmlException,java.io.IOException,com.eviware.soapui.support.SoapUIException]]>
              </value>
            </param>
            <param index="1">
              <value>
                <![CDATA[[Ljava.lang.Object;@2b08772d]]>
              </value>
            </param>
          </params>
          <reporter-output>
          </reporter-output>
        </test-method> <!-- BeforeMethod -->
        <test-method status="PASS" signature="init1(java.lang.String, com.eviware.soapui.impl.wsdl.WsdlTestSuite)[pri:0, instance:mosip.api.scripts.kernel_module@9a7504c]" test-instance-name="4_2_2_OTPmanager_MOS_35_36_Progression_Key_with_3 digits" name="init1" duration-ms="247" started-at="2018-12-12T15:08:57Z" data-provider="TestSuite1" finished-at="2018-12-12T15:08:57Z">
          <params>
            <param index="0">
              <value>
                <![CDATA[4_2_3_AuditManager_MOS_441_829_Progression_EventNameMissing]]>
              </value>
            </param>
            <param index="1">
              <value>
                <![CDATA[com.eviware.soapui.impl.wsdl.WsdlTestSuite@f171912]]>
              </value>
            </param>
          </params>
          <reporter-output>
          </reporter-output>
        </test-method> <!-- init1 -->
        <test-method status="PASS" signature="afterMethod(org.testng.ITestResult)[pri:0, instance:mosip.api.scripts.kernel_module@9a7504c]" test-instance-name="4_2_2_OTPmanager_MOS_35_36_Progression_Key_with_3 digits" name="afterMethod" is-config="true" duration-ms="6" started-at="2018-12-12T15:08:57Z" finished-at="2018-12-12T15:08:57Z">
          <params>
            <param index="0">
              <value>
                <![CDATA[[TestResult name=4_2_3_AuditManager_MOS_441_829_Progression_EventNameMissing status=SUCCESS method=kernel_module.init1(java.lang.String, com.eviware.soapui.impl.wsdl.WsdlTestSuite)[pri:0, instance:mosip.api.scripts.kernel_module@9a7504c] output={null}]]]>
              </value>
            </param>
          </params>
          <reporter-output>
          </reporter-output>
        </test-method> <!-- afterMethod -->
        <test-method status="PASS" signature="BeforeMethod(java.lang.reflect.Method, [Ljava.lang.Object;)[pri:0, instance:mosip.api.scripts.kernel_module@9a7504c]" test-instance-name="4_2_2_OTPmanager_MOS_35_36_Progression_Key_with_3 digits" name="BeforeMethod" is-config="true" duration-ms="1" started-at="2018-12-12T15:08:57Z" finished-at="2018-12-12T15:08:57Z">
          <params>
            <param index="0">
              <value>
                <![CDATA[public void mosip.api.scripts.kernel_module.init1(java.lang.String,com.eviware.soapui.impl.wsdl.WsdlTestSuite) throws org.apache.xmlbeans.XmlException,java.io.IOException,com.eviware.soapui.support.SoapUIException]]>
              </value>
            </param>
            <param index="1">
              <value>
                <![CDATA[[Ljava.lang.Object;@5d66e944]]>
              </value>
            </param>
          </params>
          <reporter-output>
          </reporter-output>
        </test-method> <!-- BeforeMethod -->
        <test-method status="PASS" signature="init1(java.lang.String, com.eviware.soapui.impl.wsdl.WsdlTestSuite)[pri:0, instance:mosip.api.scripts.kernel_module@9a7504c]" test-instance-name="4_2_2_OTPmanager_MOS_35_36_Progression_Key_with_3 digits" name="init1" duration-ms="228" started-at="2018-12-12T15:08:57Z" data-provider="TestSuite1" finished-at="2018-12-12T15:08:58Z">
          <params>
            <param index="0">
              <value>
                <![CDATA[4_2_3_AuditManager_MOS_441_829_Progression_EventTypeMissing]]>
              </value>
            </param>
            <param index="1">
              <value>
                <![CDATA[com.eviware.soapui.impl.wsdl.WsdlTestSuite@f171912]]>
              </value>
            </param>
          </params>
          <reporter-output>
          </reporter-output>
        </test-method> <!-- init1 -->
        <test-method status="PASS" signature="afterMethod(org.testng.ITestResult)[pri:0, instance:mosip.api.scripts.kernel_module@9a7504c]" test-instance-name="4_2_2_OTPmanager_MOS_35_36_Progression_Key_with_3 digits" name="afterMethod" is-config="true" duration-ms="0" started-at="2018-12-12T15:08:58Z" finished-at="2018-12-12T15:08:58Z">
          <params>
            <param index="0">
              <value>
                <![CDATA[[TestResult name=4_2_3_AuditManager_MOS_441_829_Progression_EventTypeMissing status=SUCCESS method=kernel_module.init1(java.lang.String, com.eviware.soapui.impl.wsdl.WsdlTestSuite)[pri:0, instance:mosip.api.scripts.kernel_module@9a7504c] output={null}]]]>
              </value>
            </param>
          </params>
          <reporter-output>
          </reporter-output>
        </test-method> <!-- afterMethod -->
        <test-method status="PASS" signature="BeforeMethod(java.lang.reflect.Method, [Ljava.lang.Object;)[pri:0, instance:mosip.api.scripts.kernel_module@9a7504c]" test-instance-name="4_2_2_OTPmanager_MOS_35_36_Progression_Key_with_3 digits" name="BeforeMethod" is-config="true" duration-ms="0" started-at="2018-12-12T15:08:58Z" finished-at="2018-12-12T15:08:58Z">
          <params>
            <param index="0">
              <value>
                <![CDATA[public void mosip.api.scripts.kernel_module.init1(java.lang.String,com.eviware.soapui.impl.wsdl.WsdlTestSuite) throws org.apache.xmlbeans.XmlException,java.io.IOException,com.eviware.soapui.support.SoapUIException]]>
              </value>
            </param>
            <param index="1">
              <value>
                <![CDATA[[Ljava.lang.Object;@3b0c3951]]>
              </value>
            </param>
          </params>
          <reporter-output>
          </reporter-output>
        </test-method> <!-- BeforeMethod -->
        <test-method status="PASS" signature="init1(java.lang.String, com.eviware.soapui.impl.wsdl.WsdlTestSuite)[pri:0, instance:mosip.api.scripts.kernel_module@9a7504c]" test-instance-name="4_2_2_OTPmanager_MOS_35_36_Progression_Key_with_3 digits" name="init1" duration-ms="318" started-at="2018-12-12T15:08:58Z" data-provider="TestSuite1" finished-at="2018-12-12T15:08:58Z">
          <params>
            <param index="0">
              <value>
                <![CDATA[4_2_3_sms_MOS-973_Progression_trigger email with empty receiver]]>
              </value>
            </param>
            <param index="1">
              <value>
                <![CDATA[com.eviware.soapui.impl.wsdl.WsdlTestSuite@2574a9e3]]>
              </value>
            </param>
          </params>
          <reporter-output>
          </reporter-output>
        </test-method> <!-- init1 -->
        <test-method status="PASS" signature="afterMethod(org.testng.ITestResult)[pri:0, instance:mosip.api.scripts.kernel_module@9a7504c]" test-instance-name="4_2_2_OTPmanager_MOS_35_36_Progression_Key_with_3 digits" name="afterMethod" is-config="true" duration-ms="0" started-at="2018-12-12T15:08:58Z" finished-at="2018-12-12T15:08:58Z">
          <params>
            <param index="0">
              <value>
                <![CDATA[[TestResult name=4_2_3_sms_MOS-973_Progression_trigger email with empty receiver status=SUCCESS method=kernel_module.init1(java.lang.String, com.eviware.soapui.impl.wsdl.WsdlTestSuite)[pri:0, instance:mosip.api.scripts.kernel_module@9a7504c] output={null}]]]>
              </value>
            </param>
          </params>
          <reporter-output>
          </reporter-output>
        </test-method> <!-- afterMethod -->
        <test-method status="PASS" signature="BeforeMethod(java.lang.reflect.Method, [Ljava.lang.Object;)[pri:0, instance:mosip.api.scripts.kernel_module@9a7504c]" test-instance-name="4_2_2_OTPmanager_MOS_35_36_Progression_Key_with_3 digits" name="BeforeMethod" is-config="true" duration-ms="0" started-at="2018-12-12T15:08:58Z" finished-at="2018-12-12T15:08:58Z">
          <params>
            <param index="0">
              <value>
                <![CDATA[public void mosip.api.scripts.kernel_module.init1(java.lang.String,com.eviware.soapui.impl.wsdl.WsdlTestSuite) throws org.apache.xmlbeans.XmlException,java.io.IOException,com.eviware.soapui.support.SoapUIException]]>
              </value>
            </param>
            <param index="1">
              <value>
                <![CDATA[[Ljava.lang.Object;@691124ee]]>
              </value>
            </param>
          </params>
          <reporter-output>
          </reporter-output>
        </test-method> <!-- BeforeMethod -->
        <test-method status="PASS" signature="init1(java.lang.String, com.eviware.soapui.impl.wsdl.WsdlTestSuite)[pri:0, instance:mosip.api.scripts.kernel_module@9a7504c]" test-instance-name="4_2_2_OTPmanager_MOS_35_36_Progression_Key_with_3 digits" name="init1" duration-ms="315" started-at="2018-12-12T15:08:58Z" data-provider="TestSuite1" finished-at="2018-12-12T15:08:58Z">
          <params>
            <param index="0">
              <value>
                <![CDATA[4_2_3_sms_MOS-973_Progression_trigger email with empty subject]]>
              </value>
            </param>
            <param index="1">
              <value>
                <![CDATA[com.eviware.soapui.impl.wsdl.WsdlTestSuite@2574a9e3]]>
              </value>
            </param>
          </params>
          <reporter-output>
          </reporter-output>
        </test-method> <!-- init1 -->
        <test-method status="PASS" signature="afterMethod(org.testng.ITestResult)[pri:0, instance:mosip.api.scripts.kernel_module@9a7504c]" test-instance-name="4_2_2_OTPmanager_MOS_35_36_Progression_Key_with_3 digits" name="afterMethod" is-config="true" duration-ms="0" started-at="2018-12-12T15:08:58Z" finished-at="2018-12-12T15:08:58Z">
          <params>
            <param index="0">
              <value>
                <![CDATA[[TestResult name=4_2_3_sms_MOS-973_Progression_trigger email with empty subject status=SUCCESS method=kernel_module.init1(java.lang.String, com.eviware.soapui.impl.wsdl.WsdlTestSuite)[pri:0, instance:mosip.api.scripts.kernel_module@9a7504c] output={null}]]]>
              </value>
            </param>
          </params>
          <reporter-output>
          </reporter-output>
        </test-method> <!-- afterMethod -->
        <test-method status="PASS" signature="init1(java.lang.String, com.eviware.soapui.impl.wsdl.WsdlTestSuite)[pri:0, instance:mosip.api.scripts.kernel_module@9a7504c]" test-instance-name="4_2_2_OTPmanager_MOS_35_36_Progression_Key_with_3 digits" name="init1" duration-ms="419" started-at="2018-12-12T15:08:58Z" data-provider="TestSuite1" finished-at="2018-12-12T15:08:59Z">
          <params>
            <param index="0">
              <value>
                <![CDATA[4_2_3_Progression_OTPmanager_MOS_33_Verify key present in otp table after otp generation]]>
              </value>
            </param>
            <param index="1">
              <value>
                <![CDATA[com.eviware.soapui.impl.wsdl.WsdlTestSuite@1de4bee0]]>
              </value>
            </param>
          </params>
          <reporter-output>
          </reporter-output>
        </test-method> <!-- init1 -->
        <test-method status="PASS" signature="BeforeMethod(java.lang.reflect.Method, [Ljava.lang.Object;)[pri:0, instance:mosip.api.scripts.kernel_module@9a7504c]" test-instance-name="4_2_2_OTPmanager_MOS_35_36_Progression_Key_with_3 digits" name="BeforeMethod" is-config="true" duration-ms="0" started-at="2018-12-12T15:08:58Z" finished-at="2018-12-12T15:08:58Z">
          <params>
            <param index="0">
              <value>
                <![CDATA[public void mosip.api.scripts.kernel_module.init1(java.lang.String,com.eviware.soapui.impl.wsdl.WsdlTestSuite) throws org.apache.xmlbeans.XmlException,java.io.IOException,com.eviware.soapui.support.SoapUIException]]>
              </value>
            </param>
            <param index="1">
              <value>
                <![CDATA[[Ljava.lang.Object;@2ac519dc]]>
              </value>
            </param>
          </params>
          <reporter-output>
          </reporter-output>
        </test-method> <!-- BeforeMethod -->
        <test-method status="PASS" signature="afterMethod(org.testng.ITestResult)[pri:0, instance:mosip.api.scripts.kernel_module@9a7504c]" test-instance-name="4_2_2_OTPmanager_MOS_35_36_Progression_Key_with_3 digits" name="afterMethod" is-config="true" duration-ms="0" started-at="2018-12-12T15:08:59Z" finished-at="2018-12-12T15:08:59Z">
          <params>
            <param index="0">
              <value>
                <![CDATA[[TestResult name=4_2_3_Progression_OTPmanager_MOS_33_Verify key present in otp table after otp generation status=SUCCESS method=kernel_module.init1(java.lang.String, com.eviware.soapui.impl.wsdl.WsdlTestSuite)[pri:0, instance:mosip.api.scripts.kernel_module@9a7504c] output={null}]]]>
              </value>
            </param>
          </params>
          <reporter-output>
          </reporter-output>
        </test-method> <!-- afterMethod -->
        <test-method status="PASS" signature="BeforeMethod(java.lang.reflect.Method, [Ljava.lang.Object;)[pri:0, instance:mosip.api.scripts.kernel_module@9a7504c]" test-instance-name="4_2_2_OTPmanager_MOS_35_36_Progression_Key_with_3 digits" name="BeforeMethod" is-config="true" duration-ms="1" started-at="2018-12-12T15:08:59Z" finished-at="2018-12-12T15:08:59Z">
          <params>
            <param index="0">
              <value>
                <![CDATA[public void mosip.api.scripts.kernel_module.init1(java.lang.String,com.eviware.soapui.impl.wsdl.WsdlTestSuite) throws org.apache.xmlbeans.XmlException,java.io.IOException,com.eviware.soapui.support.SoapUIException]]>
              </value>
            </param>
            <param index="1">
              <value>
                <![CDATA[[Ljava.lang.Object;@6518fdfd]]>
              </value>
            </param>
          </params>
          <reporter-output>
          </reporter-output>
        </test-method> <!-- BeforeMethod -->
        <test-method status="PASS" signature="init1(java.lang.String, com.eviware.soapui.impl.wsdl.WsdlTestSuite)[pri:0, instance:mosip.api.scripts.kernel_module@9a7504c]" test-instance-name="4_2_2_OTPmanager_MOS_35_36_Progression_Key_with_3 digits" name="init1" duration-ms="223" started-at="2018-12-12T15:08:59Z" data-provider="TestSuite1" finished-at="2018-12-12T15:08:59Z">
          <params>
            <param index="0">
              <value>
                <![CDATA[4_2_3_OTPmanager_MOS_33_Progression_otp should not be less than 6 digit]]>
              </value>
            </param>
            <param index="1">
              <value>
                <![CDATA[com.eviware.soapui.impl.wsdl.WsdlTestSuite@1de4bee0]]>
              </value>
            </param>
          </params>
          <reporter-output>
          </reporter-output>
        </test-method> <!-- init1 -->
        <test-method status="PASS" signature="BeforeMethod(java.lang.reflect.Method, [Ljava.lang.Object;)[pri:0, instance:mosip.api.scripts.kernel_module@9a7504c]" test-instance-name="4_2_2_OTPmanager_MOS_35_36_Progression_Key_with_3 digits" name="BeforeMethod" is-config="true" duration-ms="0" started-at="2018-12-12T15:08:59Z" finished-at="2018-12-12T15:08:59Z">
          <params>
            <param index="0">
              <value>
                <![CDATA[public void mosip.api.scripts.kernel_module.init1(java.lang.String,com.eviware.soapui.impl.wsdl.WsdlTestSuite) throws org.apache.xmlbeans.XmlException,java.io.IOException,com.eviware.soapui.support.SoapUIException]]>
              </value>
            </param>
            <param index="1">
              <value>
                <![CDATA[[Ljava.lang.Object;@7126e26]]>
              </value>
            </param>
          </params>
          <reporter-output>
          </reporter-output>
        </test-method> <!-- BeforeMethod -->
        <test-method status="PASS" signature="afterMethod(org.testng.ITestResult)[pri:0, instance:mosip.api.scripts.kernel_module@9a7504c]" test-instance-name="4_2_2_OTPmanager_MOS_35_36_Progression_Key_with_3 digits" name="afterMethod" is-config="true" duration-ms="0" started-at="2018-12-12T15:08:59Z" finished-at="2018-12-12T15:08:59Z">
          <params>
            <param index="0">
              <value>
                <![CDATA[[TestResult name=4_2_3_OTPmanager_MOS_33_Progression_otp should not be less than 6 digit status=SUCCESS method=kernel_module.init1(java.lang.String, com.eviware.soapui.impl.wsdl.WsdlTestSuite)[pri:0, instance:mosip.api.scripts.kernel_module@9a7504c] output={null}]]]>
              </value>
            </param>
          </params>
          <reporter-output>
          </reporter-output>
        </test-method> <!-- afterMethod -->
        <test-method status="PASS" signature="init1(java.lang.String, com.eviware.soapui.impl.wsdl.WsdlTestSuite)[pri:0, instance:mosip.api.scripts.kernel_module@9a7504c]" test-instance-name="4_2_2_OTPmanager_MOS_35_36_Progression_Key_with_3 digits" name="init1" duration-ms="605" started-at="2018-12-12T15:08:59Z" data-provider="TestSuite1" finished-at="2018-12-12T15:08:59Z">
          <params>
            <param index="0">
              <value>
                <![CDATA[4_2_3_OTPmanager_MOS_35_36_Progression_Validating_invalid_Key]]>
              </value>
            </param>
            <param index="1">
              <value>
                <![CDATA[com.eviware.soapui.impl.wsdl.WsdlTestSuite@1de4bee0]]>
              </value>
            </param>
          </params>
          <reporter-output>
          </reporter-output>
        </test-method> <!-- init1 -->
        <test-method status="PASS" signature="afterMethod(org.testng.ITestResult)[pri:0, instance:mosip.api.scripts.kernel_module@9a7504c]" test-instance-name="4_2_2_OTPmanager_MOS_35_36_Progression_Key_with_3 digits" name="afterMethod" is-config="true" duration-ms="1" started-at="2018-12-12T15:08:59Z" finished-at="2018-12-12T15:08:59Z">
          <params>
            <param index="0">
              <value>
                <![CDATA[[TestResult name=4_2_3_OTPmanager_MOS_35_36_Progression_Validating_invalid_Key status=SUCCESS method=kernel_module.init1(java.lang.String, com.eviware.soapui.impl.wsdl.WsdlTestSuite)[pri:0, instance:mosip.api.scripts.kernel_module@9a7504c] output={null}]]]>
              </value>
            </param>
          </params>
          <reporter-output>
          </reporter-output>
        </test-method> <!-- afterMethod -->
        <test-method status="PASS" signature="BeforeMethod(java.lang.reflect.Method, [Ljava.lang.Object;)[pri:0, instance:mosip.api.scripts.kernel_module@9a7504c]" test-instance-name="4_2_2_OTPmanager_MOS_35_36_Progression_Key_with_3 digits" name="BeforeMethod" is-config="true" duration-ms="0" started-at="2018-12-12T15:08:59Z" finished-at="2018-12-12T15:08:59Z">
          <params>
            <param index="0">
              <value>
                <![CDATA[public void mosip.api.scripts.kernel_module.init1(java.lang.String,com.eviware.soapui.impl.wsdl.WsdlTestSuite) throws org.apache.xmlbeans.XmlException,java.io.IOException,com.eviware.soapui.support.SoapUIException]]>
              </value>
            </param>
            <param index="1">
              <value>
                <![CDATA[[Ljava.lang.Object;@64763e49]]>
              </value>
            </param>
          </params>
          <reporter-output>
          </reporter-output>
        </test-method> <!-- BeforeMethod -->
        <test-method status="FAIL" signature="init1(java.lang.String, com.eviware.soapui.impl.wsdl.WsdlTestSuite)[pri:0, instance:mosip.api.scripts.kernel_module@9a7504c]" test-instance-name="4_2_2_OTPmanager_MOS_35_36_Progression_Key_with_3 digits" name="init1" duration-ms="1073" started-at="2018-12-12T15:08:59Z" data-provider="TestSuite1" finished-at="2018-12-12T15:09:01Z">
          <params>
            <param index="0">
              <value>
                <![CDATA[4_2_3_OTPmanager_MOS_423_Progression_Validating_Blocked_Key]]>
              </value>
            </param>
            <param index="1">
              <value>
                <![CDATA[com.eviware.soapui.impl.wsdl.WsdlTestSuite@1de4bee0]]>
              </value>
            </param>
          </params>
          <exception class="java.lang.AssertionError">
            <message>
              <![CDATA[expected [FINISHED] but found [FAILED]]]>
            </message>
            <full-stacktrace>
              <![CDATA[java.lang.AssertionError: expected [FINISHED] but found [FAILED]
	at org.testng.Assert.fail(Assert.java:93)
	at org.testng.Assert.failNotEquals(Assert.java:512)
	at org.testng.Assert.assertEqualsImpl(Assert.java:134)
	at org.testng.Assert.assertEquals(Assert.java:115)
	at org.testng.Assert.assertEquals(Assert.java:178)
	at mosip.api.scripts.kernel_module.init1(kernel_module.java:294)
	at sun.reflect.NativeMethodAccessorImpl.invoke0(Native Method)
	at sun.reflect.NativeMethodAccessorImpl.invoke(NativeMethodAccessorImpl.java:62)
	at sun.reflect.DelegatingMethodAccessorImpl.invoke(DelegatingMethodAccessorImpl.java:43)
	at java.lang.reflect.Method.invoke(Method.java:497)
	at org.testng.internal.MethodInvocationHelper.invokeMethod(MethodInvocationHelper.java:108)
	at org.testng.internal.Invoker.invokeMethod(Invoker.java:661)
	at org.testng.internal.Invoker.invokeTestMethod(Invoker.java:869)
	at org.testng.internal.Invoker.invokeTestMethods(Invoker.java:1193)
	at org.testng.internal.TestMethodWorker.invokeTestMethods(TestMethodWorker.java:126)
	at org.testng.internal.TestMethodWorker.run(TestMethodWorker.java:109)
	at org.testng.TestRunner.privateRun(TestRunner.java:744)
	at org.testng.TestRunner.run(TestRunner.java:602)
	at org.testng.SuiteRunner.runTest(SuiteRunner.java:380)
	at org.testng.SuiteRunner.runSequentially(SuiteRunner.java:375)
	at org.testng.SuiteRunner.privateRun(SuiteRunner.java:340)
	at org.testng.SuiteRunner.run(SuiteRunner.java:289)
	at org.testng.SuiteRunnerWorker.runSuite(SuiteRunnerWorker.java:52)
	at org.testng.SuiteRunnerWorker.run(SuiteRunnerWorker.java:86)
	at org.testng.TestNG.runSuitesSequentially(TestNG.java:1301)
	at org.testng.TestNG.runSuitesLocally(TestNG.java:1226)
	at org.testng.TestNG.runSuites(TestNG.java:1144)
	at org.testng.TestNG.run(TestNG.java:1115)
	at org.testng.remote.AbstractRemoteTestNG.run(AbstractRemoteTestNG.java:126)
	at org.testng.remote.RemoteTestNG.initAndRun(RemoteTestNG.java:152)
	at org.testng.remote.RemoteTestNG.main(RemoteTestNG.java:57)
]]>
            </full-stacktrace>
          </exception> <!-- java.lang.AssertionError -->
          <reporter-output>
          </reporter-output>
        </test-method> <!-- init1 -->
        <test-method status="PASS" signature="afterMethod(org.testng.ITestResult)[pri:0, instance:mosip.api.scripts.kernel_module@9a7504c]" test-instance-name="4_2_2_OTPmanager_MOS_35_36_Progression_Key_with_3 digits" name="afterMethod" is-config="true" duration-ms="1" started-at="2018-12-12T15:09:01Z" finished-at="2018-12-12T15:09:01Z">
          <params>
            <param index="0">
              <value>
                <![CDATA[[TestResult name=4_2_3_OTPmanager_MOS_423_Progression_Validating_Blocked_Key status=FAILURE method=kernel_module.init1(java.lang.String, com.eviware.soapui.impl.wsdl.WsdlTestSuite)[pri:0, instance:mosip.api.scripts.kernel_module@9a7504c] output={null}]]]>
              </value>
            </param>
          </params>
          <reporter-output>
          </reporter-output>
        </test-method> <!-- afterMethod -->
        <test-method status="PASS" signature="BeforeMethod(java.lang.reflect.Method, [Ljava.lang.Object;)[pri:0, instance:mosip.api.scripts.kernel_module@9a7504c]" test-instance-name="4_2_2_OTPmanager_MOS_35_36_Progression_Key_with_3 digits" name="BeforeMethod" is-config="true" duration-ms="1" started-at="2018-12-12T15:09:01Z" finished-at="2018-12-12T15:09:01Z">
          <params>
            <param index="0">
              <value>
                <![CDATA[public void mosip.api.scripts.kernel_module.init1(java.lang.String,com.eviware.soapui.impl.wsdl.WsdlTestSuite) throws org.apache.xmlbeans.XmlException,java.io.IOException,com.eviware.soapui.support.SoapUIException]]>
              </value>
            </param>
            <param index="1">
              <value>
                <![CDATA[[Ljava.lang.Object;@59838256]]>
              </value>
            </param>
          </params>
          <reporter-output>
          </reporter-output>
        </test-method> <!-- BeforeMethod -->
        <test-method status="PASS" signature="init1(java.lang.String, com.eviware.soapui.impl.wsdl.WsdlTestSuite)[pri:0, instance:mosip.api.scripts.kernel_module@9a7504c]" test-instance-name="4_2_2_OTPmanager_MOS_35_36_Progression_Key_with_3 digits" name="init1" duration-ms="2008" started-at="2018-12-12T15:09:01Z" data-provider="TestSuite1" finished-at="2018-12-12T15:09:03Z">
          <params>
            <param index="0">
              <value>
                <![CDATA[4_2_3_OTPmanager_MOS_35_36_Progression_Number_with_sp_chars]]>
              </value>
            </param>
            <param index="1">
              <value>
                <![CDATA[com.eviware.soapui.impl.wsdl.WsdlTestSuite@1de4bee0]]>
              </value>
            </param>
          </params>
          <reporter-output>
          </reporter-output>
        </test-method> <!-- init1 -->
        <test-method status="PASS" signature="afterMethod(org.testng.ITestResult)[pri:0, instance:mosip.api.scripts.kernel_module@9a7504c]" test-instance-name="4_2_2_OTPmanager_MOS_35_36_Progression_Key_with_3 digits" name="afterMethod" is-config="true" duration-ms="0" started-at="2018-12-12T15:09:03Z" finished-at="2018-12-12T15:09:03Z">
          <params>
            <param index="0">
              <value>
                <![CDATA[[TestResult name=4_2_3_OTPmanager_MOS_35_36_Progression_Number_with_sp_chars status=SUCCESS method=kernel_module.init1(java.lang.String, com.eviware.soapui.impl.wsdl.WsdlTestSuite)[pri:0, instance:mosip.api.scripts.kernel_module@9a7504c] output={null}]]]>
              </value>
            </param>
          </params>
          <reporter-output>
          </reporter-output>
        </test-method> <!-- afterMethod -->
        <test-method status="PASS" signature="init1(java.lang.String, com.eviware.soapui.impl.wsdl.WsdlTestSuite)[pri:0, instance:mosip.api.scripts.kernel_module@9a7504c]" test-instance-name="4_2_2_OTPmanager_MOS_35_36_Progression_Key_with_3 digits" name="init1" duration-ms="846" started-at="2018-12-12T15:09:03Z" data-provider="TestSuite1" finished-at="2018-12-12T15:09:03Z">
          <params>
            <param index="0">
              <value>
                <![CDATA[4_2_2_OTPmanager_MOS_35_36_Progression_Key_with_3 digits]]>
              </value>
            </param>
            <param index="1">
              <value>
                <![CDATA[com.eviware.soapui.impl.wsdl.WsdlTestSuite@1de4bee0]]>
              </value>
            </param>
          </params>
          <reporter-output>
          </reporter-output>
        </test-method> <!-- init1 -->
        <test-method status="PASS" signature="BeforeMethod(java.lang.reflect.Method, [Ljava.lang.Object;)[pri:0, instance:mosip.api.scripts.kernel_module@9a7504c]" test-instance-name="4_2_2_OTPmanager_MOS_35_36_Progression_Key_with_3 digits" name="BeforeMethod" is-config="true" duration-ms="0" started-at="2018-12-12T15:09:03Z" finished-at="2018-12-12T15:09:03Z">
          <params>
            <param index="0">
              <value>
                <![CDATA[public void mosip.api.scripts.kernel_module.init1(java.lang.String,com.eviware.soapui.impl.wsdl.WsdlTestSuite) throws org.apache.xmlbeans.XmlException,java.io.IOException,com.eviware.soapui.support.SoapUIException]]>
              </value>
            </param>
            <param index="1">
              <value>
                <![CDATA[[Ljava.lang.Object;@411cd156]]>
              </value>
            </param>
          </params>
          <reporter-output>
          </reporter-output>
        </test-method> <!-- BeforeMethod -->
        <test-method status="PASS" signature="afterMethod(org.testng.ITestResult)[pri:0, instance:mosip.api.scripts.kernel_module@9a7504c]" test-instance-name="4_2_2_OTPmanager_MOS_35_36_Progression_Key_with_3 digits" name="afterMethod" is-config="true" duration-ms="0" started-at="2018-12-12T15:09:03Z" finished-at="2018-12-12T15:09:03Z">
          <params>
            <param index="0">
              <value>
                <![CDATA[[TestResult name=4_2_2_OTPmanager_MOS_35_36_Progression_Key_with_3 digits status=SUCCESS method=kernel_module.init1(java.lang.String, com.eviware.soapui.impl.wsdl.WsdlTestSuite)[pri:0, instance:mosip.api.scripts.kernel_module@9a7504c] output={null}]]]>
              </value>
            </param>
          </params>
          <reporter-output>
          </reporter-output>
        </test-method> <!-- afterMethod -->
      </class> <!-- mosip.api.scripts.kernel_module -->
      <class name="mosip.api.scripts.pre_reg_module">
        <test-method status="PASS" signature="init(java.lang.String, com.eviware.soapui.impl.wsdl.WsdlTestSuite)[pri:0, instance:mosip.api.scripts.pre_reg_module@2c039ac6]" test-instance-name="Mosip_test_DocumentUpload_fn_Progression_Med_2_EqualToFileSize" name="init" duration-ms="991" started-at="2018-12-12T15:09:04Z" data-provider="testSuite" finished-at="2018-12-12T15:09:05Z">
          <params>
            <param index="0">
              <value>
                <![CDATA[init]]>
              </value>
            </param>
            <param index="1">
              <value>
                <![CDATA[com.eviware.soapui.impl.wsdl.WsdlTestSuite@4962b41e]]>
              </value>
            </param>
          </params>
          <reporter-output>
          </reporter-output>
        </test-method> <!-- init -->
        <test-method status="PASS" signature="BeforeMethod(java.lang.reflect.Method, [Ljava.lang.Object;)[pri:0, instance:mosip.api.scripts.pre_reg_module@2c039ac6]" test-instance-name="Mosip_test_DocumentUpload_fn_Progression_Med_2_EqualToFileSize" name="BeforeMethod" is-config="true" duration-ms="0" started-at="2018-12-12T15:09:04Z" finished-at="2018-12-12T15:09:04Z">
          <params>
            <param index="0">
              <value>
                <![CDATA[public void mosip.api.scripts.pre_reg_module.init(java.lang.String,com.eviware.soapui.impl.wsdl.WsdlTestSuite) throws org.apache.xmlbeans.XmlException,java.io.IOException,com.eviware.soapui.support.SoapUIException]]>
              </value>
            </param>
            <param index="1">
              <value>
                <![CDATA[[Ljava.lang.Object;@11c78080]]>
              </value>
            </param>
          </params>
          <reporter-output>
          </reporter-output>
        </test-method> <!-- BeforeMethod -->
        <test-method status="PASS" signature="BeforeMethod(java.lang.reflect.Method, [Ljava.lang.Object;)[pri:0, instance:mosip.api.scripts.pre_reg_module@2c039ac6]" test-instance-name="Mosip_test_DocumentUpload_fn_Progression_Med_2_EqualToFileSize" name="BeforeMethod" is-config="true" duration-ms="1" started-at="2018-12-12T15:09:05Z" finished-at="2018-12-12T15:09:05Z">
          <params>
            <param index="0">
              <value>
                <![CDATA[public void mosip.api.scripts.pre_reg_module.init(java.lang.String,com.eviware.soapui.impl.wsdl.WsdlTestSuite) throws org.apache.xmlbeans.XmlException,java.io.IOException,com.eviware.soapui.support.SoapUIException]]>
              </value>
            </param>
            <param index="1">
              <value>
                <![CDATA[[Ljava.lang.Object;@6221b13b]]>
              </value>
            </param>
          </params>
          <reporter-output>
          </reporter-output>
        </test-method> <!-- BeforeMethod -->
        <test-method status="PASS" signature="afterMethod(org.testng.ITestResult)[pri:0, instance:mosip.api.scripts.pre_reg_module@2c039ac6]" test-instance-name="Mosip_test_DocumentUpload_fn_Progression_Med_2_EqualToFileSize" name="afterMethod" is-config="true" duration-ms="0" started-at="2018-12-12T15:09:05Z" finished-at="2018-12-12T15:09:05Z">
          <params>
            <param index="0">
              <value>
                <![CDATA[[TestResult name=init status=SUCCESS method=pre_reg_module.init(java.lang.String, com.eviware.soapui.impl.wsdl.WsdlTestSuite)[pri:0, instance:mosip.api.scripts.pre_reg_module@2c039ac6] output={null}]]]>
              </value>
            </param>
          </params>
          <reporter-output>
          </reporter-output>
        </test-method> <!-- afterMethod -->
        <test-method status="FAIL" signature="init(java.lang.String, com.eviware.soapui.impl.wsdl.WsdlTestSuite)[pri:0, instance:mosip.api.scripts.pre_reg_module@2c039ac6]" test-instance-name="Mosip_test_DocumentUpload_fn_Progression_Med_2_EqualToFileSize" name="init" duration-ms="305" started-at="2018-12-12T15:09:05Z" data-provider="testSuite" finished-at="2018-12-12T15:09:05Z">
          <params>
            <param index="0">
              <value>
                <![CDATA[Mosip_test_Application Manager_functional_smoke_HIGH_1_create a new Pre-registration(individual)]]>
              </value>
            </param>
            <param index="1">
              <value>
                <![CDATA[com.eviware.soapui.impl.wsdl.WsdlTestSuite@4962b41e]]>
              </value>
            </param>
          </params>
          <exception class="java.lang.AssertionError">
            <message>
              <![CDATA[expected [FINISHED] but found [FAILED]]]>
            </message>
            <full-stacktrace>
              <![CDATA[java.lang.AssertionError: expected [FINISHED] but found [FAILED]
	at org.testng.Assert.fail(Assert.java:93)
	at org.testng.Assert.failNotEquals(Assert.java:512)
	at org.testng.Assert.assertEqualsImpl(Assert.java:134)
	at org.testng.Assert.assertEquals(Assert.java:115)
	at org.testng.Assert.assertEquals(Assert.java:178)
	at mosip.api.scripts.pre_reg_module.init(pre_reg_module.java:157)
	at sun.reflect.NativeMethodAccessorImpl.invoke0(Native Method)
	at sun.reflect.NativeMethodAccessorImpl.invoke(NativeMethodAccessorImpl.java:62)
	at sun.reflect.DelegatingMethodAccessorImpl.invoke(DelegatingMethodAccessorImpl.java:43)
	at java.lang.reflect.Method.invoke(Method.java:497)
	at org.testng.internal.MethodInvocationHelper.invokeMethod(MethodInvocationHelper.java:108)
	at org.testng.internal.Invoker.invokeMethod(Invoker.java:661)
	at org.testng.internal.Invoker.invokeTestMethod(Invoker.java:869)
	at org.testng.internal.Invoker.invokeTestMethods(Invoker.java:1193)
	at org.testng.internal.TestMethodWorker.invokeTestMethods(TestMethodWorker.java:126)
	at org.testng.internal.TestMethodWorker.run(TestMethodWorker.java:109)
	at org.testng.TestRunner.privateRun(TestRunner.java:744)
	at org.testng.TestRunner.run(TestRunner.java:602)
	at org.testng.SuiteRunner.runTest(SuiteRunner.java:380)
	at org.testng.SuiteRunner.runSequentially(SuiteRunner.java:375)
	at org.testng.SuiteRunner.privateRun(SuiteRunner.java:340)
	at org.testng.SuiteRunner.run(SuiteRunner.java:289)
	at org.testng.SuiteRunnerWorker.runSuite(SuiteRunnerWorker.java:52)
	at org.testng.SuiteRunnerWorker.run(SuiteRunnerWorker.java:86)
	at org.testng.TestNG.runSuitesSequentially(TestNG.java:1301)
	at org.testng.TestNG.runSuitesLocally(TestNG.java:1226)
	at org.testng.TestNG.runSuites(TestNG.java:1144)
[...]
	at org.testng.Assert.assertEqualsImpl(Assert.java:134)
	at org.testng.Assert.assertEquals(Assert.java:115)
	at org.testng.Assert.assertEquals(Assert.java:178)
	at mosip.api.scripts.pre_reg_module.init1(pre_reg_module.java:294)
	at sun.reflect.NativeMethodAccessorImpl.invoke0(Native Method)
	at sun.reflect.NativeMethodAccessorImpl.invoke(NativeMethodAccessorImpl.java:62)
	at sun.reflect.DelegatingMethodAccessorImpl.invoke(DelegatingMethodAccessorImpl.java:43)
	at java.lang.reflect.Method.invoke(Method.java:497)
	at org.testng.internal.MethodInvocationHelper.invokeMethod(MethodInvocationHelper.java:108)
	at org.testng.internal.Invoker.invokeMethod(Invoker.java:661)
	at org.testng.internal.Invoker.invokeTestMethod(Invoker.java:869)
	at org.testng.internal.Invoker.invokeTestMethods(Invoker.java:1193)
	at org.testng.internal.TestMethodWorker.invokeTestMethods(TestMethodWorker.java:126)
	at org.testng.internal.TestMethodWorker.run(TestMethodWorker.java:109)
	at org.testng.TestRunner.privateRun(TestRunner.java:744)
	at org.testng.TestRunner.run(TestRunner.java:602)
	at org.testng.SuiteRunner.runTest(SuiteRunner.java:380)
	at org.testng.SuiteRunner.runSequentially(SuiteRunner.java:375)
	at org.testng.SuiteRunner.privateRun(SuiteRunner.java:340)
	at org.testng.SuiteRunner.run(SuiteRunner.java:289)
	at org.testng.SuiteRunnerWorker.runSuite(SuiteRunnerWorker.java:52)
	at org.testng.SuiteRunnerWorker.run(SuiteRunnerWorker.java:86)
	at org.testng.TestNG.runSuitesSequentially(TestNG.java:1301)
	at org.testng.TestNG.runSuitesLocally(TestNG.java:1226)
	at org.testng.TestNG.runSuites(TestNG.java:1144)
	at org.testng.TestNG.run(TestNG.java:1115)
	at org.testng.remote.AbstractRemoteTestNG.run(AbstractRemoteTestNG.java:126)
	at org.testng.remote.RemoteTestNG.initAndRun(RemoteTestNG.java:152)
	at org.testng.remote.RemoteTestNG.main(RemoteTestNG.java:57)
]]>
            </full-stacktrace>
          </exception> <!-- java.lang.AssertionError -->
          <reporter-output>
          </reporter-output>
        </test-method> <!-- init1 -->
        <test-method status="PASS" signature="BeforeMethod(java.lang.reflect.Method, [Ljava.lang.Object;)[pri:0, instance:mosip.api.scripts.pre_reg_module@2c039ac6]" test-instance-name="Mosip_test_DocumentUpload_fn_Progression_Med_2_EqualToFileSize" name="BeforeMethod" is-config="true" duration-ms="0" started-at="2018-12-12T15:09:09Z" finished-at="2018-12-12T15:09:09Z">
          <params>
            <param index="0">
              <value>
                <![CDATA[public void mosip.api.scripts.pre_reg_module.init1(java.lang.String,com.eviware.soapui.impl.wsdl.WsdlTestSuite) throws org.apache.xmlbeans.XmlException,java.io.IOException,com.eviware.soapui.support.SoapUIException]]>
              </value>
            </param>
            <param index="1">
              <value>
                <![CDATA[[Ljava.lang.Object;@b506ed0]]>
              </value>
            </param>
          </params>
          <reporter-output>
          </reporter-output>
        </test-method> <!-- BeforeMethod -->
        <test-method status="PASS" signature="afterMethod(org.testng.ITestResult)[pri:0, instance:mosip.api.scripts.pre_reg_module@2c039ac6]" test-instance-name="Mosip_test_DocumentUpload_fn_Progression_Med_2_EqualToFileSize" name="afterMethod" is-config="true" duration-ms="1" started-at="2018-12-12T15:09:09Z" finished-at="2018-12-12T15:09:09Z">
          <params>
            <param index="0">
              <value>
                <![CDATA[[TestResult name=Mosip_test_Application Manager_functional_progression_HIGH_2_Fetch Application with invalid uers ID status=FAILURE method=pre_reg_module.init1(java.lang.String, com.eviware.soapui.impl.wsdl.WsdlTestSuite)[pri:0, instance:mosip.api.scripts.pre_reg_module@2c039ac6] output={null}]]]>
              </value>
            </param>
          </params>
          <reporter-output>
          </reporter-output>
        </test-method> <!-- afterMethod -->
        <test-method status="PASS" signature="BeforeMethod(java.lang.reflect.Method, [Ljava.lang.Object;)[pri:0, instance:mosip.api.scripts.pre_reg_module@2c039ac6]" test-instance-name="Mosip_test_DocumentUpload_fn_Progression_Med_2_EqualToFileSize" name="BeforeMethod" is-config="true" duration-ms="0" started-at="2018-12-12T15:09:09Z" finished-at="2018-12-12T15:09:09Z">
          <params>
            <param index="0">
              <value>
                <![CDATA[public void mosip.api.scripts.pre_reg_module.init1(java.lang.String,com.eviware.soapui.impl.wsdl.WsdlTestSuite) throws org.apache.xmlbeans.XmlException,java.io.IOException,com.eviware.soapui.support.SoapUIException]]>
              </value>
            </param>
            <param index="1">
              <value>
                <![CDATA[[Ljava.lang.Object;@10e9a5fe]]>
              </value>
            </param>
          </params>
          <reporter-output>
          </reporter-output>
        </test-method> <!-- BeforeMethod -->
        <test-method status="FAIL" signature="init1(java.lang.String, com.eviware.soapui.impl.wsdl.WsdlTestSuite)[pri:0, instance:mosip.api.scripts.pre_reg_module@2c039ac6]" test-instance-name="Mosip_test_DocumentUpload_fn_Progression_Med_2_EqualToFileSize" name="init1" duration-ms="224" started-at="2018-12-12T15:09:09Z" data-provider="TestSuite1" finished-at="2018-12-12T15:09:09Z">
          <params>
            <param index="0">
              <value>
                <![CDATA[Mosip_test_Application Manager_functional__Progression_HIGH_2_Discard individual with Booked Status]]>
              </value>
            </param>
            <param index="1">
              <value>
                <![CDATA[com.eviware.soapui.impl.wsdl.WsdlTestSuite@1abcd059]]>
              </value>
            </param>
          </params>
          <exception class="java.lang.AssertionError">
            <message>
              <![CDATA[expected [FINISHED] but found [FAILED]]]>
            </message>
            <full-stacktrace>
              <![CDATA[java.lang.AssertionError: expected [FINISHED] but found [FAILED]
	at org.testng.Assert.fail(Assert.java:93)
	at org.testng.Assert.failNotEquals(Assert.java:512)
	at org.testng.Assert.assertEqualsImpl(Assert.java:134)
	at org.testng.Assert.assertEquals(Assert.java:115)
	at org.testng.Assert.assertEquals(Assert.java:178)
	at mosip.api.scripts.pre_reg_module.init1(pre_reg_module.java:294)
	at sun.reflect.NativeMethodAccessorImpl.invoke0(Native Method)
	at sun.reflect.NativeMethodAccessorImpl.invoke(NativeMethodAccessorImpl.java:62)
	at sun.reflect.DelegatingMethodAccessorImpl.invoke(DelegatingMethodAccessorImpl.java:43)
	at java.lang.reflect.Method.invoke(Method.java:497)
	at org.testng.internal.MethodInvocationHelper.invokeMethod(MethodInvocationHelper.java:108)
	at org.testng.internal.Invoker.invokeMethod(Invoker.java:661)
	at org.testng.internal.Invoker.invokeTestMethod(Invoker.java:869)
	at org.testng.internal.Invoker.invokeTestMethods(Invoker.java:1193)
	at org.testng.internal.TestMethodWorker.invokeTestMethods(TestMethodWorker.java:126)
	at org.testng.internal.TestMethodWorker.run(TestMethodWorker.java:109)
	at org.testng.TestRunner.privateRun(TestRunner.java:744)
	at org.testng.TestRunner.run(TestRunner.java:602)
	at org.testng.SuiteRunner.runTest(SuiteRunner.java:380)
	at org.testng.SuiteRunner.runSequentially(SuiteRunner.java:375)
	at org.testng.SuiteRunner.privateRun(SuiteRunner.java:340)
	at org.testng.SuiteRunner.run(SuiteRunner.java:289)
	at org.testng.SuiteRunnerWorker.runSuite(SuiteRunnerWorker.java:52)
	at org.testng.SuiteRunnerWorker.run(SuiteRunnerWorker.java:86)
	at org.testng.TestNG.runSuitesSequentially(TestNG.java:1301)
	at org.testng.TestNG.runSuitesLocally(TestNG.java:1226)
	at org.testng.TestNG.runSuites(TestNG.java:1144)
	at org.testng.TestNG.run(TestNG.java:1115)
	at org.testng.remote.AbstractRemoteTestNG.run(AbstractRemoteTestNG.java:126)
	at org.testng.remote.RemoteTestNG.initAndRun(RemoteTestNG.java:152)
	at org.testng.remote.RemoteTestNG.main(RemoteTestNG.java:57)
]]>
            </full-stacktrace>
          </exception> <!-- java.lang.AssertionError -->
          <reporter-output>
          </reporter-output>
        </test-method> <!-- init1 -->
        <test-method status="PASS" signature="afterMethod(org.testng.ITestResult)[pri:0, instance:mosip.api.scripts.pre_reg_module@2c039ac6]" test-instance-name="Mosip_test_DocumentUpload_fn_Progression_Med_2_EqualToFileSize" name="afterMethod" is-config="true" duration-ms="1" started-at="2018-12-12T15:09:09Z" finished-at="2018-12-12T15:09:09Z">
          <params>
            <param index="0">
              <value>
                <![CDATA[[TestResult name=Mosip_test_Application Manager_functional__Progression_HIGH_2_Discard individual with Booked Status status=FAILURE method=pre_reg_module.init1(java.lang.String, com.eviware.soapui.impl.wsdl.WsdlTestSuite)[pri:0, instance:mosip.api.scripts.pre_reg_module@2c039ac6] output={null}]]]>
              </value>
            </param>
          </params>
          <reporter-output>
          </reporter-output>
        </test-method> <!-- afterMethod -->
        <test-method status="PASS" signature="BeforeMethod(java.lang.reflect.Method, [Ljava.lang.Object;)[pri:0, instance:mosip.api.scripts.pre_reg_module@2c039ac6]" test-instance-name="Mosip_test_DocumentUpload_fn_Progression_Med_2_EqualToFileSize" name="BeforeMethod" is-config="true" duration-ms="1" started-at="2018-12-12T15:09:09Z" finished-at="2018-12-12T15:09:09Z">
          <params>
            <param index="0">
              <value>
                <![CDATA[public void mosip.api.scripts.pre_reg_module.init1(java.lang.String,com.eviware.soapui.impl.wsdl.WsdlTestSuite) throws org.apache.xmlbeans.XmlException,java.io.IOException,com.eviware.soapui.support.SoapUIException]]>
              </value>
            </param>
            <param index="1">
              <value>
                <![CDATA[[Ljava.lang.Object;@48cdb156]]>
              </value>
            </param>
          </params>
          <reporter-output>
          </reporter-output>
        </test-method> <!-- BeforeMethod -->
        <test-method status="FAIL" signature="init1(java.lang.String, com.eviware.soapui.impl.wsdl.WsdlTestSuite)[pri:0, instance:mosip.api.scripts.pre_reg_module@2c039ac6]" test-instance-name="Mosip_test_DocumentUpload_fn_Progression_Med_2_EqualToFileSize" name="init1" duration-ms="417" started-at="2018-12-12T15:09:09Z" data-provider="TestSuite1" finished-at="2018-12-12T15:09:09Z">
          <params>
            <param index="0">
              <value>
                <![CDATA[Mosip_test_Application Manager_functional__Progression_HIGH_3_Discard individual with Expired Status]]>
              </value>
            </param>
            <param index="1">
              <value>
                <![CDATA[com.eviware.soapui.impl.wsdl.WsdlTestSuite@1abcd059]]>
              </value>
            </param>
          </params>
          <exception class="java.lang.AssertionError">
            <message>
              <![CDATA[expected [FINISHED] but found [FAILED]]]>
            </message>
            <full-stacktrace>
              <![CDATA[java.lang.AssertionError: expected [FINISHED] but found [FAILED]
	at org.testng.Assert.fail(Assert.java:93)
	at org.testng.Assert.failNotEquals(Assert.java:512)
	at org.testng.Assert.assertEqualsImpl(Assert.java:134)
	at org.testng.Assert.assertEquals(Assert.java:115)
	at org.testng.Assert.assertEquals(Assert.java:178)
	at mosip.api.scripts.pre_reg_module.init1(pre_reg_module.java:294)
	at sun.reflect.NativeMethodAccessorImpl.invoke0(Native Method)
	at sun.reflect.NativeMethodAccessorImpl.invoke(NativeMethodAccessorImpl.java:62)
	at sun.reflect.DelegatingMethodAccessorImpl.invoke(DelegatingMethodAccessorImpl.java:43)
	at java.lang.reflect.Method.invoke(Method.java:497)
	at org.testng.internal.MethodInvocationHelper.invokeMethod(MethodInvocationHelper.java:108)
	at org.testng.internal.Invoker.invokeMethod(Invoker.java:661)
	at org.testng.internal.Invoker.invokeTestMethod(Invoker.java:869)
	at org.testng.internal.Invoker.invokeTestMethods(Invoker.java:1193)
	at org.testng.internal.TestMethodWorker.invokeTestMethods(TestMethodWorker.java:126)
	at org.testng.internal.TestMethodWorker.run(TestMethodWorker.java:109)
	at org.testng.TestRunner.privateRun(TestRunner.java:744)
	at org.testng.TestRunner.run(TestRunner.java:602)
	at org.testng.SuiteRunner.runTest(SuiteRunner.java:380)
	at org.testng.SuiteRunner.runSequentially(SuiteRunner.java:375)
	at org.testng.SuiteRunner.privateRun(SuiteRunner.java:340)
	at org.testng.SuiteRunner.run(SuiteRunner.java:289)
	at org.testng.SuiteRunnerWorker.runSuite(SuiteRunnerWorker.java:52)
	at org.testng.SuiteRunnerWorker.run(SuiteRunnerWorker.java:86)
	at org.testng.TestNG.runSuitesSequentially(TestNG.java:1301)
	at org.testng.TestNG.runSuitesLocally(TestNG.java:1226)
	at org.testng.TestNG.runSuites(TestNG.java:1144)
	at org.testng.TestNG.run(TestNG.java:1115)
	at org.testng.remote.AbstractRemoteTestNG.run(AbstractRemoteTestNG.java:126)
	at org.testng.remote.RemoteTestNG.initAndRun(RemoteTestNG.java:152)
	at org.testng.remote.RemoteTestNG.main(RemoteTestNG.java:57)
]]>
            </full-stacktrace>
          </exception> <!-- java.lang.AssertionError -->
          <reporter-output>
          </reporter-output>
        </test-method> <!-- init1 -->
        <test-method status="PASS" signature="init1(java.lang.String, com.eviware.soapui.impl.wsdl.WsdlTestSuite)[pri:0, instance:mosip.api.scripts.pre_reg_module@2c039ac6]" test-instance-name="Mosip_test_DocumentUpload_fn_Progression_Med_2_EqualToFileSize" name="init1" duration-ms="4007" started-at="2018-12-12T15:09:09Z" data-provider="TestSuite1" finished-at="2018-12-12T15:09:14Z">
          <params>
            <param index="0">
              <value>
                <![CDATA[Mosip_test_DocuemntUpload_fn_Progression_High_1_ValidDocumentUpload]]>
              </value>
            </param>
            <param index="1">
              <value>
                <![CDATA[com.eviware.soapui.impl.wsdl.WsdlTestSuite@17216605]]>
              </value>
            </param>
          </params>
          <reporter-output>
          </reporter-output>
        </test-method> <!-- init1 -->
        <test-method status="PASS" signature="afterMethod(org.testng.ITestResult)[pri:0, instance:mosip.api.scripts.pre_reg_module@2c039ac6]" test-instance-name="Mosip_test_DocumentUpload_fn_Progression_Med_2_EqualToFileSize" name="afterMethod" is-config="true" duration-ms="0" started-at="2018-12-12T15:09:09Z" finished-at="2018-12-12T15:09:09Z">
          <params>
            <param index="0">
              <value>
                <![CDATA[[TestResult name=Mosip_test_Application Manager_functional__Progression_HIGH_3_Discard individual with Expired Status status=FAILURE method=pre_reg_module.init1(java.lang.String, com.eviware.soapui.impl.wsdl.WsdlTestSuite)[pri:0, instance:mosip.api.scripts.pre_reg_module@2c039ac6] output={null}]]]>
              </value>
            </param>
          </params>
          <reporter-output>
          </reporter-output>
        </test-method> <!-- afterMethod -->
        <test-method status="PASS" signature="BeforeMethod(java.lang.reflect.Method, [Ljava.lang.Object;)[pri:0, instance:mosip.api.scripts.pre_reg_module@2c039ac6]" test-instance-name="Mosip_test_DocumentUpload_fn_Progression_Med_2_EqualToFileSize" name="BeforeMethod" is-config="true" duration-ms="0" started-at="2018-12-12T15:09:09Z" finished-at="2018-12-12T15:09:09Z">
          <params>
            <param index="0">
              <value>
                <![CDATA[public void mosip.api.scripts.pre_reg_module.init1(java.lang.String,com.eviware.soapui.impl.wsdl.WsdlTestSuite) throws org.apache.xmlbeans.XmlException,java.io.IOException,com.eviware.soapui.support.SoapUIException]]>
              </value>
            </param>
            <param index="1">
              <value>
                <![CDATA[[Ljava.lang.Object;@3ace6346]]>
              </value>
            </param>
          </params>
          <reporter-output>
          </reporter-output>
        </test-method> <!-- BeforeMethod -->
        <test-method status="PASS" signature="afterMethod(org.testng.ITestResult)[pri:0, instance:mosip.api.scripts.pre_reg_module@2c039ac6]" test-instance-name="Mosip_test_DocumentUpload_fn_Progression_Med_2_EqualToFileSize" name="afterMethod" is-config="true" duration-ms="0" started-at="2018-12-12T15:09:14Z" finished-at="2018-12-12T15:09:14Z">
          <params>
            <param index="0">
              <value>
                <![CDATA[[TestResult name=Mosip_test_DocuemntUpload_fn_Progression_High_1_ValidDocumentUpload status=SUCCESS method=pre_reg_module.init1(java.lang.String, com.eviware.soapui.impl.wsdl.WsdlTestSuite)[pri:0, instance:mosip.api.scripts.pre_reg_module@2c039ac6] output={null}]]]>
              </value>
            </param>
          </params>
          <reporter-output>
          </reporter-output>
        </test-method> <!-- afterMethod -->
        <test-method status="PASS" signature="BeforeMethod(java.lang.reflect.Method, [Ljava.lang.Object;)[pri:0, instance:mosip.api.scripts.pre_reg_module@2c039ac6]" test-instance-name="Mosip_test_DocumentUpload_fn_Progression_Med_2_EqualToFileSize" name="BeforeMethod" is-config="true" duration-ms="1" started-at="2018-12-12T15:09:14Z" finished-at="2018-12-12T15:09:14Z">
          <params>
            <param index="0">
              <value>
                <![CDATA[public void mosip.api.scripts.pre_reg_module.init1(java.lang.String,com.eviware.soapui.impl.wsdl.WsdlTestSuite) throws org.apache.xmlbeans.XmlException,java.io.IOException,com.eviware.soapui.support.SoapUIException]]>
              </value>
            </param>
            <param index="1">
              <value>
                <![CDATA[[Ljava.lang.Object;@41f785e3]]>
              </value>
            </param>
          </params>
          <reporter-output>
          </reporter-output>
        </test-method> <!-- BeforeMethod -->
        <test-method status="PASS" signature="init1(java.lang.String, com.eviware.soapui.impl.wsdl.WsdlTestSuite)[pri:0, instance:mosip.api.scripts.pre_reg_module@2c039ac6]" test-instance-name="Mosip_test_DocumentUpload_fn_Progression_Med_2_EqualToFileSize" name="init1" duration-ms="1240" started-at="2018-12-12T15:09:14Z" data-provider="TestSuite1" finished-at="2018-12-12T15:09:15Z">
          <params>
            <param index="0">
              <value>
                <![CDATA[Mosip_test_DocumentUpload_fn_Progression_Med_2_EqualToFileSize]]>
              </value>
            </param>
            <param index="1">
              <value>
                <![CDATA[com.eviware.soapui.impl.wsdl.WsdlTestSuite@17216605]]>
              </value>
            </param>
          </params>
          <reporter-output>
          </reporter-output>
        </test-method> <!-- init1 -->
        <test-method status="PASS" signature="afterMethod(org.testng.ITestResult)[pri:0, instance:mosip.api.scripts.pre_reg_module@2c039ac6]" test-instance-name="Mosip_test_DocumentUpload_fn_Progression_Med_2_EqualToFileSize" name="afterMethod" is-config="true" duration-ms="0" started-at="2018-12-12T15:09:15Z" finished-at="2018-12-12T15:09:15Z">
          <params>
            <param index="0">
              <value>
                <![CDATA[[TestResult name=Mosip_test_DocumentUpload_fn_Progression_Med_2_EqualToFileSize status=SUCCESS method=pre_reg_module.init1(java.lang.String, com.eviware.soapui.impl.wsdl.WsdlTestSuite)[pri:0, instance:mosip.api.scripts.pre_reg_module@2c039ac6] output={null}]]]>
              </value>
            </param>
          </params>
          <reporter-output>
          </reporter-output>
        </test-method> <!-- afterMethod -->
      </class> <!-- mosip.api.scripts.pre_reg_module -->
    </test> <!-- Functional -->
  </suite> <!-- mosip -->
</testng-results>
